<?xml version="1.0" encoding="UTF-8"?><TestSessionContainer xmlns="http://www.codecover.org/xml/testsession-container" Date="1368448632372" TestSessionContainerId="255d0a39-1329-4cc0-a8cd-fd75d10d46c6" version="1.0">
<SrcFileList>
<SrcFile Content="&#13;&#10;import org.junit.Test;&#13;&#10;&#13;&#10;import junit.framework.TestCase;&#13;&#10;&#13;&#10;&#13;&#10;public class YearTest extends TestCase {&#13;&#10;&#13;&#10;&#9;@Test&#13;&#10;&#9;public void testYearIncrement() {&#13;&#10;&#9;&#9;Year year=new Year(2009);&#13;&#10;&#9;&#9;boolean b=year.increment();&#13;&#10;&#9;&#9;assertTrue(b);&#9;&#9;&#13;&#10;&#9;}&#13;&#10;&#13;&#10;&#9;/**&#13;&#10;&#9; *  测试类：Year&#13;&#10;&#9; *  测试方法：isVaild&#13;&#10;&#9; *  边界值测试&#13;&#10;&#9; */&#13;&#10;&#9;@Test&#13;&#10;&#9;public void testYearIsValid() {&#13;&#10;&#9;&#9;Year year=new Year(1666);&#13;&#10;&#9;&#9;boolean b=year.isValid();&#13;&#10;&#9;&#9;assertTrue(b);&#9;&#13;&#10;&#9;&#9;Year year1=new Year(-1);&#13;&#10;&#9;&#9;boolean b1=year1.isValid();&#13;&#10;&#9;&#9;assertTrue(!b1);&#9;&#13;&#10;&#9;}&#13;&#10;&#13;&#10;&#9;@Test&#13;&#10;&#9;public void testYear() {&#13;&#10;&#9;&#9;Year year=new Year(1666);&#13;&#10;&#9;&#9;assertEquals(1666, year.getCurrentPos());&#13;&#10;&#9;}&#13;&#10;&#13;&#10;&#9;@Test&#13;&#10;&#9;public void testYearSetYear() {&#13;&#10;&#9;&#9;Year year=new Year(1666);&#13;&#10;&#9;&#9;assertEquals(1666, year.getCurrentPos());&#13;&#10;&#9;&#9;year.setYear(1990);&#13;&#10;&#9;&#9;assertEquals(1990, year.getCurrentPos());&#13;&#10;&#9;}&#13;&#10;&#13;&#10;&#9;@Test&#13;&#10;&#9;public void testYearGetYear() {&#13;&#10;&#9;&#9;Year year=new Year(2001);&#13;&#10;&#9;&#9;assertEquals(2001, year.getYear());&#13;&#10;&#9;}&#13;&#10;&#13;&#10;&#9;@Test&#13;&#10;&#9;public void testIsLeap() {&#13;&#10;&#9;&#9;Year year=new Year(1020);&#13;&#10;&#9;&#9;assertTrue(year.isLeap());&#13;&#10;&#9;&#9;Year year1=new Year(1800);&#13;&#10;&#9;&#9;assertTrue(!year1.isLeap());&#13;&#10;&#9;&#9;Year year2=new Year(2000);&#13;&#10;&#9;&#9;assertTrue(year2.isLeap());&#13;&#10;&#9;&#9;Year year3=new Year(1991);&#13;&#10;&#9;&#9;assertTrue(!year3.isLeap());&#13;&#10;&#9;}&#13;&#10;&#13;&#10;&#9;@Test&#13;&#10;&#9;public void testYearEqualsObject() {&#13;&#10;&#9;&#9;Year year=new Year(2002);&#9;&#9;&#13;&#10;&#9;&#9;Year year1=new Year(2002);&#13;&#10;&#9;&#9;boolean b=year.equals(year1);&#13;&#10;&#9;&#9;assertTrue(b);&#13;&#10;&#9;&#9;Year year2=new Year(1002);&#13;&#10;&#9;&#9;boolean b2=year.equals(year2);&#13;&#10;&#9;&#9;assertTrue(!b2);&#13;&#10;&#9;}&#13;&#10;&#13;&#10;}&#13;&#10;" Filename="YearTest.java" Intrnl_Id="1"/>
<SrcFile Content="&#13;&#10;import junit.framework.TestCase;&#13;&#10;&#13;&#10;&#13;&#10;public class Nextday extends TestCase{&#13;&#10;&#13;&#10; &#13;&#10;&#9;&#13;&#10;&#9;&#13;&#10;&#9;&#13;&#10;}&#13;&#10;" Filename="Nextday.java" Intrnl_Id="2"/>
</SrcFileList>
<CritList>
<CritListEntry Name="org.codecover.model.utils.criteria.LoopCoverage" PluginName="org.codecover"/>
<CritListEntry Name="org.codecover.model.utils.criteria.BranchCoverage" PluginName="org.codecover"/>
<CritListEntry Name="org.codecover.model.utils.criteria.ConditionCoverage" PluginName="org.codecover"/>
<CritListEntry Name="org.codecover.model.utils.criteria.SynchronizedStatementCoverage" PluginName="org.codecover"/>
<CritListEntry Name="org.codecover.model.utils.criteria.QMOCoverage" PluginName="org.codecover"/>
<CritListEntry Name="org.codecover.model.utils.criteria.StatementCoverage" PluginName="org.codecover"/>
</CritList>
<BoolOpList/>
<HierarchyLvlTypeList>
<HierarchyLvlType EnglishName="class" IntrnlName="class" Intrnl_Id="3"/>
<HierarchyLvlType EnglishName="method" IntrnlName="method" Intrnl_Id="4"/>
<HierarchyLvlType EnglishName="default package" IntrnlName="default package" Intrnl_Id="5"/>
</HierarchyLvlTypeList>
<MASTRoot>
<HierarchyLvl HierarchyLvlId="231" HierarchyLvlTypeId="5" Intrnl_Id="6" Name="default package">
<Header/>
<LocList/>
<HierarchyLvl HierarchyLvlId="229" HierarchyLvlTypeId="3" Intrnl_Id="7" Name="YearTest">
<Header>
<Loc EndOffset="104" SrcFileId="1" StartOffset="66"/>
</Header>
<LocList>
<Loc EndOffset="1461" SrcFileId="1" StartOffset="66"/>
</LocList>
<HierarchyLvl HierarchyLvlId="222" HierarchyLvlTypeId="4" Intrnl_Id="8" Name="testYearIncrement">
<Header>
<Loc EndOffset="150" SrcFileId="1" StartOffset="111"/>
</Header>
<LocList>
<Loc EndOffset="236" SrcFileId="1" StartOffset="111"/>
</LocList>
<StmntSeq Intrnl_Id="9">
<LocList>
<Loc EndOffset="181" SrcFileId="1" StartOffset="156"/>
<Loc EndOffset="212" SrcFileId="1" StartOffset="185"/>
<Loc EndOffset="230" SrcFileId="1" StartOffset="216"/>
</LocList>
<BasicStmnt CovItemId="S1" CovItemPrefix="YearTest.java" Intrnl_Id="10">
<LocList>
<Loc EndOffset="181" SrcFileId="1" StartOffset="156"/>
</LocList>
</BasicStmnt>
<BasicStmnt CovItemId="S2" CovItemPrefix="YearTest.java" Intrnl_Id="11">
<LocList>
<Loc EndOffset="212" SrcFileId="1" StartOffset="185"/>
</LocList>
</BasicStmnt>
<BasicStmnt CovItemId="S3" CovItemPrefix="YearTest.java" Intrnl_Id="12">
<LocList>
<Loc EndOffset="230" SrcFileId="1" StartOffset="216"/>
</LocList>
</BasicStmnt>
</StmntSeq>
</HierarchyLvl>
<HierarchyLvl HierarchyLvlId="223" HierarchyLvlTypeId="4" Intrnl_Id="13" Name="testYearIsValid">
<Header>
<Loc EndOffset="336" SrcFileId="1" StartOffset="299"/>
</Header>
<LocList>
<Loc EndOffset="499" SrcFileId="1" StartOffset="299"/>
</LocList>
<StmntSeq Intrnl_Id="14">
<LocList>
<Loc EndOffset="367" SrcFileId="1" StartOffset="342"/>
<Loc EndOffset="396" SrcFileId="1" StartOffset="371"/>
<Loc EndOffset="414" SrcFileId="1" StartOffset="400"/>
<Loc EndOffset="443" SrcFileId="1" StartOffset="419"/>
<Loc EndOffset="474" SrcFileId="1" StartOffset="447"/>
<Loc EndOffset="494" SrcFileId="1" StartOffset="478"/>
</LocList>
<BasicStmnt CovItemId="S4" CovItemPrefix="YearTest.java" Intrnl_Id="15">
<LocList>
<Loc EndOffset="367" SrcFileId="1" StartOffset="342"/>
</LocList>
</BasicStmnt>
<BasicStmnt CovItemId="S5" CovItemPrefix="YearTest.java" Intrnl_Id="16">
<LocList>
<Loc EndOffset="396" SrcFileId="1" StartOffset="371"/>
</LocList>
</BasicStmnt>
<BasicStmnt CovItemId="S6" CovItemPrefix="YearTest.java" Intrnl_Id="17">
<LocList>
<Loc EndOffset="414" SrcFileId="1" StartOffset="400"/>
</LocList>
</BasicStmnt>
<BasicStmnt CovItemId="S7" CovItemPrefix="YearTest.java" Intrnl_Id="18">
<LocList>
<Loc EndOffset="443" SrcFileId="1" StartOffset="419"/>
</LocList>
</BasicStmnt>
<BasicStmnt CovItemId="S8" CovItemPrefix="YearTest.java" Intrnl_Id="19">
<LocList>
<Loc EndOffset="474" SrcFileId="1" StartOffset="447"/>
</LocList>
</BasicStmnt>
<BasicStmnt CovItemId="S9" CovItemPrefix="YearTest.java" Intrnl_Id="20">
<LocList>
<Loc EndOffset="494" SrcFileId="1" StartOffset="478"/>
</LocList>
</BasicStmnt>
</StmntSeq>
</HierarchyLvl>
<HierarchyLvl HierarchyLvlId="224" HierarchyLvlTypeId="4" Intrnl_Id="21" Name="testYear">
<Header>
<Loc EndOffset="534" SrcFileId="1" StartOffset="504"/>
</Header>
<LocList>
<Loc EndOffset="614" SrcFileId="1" StartOffset="504"/>
</LocList>
<StmntSeq Intrnl_Id="22">
<LocList>
<Loc EndOffset="565" SrcFileId="1" StartOffset="540"/>
<Loc EndOffset="610" SrcFileId="1" StartOffset="569"/>
</LocList>
<BasicStmnt CovItemId="S10" CovItemPrefix="YearTest.java" Intrnl_Id="23">
<LocList>
<Loc EndOffset="565" SrcFileId="1" StartOffset="540"/>
</LocList>
</BasicStmnt>
<BasicStmnt CovItemId="S11" CovItemPrefix="YearTest.java" Intrnl_Id="24">
<LocList>
<Loc EndOffset="610" SrcFileId="1" StartOffset="569"/>
</LocList>
</BasicStmnt>
</StmntSeq>
</HierarchyLvl>
<HierarchyLvl HierarchyLvlId="225" HierarchyLvlTypeId="4" Intrnl_Id="25" Name="testYearSetYear">
<Header>
<Loc EndOffset="656" SrcFileId="1" StartOffset="619"/>
</Header>
<LocList>
<Loc EndOffset="804" SrcFileId="1" StartOffset="619"/>
</LocList>
<StmntSeq Intrnl_Id="26">
<LocList>
<Loc EndOffset="687" SrcFileId="1" StartOffset="662"/>
<Loc EndOffset="732" SrcFileId="1" StartOffset="691"/>
<Loc EndOffset="755" SrcFileId="1" StartOffset="736"/>
<Loc EndOffset="800" SrcFileId="1" StartOffset="759"/>
</LocList>
<BasicStmnt CovItemId="S12" CovItemPrefix="YearTest.java" Intrnl_Id="27">
<LocList>
<Loc EndOffset="687" SrcFileId="1" StartOffset="662"/>
</LocList>
</BasicStmnt>
<BasicStmnt CovItemId="S13" CovItemPrefix="YearTest.java" Intrnl_Id="28">
<LocList>
<Loc EndOffset="732" SrcFileId="1" StartOffset="691"/>
</LocList>
</BasicStmnt>
<BasicStmnt CovItemId="S14" CovItemPrefix="YearTest.java" Intrnl_Id="29">
<LocList>
<Loc EndOffset="755" SrcFileId="1" StartOffset="736"/>
</LocList>
</BasicStmnt>
<BasicStmnt CovItemId="S15" CovItemPrefix="YearTest.java" Intrnl_Id="30">
<LocList>
<Loc EndOffset="800" SrcFileId="1" StartOffset="759"/>
</LocList>
</BasicStmnt>
</StmntSeq>
</HierarchyLvl>
<HierarchyLvl HierarchyLvlId="226" HierarchyLvlTypeId="4" Intrnl_Id="31" Name="testYearGetYear">
<Header>
<Loc EndOffset="846" SrcFileId="1" StartOffset="809"/>
</Header>
<LocList>
<Loc EndOffset="920" SrcFileId="1" StartOffset="809"/>
</LocList>
<StmntSeq Intrnl_Id="32">
<LocList>
<Loc EndOffset="877" SrcFileId="1" StartOffset="852"/>
<Loc EndOffset="916" SrcFileId="1" StartOffset="881"/>
</LocList>
<BasicStmnt CovItemId="S16" CovItemPrefix="YearTest.java" Intrnl_Id="33">
<LocList>
<Loc EndOffset="877" SrcFileId="1" StartOffset="852"/>
</LocList>
</BasicStmnt>
<BasicStmnt CovItemId="S17" CovItemPrefix="YearTest.java" Intrnl_Id="34">
<LocList>
<Loc EndOffset="916" SrcFileId="1" StartOffset="881"/>
</LocList>
</BasicStmnt>
</StmntSeq>
</HierarchyLvl>
<HierarchyLvl HierarchyLvlId="227" HierarchyLvlTypeId="4" Intrnl_Id="35" Name="testIsLeap">
<Header>
<Loc EndOffset="957" SrcFileId="1" StartOffset="925"/>
</Header>
<LocList>
<Loc EndOffset="1207" SrcFileId="1" StartOffset="925"/>
</LocList>
<StmntSeq Intrnl_Id="36">
<LocList>
<Loc EndOffset="988" SrcFileId="1" StartOffset="963"/>
<Loc EndOffset="1018" SrcFileId="1" StartOffset="992"/>
<Loc EndOffset="1048" SrcFileId="1" StartOffset="1022"/>
<Loc EndOffset="1080" SrcFileId="1" StartOffset="1052"/>
<Loc EndOffset="1110" SrcFileId="1" StartOffset="1084"/>
<Loc EndOffset="1141" SrcFileId="1" StartOffset="1114"/>
<Loc EndOffset="1171" SrcFileId="1" StartOffset="1145"/>
<Loc EndOffset="1203" SrcFileId="1" StartOffset="1175"/>
</LocList>
<BasicStmnt CovItemId="S18" CovItemPrefix="YearTest.java" Intrnl_Id="37">
<LocList>
<Loc EndOffset="988" SrcFileId="1" StartOffset="963"/>
</LocList>
</BasicStmnt>
<BasicStmnt CovItemId="S19" CovItemPrefix="YearTest.java" Intrnl_Id="38">
<LocList>
<Loc EndOffset="1018" SrcFileId="1" StartOffset="992"/>
</LocList>
</BasicStmnt>
<BasicStmnt CovItemId="S20" CovItemPrefix="YearTest.java" Intrnl_Id="39">
<LocList>
<Loc EndOffset="1048" SrcFileId="1" StartOffset="1022"/>
</LocList>
</BasicStmnt>
<BasicStmnt CovItemId="S21" CovItemPrefix="YearTest.java" Intrnl_Id="40">
<LocList>
<Loc EndOffset="1080" SrcFileId="1" StartOffset="1052"/>
</LocList>
</BasicStmnt>
<BasicStmnt CovItemId="S22" CovItemPrefix="YearTest.java" Intrnl_Id="41">
<LocList>
<Loc EndOffset="1110" SrcFileId="1" StartOffset="1084"/>
</LocList>
</BasicStmnt>
<BasicStmnt CovItemId="S23" CovItemPrefix="YearTest.java" Intrnl_Id="42">
<LocList>
<Loc EndOffset="1141" SrcFileId="1" StartOffset="1114"/>
</LocList>
</BasicStmnt>
<BasicStmnt CovItemId="S24" CovItemPrefix="YearTest.java" Intrnl_Id="43">
<LocList>
<Loc EndOffset="1171" SrcFileId="1" StartOffset="1145"/>
</LocList>
</BasicStmnt>
<BasicStmnt CovItemId="S25" CovItemPrefix="YearTest.java" Intrnl_Id="44">
<LocList>
<Loc EndOffset="1203" SrcFileId="1" StartOffset="1175"/>
</LocList>
</BasicStmnt>
</StmntSeq>
</HierarchyLvl>
<HierarchyLvl HierarchyLvlId="228" HierarchyLvlTypeId="4" Intrnl_Id="45" Name="testYearEqualsObject">
<Header>
<Loc EndOffset="1254" SrcFileId="1" StartOffset="1212"/>
</Header>
<LocList>
<Loc EndOffset="1456" SrcFileId="1" StartOffset="1212"/>
</LocList>
<StmntSeq Intrnl_Id="46">
<LocList>
<Loc EndOffset="1285" SrcFileId="1" StartOffset="1260"/>
<Loc EndOffset="1317" SrcFileId="1" StartOffset="1291"/>
<Loc EndOffset="1350" SrcFileId="1" StartOffset="1321"/>
<Loc EndOffset="1368" SrcFileId="1" StartOffset="1354"/>
<Loc EndOffset="1398" SrcFileId="1" StartOffset="1372"/>
<Loc EndOffset="1432" SrcFileId="1" StartOffset="1402"/>
<Loc EndOffset="1452" SrcFileId="1" StartOffset="1436"/>
</LocList>
<BasicStmnt CovItemId="S26" CovItemPrefix="YearTest.java" Intrnl_Id="47">
<LocList>
<Loc EndOffset="1285" SrcFileId="1" StartOffset="1260"/>
</LocList>
</BasicStmnt>
<BasicStmnt CovItemId="S27" CovItemPrefix="YearTest.java" Intrnl_Id="48">
<LocList>
<Loc EndOffset="1317" SrcFileId="1" StartOffset="1291"/>
</LocList>
</BasicStmnt>
<BasicStmnt CovItemId="S28" CovItemPrefix="YearTest.java" Intrnl_Id="49">
<LocList>
<Loc EndOffset="1350" SrcFileId="1" StartOffset="1321"/>
</LocList>
</BasicStmnt>
<BasicStmnt CovItemId="S29" CovItemPrefix="YearTest.java" Intrnl_Id="50">
<LocList>
<Loc EndOffset="1368" SrcFileId="1" StartOffset="1354"/>
</LocList>
</BasicStmnt>
<BasicStmnt CovItemId="S30" CovItemPrefix="YearTest.java" Intrnl_Id="51">
<LocList>
<Loc EndOffset="1398" SrcFileId="1" StartOffset="1372"/>
</LocList>
</BasicStmnt>
<BasicStmnt CovItemId="S31" CovItemPrefix="YearTest.java" Intrnl_Id="52">
<LocList>
<Loc EndOffset="1432" SrcFileId="1" StartOffset="1402"/>
</LocList>
</BasicStmnt>
<BasicStmnt CovItemId="S32" CovItemPrefix="YearTest.java" Intrnl_Id="53">
<LocList>
<Loc EndOffset="1452" SrcFileId="1" StartOffset="1436"/>
</LocList>
</BasicStmnt>
</StmntSeq>
</HierarchyLvl>
</HierarchyLvl>
<HierarchyLvl HierarchyLvlId="230" HierarchyLvlTypeId="3" Intrnl_Id="54" Name="Nextday">
<Header>
<Loc EndOffset="77" SrcFileId="2" StartOffset="40"/>
</Header>
<LocList>
<Loc EndOffset="95" SrcFileId="2" StartOffset="40"/>
</LocList>
</HierarchyLvl>
</HierarchyLvl>
</MASTRoot>
</TestSessionContainer>
