<?xml version="1.0" encoding="UTF-8"?><TestSessionContainer xmlns="http://www.codecover.org/xml/testsession-container" Date="1368448647134" TestSessionContainerId="c7620e0f-67e3-4b00-ae67-ba67e9e6a6bb" version="1.0">
<SrcFileList>
<SrcFile Content="public class Day extends CalendarUnit {&#13;&#10;&#9;private Month m;&#13;&#10;&#13;&#10;&#9;public Day(int pDay, Month m) {&#13;&#10;&#9;&#9;setDay(pDay, m);&#13;&#10;&#9;}&#13;&#10;&#13;&#10;&#9;public boolean increment() {&#13;&#10;&#9;&#9;currentPos += 1;&#13;&#10;&#9;&#9;if (currentPos &lt;= m.getMonthSize())&#13;&#10;&#9;&#9;&#9;return true;&#13;&#10;&#9;&#9;else&#13;&#10;&#9;&#9;&#9;return false;&#13;&#10;&#9;}&#13;&#10;&#13;&#10;&#9;public void setDay(int pDay, Month m) {&#13;&#10;&#9;&#9;setCurrentPos(pDay);&#13;&#10;&#9;&#9;this.m = m;&#13;&#10;&#9;&#9;if (!this.isValid()) {&#13;&#10;&#9;&#9;&#9;throw new IllegalArgumentException(&quot;Not a valid day&quot;);&#13;&#10;&#9;&#9;}&#13;&#10;&#9;}&#13;&#10;&#13;&#10;&#9;public int getDay() {&#13;&#10;&#9;&#9;return currentPos;&#13;&#10;&#9;}&#13;&#10;&#13;&#10;&#9;public boolean isValid() {&#13;&#10;&#9;&#9;if (m != null &amp;&amp; m.isValid())&#13;&#10;&#9;&#9;&#9;if (this.currentPos &gt;= 1 &amp;&amp; this.currentPos &lt;= m.getMonthSize())&#13;&#10;&#9;&#9;&#9;&#9;return true;&#13;&#10;&#9;&#9;return false;&#13;&#10;&#13;&#10;&#9;}&#13;&#10;&#13;&#10;&#9;public boolean equals(Object o) {&#13;&#10;&#9;&#9;if (o instanceof Day) {&#13;&#10;&#9;&#9;&#9;if (this.currentPos == ((Day) o).currentPos&#13;&#10;&#9;&#9;&#9;&#9;&#9;&amp;&amp; this.m.equals(((Day) o).m))&#13;&#10;&#9;&#9;&#9;&#9;return true;&#13;&#10;&#9;&#9;}&#13;&#10;&#9;&#9;return false;&#13;&#10;&#9;}&#13;&#10;}&#13;&#10;" Filename="Day.java" Intrnl_Id="1"/>
<SrcFile Content="public class Date {&#13;&#10;&#9;private Day d;&#13;&#10;&#9;private Month m;&#13;&#10;&#9;private Year y;&#13;&#10;&#13;&#10;&#9;public Date(int pMonth, int pDay, int pYear) {&#13;&#10;&#9;&#9;y = new Year(pYear);&#13;&#10;&#9;&#9;m = new Month(pMonth, y);&#13;&#10;&#9;&#9;d = new Day(pDay, m);&#13;&#10;&#9;}&#13;&#10;&#13;&#10;&#9;public void increment() {&#13;&#10;&#9;&#9;if (!d.increment()) {&#13;&#10;&#9;&#9;&#9;if (!m.increment()) {&#13;&#10;&#9;&#9;&#9;&#9;y.increment();&#13;&#10;&#9;&#9;&#9;&#9;m.setMonth(1, y);&#13;&#10;&#9;&#9;&#9;}&#13;&#10;&#9;&#9;&#9;d.setDay(1, m);&#13;&#10;&#9;&#9;}&#13;&#10;&#9;}&#13;&#10;&#13;&#10;&#9;public void printDate() {&#13;&#10;&#9;&#9;System.out.println(m.getMonth() + &quot;/&quot; + d.getDay() + &quot;/&quot; + y.getYear());&#13;&#10;&#9;}&#13;&#10;&#13;&#10;&#9;public Day getDay() {&#13;&#10;&#9;&#9;return d;&#13;&#10;&#9;}&#13;&#10;&#13;&#10;&#9;public Month getMonth() {&#13;&#10;&#9;&#9;return m;&#13;&#10;&#9;}&#13;&#10;&#13;&#10;&#9;public Year getYear() {&#13;&#10;&#9;&#9;return y;&#13;&#10;&#9;}&#13;&#10;&#13;&#10;&#9;public boolean equals(Object o) {&#13;&#10;&#9;&#9;if (o instanceof Date) {&#13;&#10;&#9;&#9;&#9;if (this.y.equals(((Date) o).y) &amp;&amp; this.m.equals(((Date) o).m)&#13;&#10;&#9;&#9;&#9;&#9;&#9;&amp;&amp; this.d.equals(((Date) o).d))&#13;&#10;&#9;&#9;&#9;&#9;return true;&#13;&#10;&#9;&#9;}&#13;&#10;&#9;&#9;return false;&#13;&#10;&#9;}&#13;&#10;&#13;&#10;&#9;public String toString() {&#13;&#10;&#9;&#9;return (m.getMonth() + &quot;/&quot; + d.getDay() + &quot;/&quot; + y.getYear());&#13;&#10;&#9;}&#13;&#10;}&#13;&#10;" Filename="Date.java" Intrnl_Id="2"/>
<SrcFile Content="public abstract class CalendarUnit {&#13;&#10;&#9;protected int currentPos;&#13;&#10;&#13;&#10;&#9;protected void setCurrentPos(int pCurrentPos) {&#13;&#10;&#9;&#9;currentPos = pCurrentPos;&#13;&#10;&#9;}&#13;&#10;&#13;&#10;&#9;protected int getCurrentPos() {&#13;&#10;&#9;&#9;return currentPos;&#13;&#10;&#9;}&#13;&#10;&#13;&#10;&#9;protected abstract boolean increment();&#13;&#10;&#9;protected abstract boolean isValid();&#13;&#10;}&#13;&#10;" Filename="CalendarUnit.java" Intrnl_Id="3"/>
</SrcFileList>
<CritList>
<CritListEntry Name="org.codecover.model.utils.criteria.LoopCoverage" PluginName="org.codecover"/>
<CritListEntry Name="org.codecover.model.utils.criteria.BranchCoverage" PluginName="org.codecover"/>
<CritListEntry Name="org.codecover.model.utils.criteria.ConditionCoverage" PluginName="org.codecover"/>
<CritListEntry Name="org.codecover.model.utils.criteria.SynchronizedStatementCoverage" PluginName="org.codecover"/>
<CritListEntry Name="org.codecover.model.utils.criteria.QMOCoverage" PluginName="org.codecover"/>
<CritListEntry Name="org.codecover.model.utils.criteria.StatementCoverage" PluginName="org.codecover"/>
</CritList>
<BoolOpList>
<BoolOp Arity="1" Intrnl_Id="4" Name="not (!)">
<BoolAssgnmntBoolMapList>
<MapEntry BoolAssgnmnt="0" Value="true"/>
<MapEntry BoolAssgnmnt="1" Value="false"/>
</BoolAssgnmntBoolMapList>
</BoolOp>
<BoolOp Arity="2" Intrnl_Id="5" Name="conditional and (&amp;&amp;)">
<BoolAssgnmntBoolMapList>
<MapEntry BoolAssgnmnt="10" Value="false"/>
<MapEntry BoolAssgnmnt="02" Value="false"/>
<MapEntry BoolAssgnmnt="11" Value="true"/>
</BoolAssgnmntBoolMapList>
</BoolOp>
</BoolOpList>
<HierarchyLvlTypeList>
<HierarchyLvlType EnglishName="class" IntrnlName="class" Intrnl_Id="6"/>
<HierarchyLvlType EnglishName="method" IntrnlName="method" Intrnl_Id="7"/>
<HierarchyLvlType EnglishName="default package" IntrnlName="default package" Intrnl_Id="8"/>
</HierarchyLvlTypeList>
<MASTRoot>
<HierarchyLvl HierarchyLvlId="284" HierarchyLvlTypeId="8" Intrnl_Id="9" Name="default package">
<Header/>
<LocList/>
<HierarchyLvl HierarchyLvlId="269" HierarchyLvlTypeId="6" Intrnl_Id="10" Name="Day">
<Header>
<Loc EndOffset="37" SrcFileId="1" StartOffset="0"/>
</Header>
<LocList>
<Loc EndOffset="857" SrcFileId="1" StartOffset="0"/>
</LocList>
<HierarchyLvl HierarchyLvlId="263" HierarchyLvlTypeId="7" Intrnl_Id="11" Name="Day">
<Header>
<Loc EndOffset="92" SrcFileId="1" StartOffset="63"/>
</Header>
<LocList>
<Loc EndOffset="118" SrcFileId="1" StartOffset="63"/>
</LocList>
<StmntSeq Intrnl_Id="12">
<LocList>
<Loc EndOffset="114" SrcFileId="1" StartOffset="98"/>
</LocList>
<BasicStmnt CovItemId="S1" CovItemPrefix="Day.java" Intrnl_Id="13">
<LocList>
<Loc EndOffset="114" SrcFileId="1" StartOffset="98"/>
</LocList>
</BasicStmnt>
</StmntSeq>
</HierarchyLvl>
<HierarchyLvl HierarchyLvlId="264" HierarchyLvlTypeId="7" Intrnl_Id="14" Name="increment">
<Header>
<Loc EndOffset="149" SrcFileId="1" StartOffset="123"/>
</Header>
<LocList>
<Loc EndOffset="257" SrcFileId="1" StartOffset="123"/>
</LocList>
<StmntSeq Intrnl_Id="15">
<LocList>
<Loc EndOffset="171" SrcFileId="1" StartOffset="155"/>
<Loc EndOffset="253" SrcFileId="1" StartOffset="175"/>
</LocList>
<BasicStmnt CovItemId="S2" CovItemPrefix="Day.java" Intrnl_Id="16">
<LocList>
<Loc EndOffset="171" SrcFileId="1" StartOffset="155"/>
</LocList>
</BasicStmnt>
<CondStmnt CovItemId="S3" CovItemPrefix="Day.java" Intrnl_Id="17">
<Branch CovItemId="B1" CovItemPrefix="Day.java" Implct="false" Intrnl_Id="18">
<Cond/>
<LocList>
<Loc EndOffset="227" SrcFileId="1" StartOffset="215"/>
</LocList>
<StmntSeq Intrnl_Id="19">
<LocList>
<Loc EndOffset="227" SrcFileId="1" StartOffset="215"/>
</LocList>
<BasicStmnt CovItemId="S4" CovItemPrefix="Day.java" Intrnl_Id="20">
<LocList>
<Loc EndOffset="227" SrcFileId="1" StartOffset="215"/>
</LocList>
</BasicStmnt>
</StmntSeq>
</Branch>
<Branch CovItemId="B2" CovItemPrefix="Day.java" Implct="false" Intrnl_Id="21">
<Cond>
<Loc EndOffset="235" SrcFileId="1" StartOffset="231"/>
</Cond>
<LocList>
<Loc EndOffset="253" SrcFileId="1" StartOffset="240"/>
</LocList>
<StmntSeq Intrnl_Id="22">
<LocList>
<Loc EndOffset="253" SrcFileId="1" StartOffset="240"/>
</LocList>
<BasicStmnt CovItemId="S5" CovItemPrefix="Day.java" Intrnl_Id="23">
<LocList>
<Loc EndOffset="253" SrcFileId="1" StartOffset="240"/>
</LocList>
</BasicStmnt>
</StmntSeq>
</Branch>
<Keyword EndOffset="177" SrcFileId="1" StartOffset="175"/>
<LocList>
<Loc EndOffset="253" SrcFileId="1" StartOffset="175"/>
</LocList>
<RootTerm CovItemId="C1" CovItemPrefix="Day.java" Intrnl_Id="24">
<BasicBoolTerm Intrnl_Id="25">
<LocList>
<Loc EndOffset="209" SrcFileId="1" StartOffset="179"/>
</LocList>
</BasicBoolTerm>
</RootTerm>
</CondStmnt>
</StmntSeq>
</HierarchyLvl>
<HierarchyLvl HierarchyLvlId="265" HierarchyLvlTypeId="7" Intrnl_Id="26" Name="setDay">
<Header>
<Loc EndOffset="299" SrcFileId="1" StartOffset="262"/>
</Header>
<LocList>
<Loc EndOffset="434" SrcFileId="1" StartOffset="262"/>
</LocList>
<StmntSeq Intrnl_Id="27">
<LocList>
<Loc EndOffset="325" SrcFileId="1" StartOffset="305"/>
<Loc EndOffset="340" SrcFileId="1" StartOffset="329"/>
<Loc EndOffset="430" SrcFileId="1" StartOffset="344"/>
</LocList>
<BasicStmnt CovItemId="S6" CovItemPrefix="Day.java" Intrnl_Id="28">
<LocList>
<Loc EndOffset="325" SrcFileId="1" StartOffset="305"/>
</LocList>
</BasicStmnt>
<BasicStmnt CovItemId="S7" CovItemPrefix="Day.java" Intrnl_Id="29">
<LocList>
<Loc EndOffset="340" SrcFileId="1" StartOffset="329"/>
</LocList>
</BasicStmnt>
<CondStmnt CovItemId="S8" CovItemPrefix="Day.java" Intrnl_Id="30">
<Branch CovItemId="B3" CovItemPrefix="Day.java" Implct="false" Intrnl_Id="31">
<Cond/>
<LocList>
<Loc EndOffset="430" SrcFileId="1" StartOffset="365"/>
</LocList>
<StmntSeq Intrnl_Id="32">
<LocList>
<Loc EndOffset="425" SrcFileId="1" StartOffset="371"/>
</LocList>
<BasicStmnt CovItemId="S9" CovItemPrefix="Day.java" Intrnl_Id="33">
<LocList>
<Loc EndOffset="425" SrcFileId="1" StartOffset="371"/>
</LocList>
</BasicStmnt>
</StmntSeq>
</Branch>
<Branch CovItemId="B4" CovItemPrefix="Day.java" Implct="true" Intrnl_Id="34">
<Cond/>
<LocList/>
<StmntSeq Intrnl_Id="35">
<LocList/>
</StmntSeq>
</Branch>
<Keyword EndOffset="346" SrcFileId="1" StartOffset="344"/>
<LocList>
<Loc EndOffset="430" SrcFileId="1" StartOffset="344"/>
</LocList>
<RootTerm CovItemId="C2" CovItemPrefix="Day.java" Intrnl_Id="36">
<OpTerm BooleanOpId="4" Intrnl_Id="37">
<BasicBoolTerm Intrnl_Id="38">
<LocList>
<Loc EndOffset="363" SrcFileId="1" StartOffset="349"/>
</LocList>
</BasicBoolTerm>
<LocList>
<Loc EndOffset="349" SrcFileId="1" StartOffset="348"/>
</LocList>
</OpTerm>
</RootTerm>
</CondStmnt>
</StmntSeq>
</HierarchyLvl>
<HierarchyLvl HierarchyLvlId="266" HierarchyLvlTypeId="7" Intrnl_Id="39" Name="getDay">
<Header>
<Loc EndOffset="458" SrcFileId="1" StartOffset="439"/>
</Header>
<LocList>
<Loc EndOffset="486" SrcFileId="1" StartOffset="439"/>
</LocList>
<StmntSeq Intrnl_Id="40">
<LocList>
<Loc EndOffset="482" SrcFileId="1" StartOffset="464"/>
</LocList>
<BasicStmnt CovItemId="S10" CovItemPrefix="Day.java" Intrnl_Id="41">
<LocList>
<Loc EndOffset="482" SrcFileId="1" StartOffset="464"/>
</LocList>
</BasicStmnt>
</StmntSeq>
</HierarchyLvl>
<HierarchyLvl HierarchyLvlId="267" HierarchyLvlTypeId="7" Intrnl_Id="42" Name="isValid">
<Header>
<Loc EndOffset="515" SrcFileId="1" StartOffset="491"/>
</Header>
<LocList>
<Loc EndOffset="660" SrcFileId="1" StartOffset="491"/>
</LocList>
<StmntSeq Intrnl_Id="43">
<LocList>
<Loc EndOffset="637" SrcFileId="1" StartOffset="521"/>
<Loc EndOffset="654" SrcFileId="1" StartOffset="641"/>
</LocList>
<CondStmnt CovItemId="S11" CovItemPrefix="Day.java" Intrnl_Id="44">
<Branch CovItemId="B5" CovItemPrefix="Day.java" Implct="false" Intrnl_Id="45">
<Cond/>
<LocList>
<Loc EndOffset="637" SrcFileId="1" StartOffset="555"/>
</LocList>
<StmntSeq Intrnl_Id="46">
<LocList>
<Loc EndOffset="637" SrcFileId="1" StartOffset="555"/>
</LocList>
<CondStmnt CovItemId="S12" CovItemPrefix="Day.java" Intrnl_Id="47">
<Branch CovItemId="B7" CovItemPrefix="Day.java" Implct="false" Intrnl_Id="48">
<Cond/>
<LocList>
<Loc EndOffset="637" SrcFileId="1" StartOffset="625"/>
</LocList>
<StmntSeq Intrnl_Id="49">
<LocList>
<Loc EndOffset="637" SrcFileId="1" StartOffset="625"/>
</LocList>
<BasicStmnt CovItemId="S13" CovItemPrefix="Day.java" Intrnl_Id="50">
<LocList>
<Loc EndOffset="637" SrcFileId="1" StartOffset="625"/>
</LocList>
</BasicStmnt>
</StmntSeq>
</Branch>
<Branch CovItemId="B8" CovItemPrefix="Day.java" Implct="true" Intrnl_Id="51">
<Cond/>
<LocList/>
<StmntSeq Intrnl_Id="52">
<LocList/>
</StmntSeq>
</Branch>
<Keyword EndOffset="557" SrcFileId="1" StartOffset="555"/>
<LocList>
<Loc EndOffset="637" SrcFileId="1" StartOffset="555"/>
</LocList>
<RootTerm CovItemId="C4" CovItemPrefix="Day.java" Intrnl_Id="53">
<OpTerm BooleanOpId="5" Intrnl_Id="54">
<BasicBoolTerm Intrnl_Id="55">
<LocList>
<Loc EndOffset="579" SrcFileId="1" StartOffset="559"/>
</LocList>
</BasicBoolTerm>
<BasicBoolTerm Intrnl_Id="56">
<LocList>
<Loc EndOffset="618" SrcFileId="1" StartOffset="583"/>
</LocList>
</BasicBoolTerm>
<LocList>
<Loc EndOffset="582" SrcFileId="1" StartOffset="580"/>
</LocList>
</OpTerm>
</RootTerm>
</CondStmnt>
</StmntSeq>
</Branch>
<Branch CovItemId="B6" CovItemPrefix="Day.java" Implct="true" Intrnl_Id="57">
<Cond/>
<LocList/>
<StmntSeq Intrnl_Id="58">
<LocList/>
</StmntSeq>
</Branch>
<Keyword EndOffset="523" SrcFileId="1" StartOffset="521"/>
<LocList>
<Loc EndOffset="637" SrcFileId="1" StartOffset="521"/>
</LocList>
<RootTerm CovItemId="C3" CovItemPrefix="Day.java" Intrnl_Id="59">
<OpTerm BooleanOpId="5" Intrnl_Id="60">
<BasicBoolTerm Intrnl_Id="61">
<LocList>
<Loc EndOffset="534" SrcFileId="1" StartOffset="525"/>
</LocList>
</BasicBoolTerm>
<BasicBoolTerm Intrnl_Id="62">
<LocList>
<Loc EndOffset="549" SrcFileId="1" StartOffset="538"/>
</LocList>
</BasicBoolTerm>
<LocList>
<Loc EndOffset="537" SrcFileId="1" StartOffset="535"/>
</LocList>
</OpTerm>
</RootTerm>
</CondStmnt>
<BasicStmnt CovItemId="S14" CovItemPrefix="Day.java" Intrnl_Id="63">
<LocList>
<Loc EndOffset="654" SrcFileId="1" StartOffset="641"/>
</LocList>
</BasicStmnt>
</StmntSeq>
</HierarchyLvl>
<HierarchyLvl HierarchyLvlId="268" HierarchyLvlTypeId="7" Intrnl_Id="64" Name="equals">
<Header>
<Loc EndOffset="696" SrcFileId="1" StartOffset="665"/>
</Header>
<LocList>
<Loc EndOffset="854" SrcFileId="1" StartOffset="665"/>
</LocList>
<StmntSeq Intrnl_Id="65">
<LocList>
<Loc EndOffset="833" SrcFileId="1" StartOffset="702"/>
<Loc EndOffset="850" SrcFileId="1" StartOffset="837"/>
</LocList>
<CondStmnt CovItemId="S15" CovItemPrefix="Day.java" Intrnl_Id="66">
<Branch CovItemId="B9" CovItemPrefix="Day.java" Implct="false" Intrnl_Id="67">
<Cond/>
<LocList>
<Loc EndOffset="833" SrcFileId="1" StartOffset="724"/>
</LocList>
<StmntSeq Intrnl_Id="68">
<LocList>
<Loc EndOffset="828" SrcFileId="1" StartOffset="730"/>
</LocList>
<CondStmnt CovItemId="S16" CovItemPrefix="Day.java" Intrnl_Id="69">
<Branch CovItemId="B11" CovItemPrefix="Day.java" Implct="false" Intrnl_Id="70">
<Cond/>
<LocList>
<Loc EndOffset="828" SrcFileId="1" StartOffset="816"/>
</LocList>
<StmntSeq Intrnl_Id="71">
<LocList>
<Loc EndOffset="828" SrcFileId="1" StartOffset="816"/>
</LocList>
<BasicStmnt CovItemId="S17" CovItemPrefix="Day.java" Intrnl_Id="72">
<LocList>
<Loc EndOffset="828" SrcFileId="1" StartOffset="816"/>
</LocList>
</BasicStmnt>
</StmntSeq>
</Branch>
<Branch CovItemId="B12" CovItemPrefix="Day.java" Implct="true" Intrnl_Id="73">
<Cond/>
<LocList/>
<StmntSeq Intrnl_Id="74">
<LocList/>
</StmntSeq>
</Branch>
<Keyword EndOffset="732" SrcFileId="1" StartOffset="730"/>
<LocList>
<Loc EndOffset="828" SrcFileId="1" StartOffset="730"/>
</LocList>
<RootTerm CovItemId="C6" CovItemPrefix="Day.java" Intrnl_Id="75">
<OpTerm BooleanOpId="5" Intrnl_Id="76">
<BasicBoolTerm Intrnl_Id="77">
<LocList>
<Loc EndOffset="773" SrcFileId="1" StartOffset="734"/>
</LocList>
</BasicBoolTerm>
<BasicBoolTerm Intrnl_Id="78">
<LocList>
<Loc EndOffset="809" SrcFileId="1" StartOffset="783"/>
</LocList>
</BasicBoolTerm>
<LocList>
<Loc EndOffset="782" SrcFileId="1" StartOffset="780"/>
</LocList>
</OpTerm>
</RootTerm>
</CondStmnt>
</StmntSeq>
</Branch>
<Branch CovItemId="B10" CovItemPrefix="Day.java" Implct="true" Intrnl_Id="79">
<Cond/>
<LocList/>
<StmntSeq Intrnl_Id="80">
<LocList/>
</StmntSeq>
</Branch>
<Keyword EndOffset="704" SrcFileId="1" StartOffset="702"/>
<LocList>
<Loc EndOffset="833" SrcFileId="1" StartOffset="702"/>
</LocList>
<RootTerm CovItemId="C5" CovItemPrefix="Day.java" Intrnl_Id="81">
<BasicBoolTerm Intrnl_Id="82">
<LocList>
<Loc EndOffset="722" SrcFileId="1" StartOffset="706"/>
</LocList>
</BasicBoolTerm>
</RootTerm>
</CondStmnt>
<BasicStmnt CovItemId="S18" CovItemPrefix="Day.java" Intrnl_Id="83">
<LocList>
<Loc EndOffset="850" SrcFileId="1" StartOffset="837"/>
</LocList>
</BasicStmnt>
</StmntSeq>
</HierarchyLvl>
</HierarchyLvl>
<HierarchyLvl HierarchyLvlId="278" HierarchyLvlTypeId="6" Intrnl_Id="84" Name="Date">
<Header>
<Loc EndOffset="17" SrcFileId="2" StartOffset="0"/>
</Header>
<LocList>
<Loc EndOffset="928" SrcFileId="2" StartOffset="0"/>
</LocList>
<HierarchyLvl HierarchyLvlId="270" HierarchyLvlTypeId="7" Intrnl_Id="85" Name="Date">
<Header>
<Loc EndOffset="122" SrcFileId="2" StartOffset="78"/>
</Header>
<LocList>
<Loc EndOffset="206" SrcFileId="2" StartOffset="78"/>
</LocList>
<StmntSeq Intrnl_Id="86">
<LocList>
<Loc EndOffset="148" SrcFileId="2" StartOffset="128"/>
<Loc EndOffset="177" SrcFileId="2" StartOffset="152"/>
<Loc EndOffset="202" SrcFileId="2" StartOffset="181"/>
</LocList>
<BasicStmnt CovItemId="S1" CovItemPrefix="Date.java" Intrnl_Id="87">
<LocList>
<Loc EndOffset="148" SrcFileId="2" StartOffset="128"/>
</LocList>
</BasicStmnt>
<BasicStmnt CovItemId="S2" CovItemPrefix="Date.java" Intrnl_Id="88">
<LocList>
<Loc EndOffset="177" SrcFileId="2" StartOffset="152"/>
</LocList>
</BasicStmnt>
<BasicStmnt CovItemId="S3" CovItemPrefix="Date.java" Intrnl_Id="89">
<LocList>
<Loc EndOffset="202" SrcFileId="2" StartOffset="181"/>
</LocList>
</BasicStmnt>
</StmntSeq>
</HierarchyLvl>
<HierarchyLvl HierarchyLvlId="271" HierarchyLvlTypeId="7" Intrnl_Id="90" Name="increment">
<Header>
<Loc EndOffset="234" SrcFileId="2" StartOffset="211"/>
</Header>
<LocList>
<Loc EndOffset="365" SrcFileId="2" StartOffset="211"/>
</LocList>
<StmntSeq Intrnl_Id="91">
<LocList>
<Loc EndOffset="361" SrcFileId="2" StartOffset="240"/>
</LocList>
<CondStmnt CovItemId="S4" CovItemPrefix="Date.java" Intrnl_Id="92">
<Branch CovItemId="B1" CovItemPrefix="Date.java" Implct="false" Intrnl_Id="93">
<Cond/>
<LocList>
<Loc EndOffset="361" SrcFileId="2" StartOffset="260"/>
</LocList>
<StmntSeq Intrnl_Id="94">
<LocList>
<Loc EndOffset="336" SrcFileId="2" StartOffset="266"/>
<Loc EndOffset="356" SrcFileId="2" StartOffset="341"/>
</LocList>
<CondStmnt CovItemId="S5" CovItemPrefix="Date.java" Intrnl_Id="95">
<Branch CovItemId="B3" CovItemPrefix="Date.java" Implct="false" Intrnl_Id="96">
<Cond/>
<LocList>
<Loc EndOffset="336" SrcFileId="2" StartOffset="286"/>
</LocList>
<StmntSeq Intrnl_Id="97">
<LocList>
<Loc EndOffset="307" SrcFileId="2" StartOffset="293"/>
<Loc EndOffset="330" SrcFileId="2" StartOffset="313"/>
</LocList>
<BasicStmnt CovItemId="S6" CovItemPrefix="Date.java" Intrnl_Id="98">
<LocList>
<Loc EndOffset="307" SrcFileId="2" StartOffset="293"/>
</LocList>
</BasicStmnt>
<BasicStmnt CovItemId="S7" CovItemPrefix="Date.java" Intrnl_Id="99">
<LocList>
<Loc EndOffset="330" SrcFileId="2" StartOffset="313"/>
</LocList>
</BasicStmnt>
</StmntSeq>
</Branch>
<Branch CovItemId="B4" CovItemPrefix="Date.java" Implct="true" Intrnl_Id="100">
<Cond/>
<LocList/>
<StmntSeq Intrnl_Id="101">
<LocList/>
</StmntSeq>
</Branch>
<Keyword EndOffset="268" SrcFileId="2" StartOffset="266"/>
<LocList>
<Loc EndOffset="336" SrcFileId="2" StartOffset="266"/>
</LocList>
<RootTerm CovItemId="C2" CovItemPrefix="Date.java" Intrnl_Id="102">
<OpTerm BooleanOpId="4" Intrnl_Id="103">
<BasicBoolTerm Intrnl_Id="104">
<LocList>
<Loc EndOffset="284" SrcFileId="2" StartOffset="271"/>
</LocList>
</BasicBoolTerm>
<LocList>
<Loc EndOffset="271" SrcFileId="2" StartOffset="270"/>
</LocList>
</OpTerm>
</RootTerm>
</CondStmnt>
<BasicStmnt CovItemId="S8" CovItemPrefix="Date.java" Intrnl_Id="105">
<LocList>
<Loc EndOffset="356" SrcFileId="2" StartOffset="341"/>
</LocList>
</BasicStmnt>
</StmntSeq>
</Branch>
<Branch CovItemId="B2" CovItemPrefix="Date.java" Implct="true" Intrnl_Id="106">
<Cond/>
<LocList/>
<StmntSeq Intrnl_Id="107">
<LocList/>
</StmntSeq>
</Branch>
<Keyword EndOffset="242" SrcFileId="2" StartOffset="240"/>
<LocList>
<Loc EndOffset="361" SrcFileId="2" StartOffset="240"/>
</LocList>
<RootTerm CovItemId="C1" CovItemPrefix="Date.java" Intrnl_Id="108">
<OpTerm BooleanOpId="4" Intrnl_Id="109">
<BasicBoolTerm Intrnl_Id="110">
<LocList>
<Loc EndOffset="258" SrcFileId="2" StartOffset="245"/>
</LocList>
</BasicBoolTerm>
<LocList>
<Loc EndOffset="245" SrcFileId="2" StartOffset="244"/>
</LocList>
</OpTerm>
</RootTerm>
</CondStmnt>
</StmntSeq>
</HierarchyLvl>
<HierarchyLvl HierarchyLvlId="272" HierarchyLvlTypeId="7" Intrnl_Id="111" Name="printDate">
<Header>
<Loc EndOffset="393" SrcFileId="2" StartOffset="370"/>
</Header>
<LocList>
<Loc EndOffset="475" SrcFileId="2" StartOffset="370"/>
</LocList>
<StmntSeq Intrnl_Id="112">
<LocList>
<Loc EndOffset="471" SrcFileId="2" StartOffset="399"/>
</LocList>
<BasicStmnt CovItemId="S9" CovItemPrefix="Date.java" Intrnl_Id="113">
<LocList>
<Loc EndOffset="471" SrcFileId="2" StartOffset="399"/>
</LocList>
</BasicStmnt>
</StmntSeq>
</HierarchyLvl>
<HierarchyLvl HierarchyLvlId="273" HierarchyLvlTypeId="7" Intrnl_Id="114" Name="getDay">
<Header>
<Loc EndOffset="499" SrcFileId="2" StartOffset="480"/>
</Header>
<LocList>
<Loc EndOffset="518" SrcFileId="2" StartOffset="480"/>
</LocList>
<StmntSeq Intrnl_Id="115">
<LocList>
<Loc EndOffset="514" SrcFileId="2" StartOffset="505"/>
</LocList>
<BasicStmnt CovItemId="S10" CovItemPrefix="Date.java" Intrnl_Id="116">
<LocList>
<Loc EndOffset="514" SrcFileId="2" StartOffset="505"/>
</LocList>
</BasicStmnt>
</StmntSeq>
</HierarchyLvl>
<HierarchyLvl HierarchyLvlId="274" HierarchyLvlTypeId="7" Intrnl_Id="117" Name="getMonth">
<Header>
<Loc EndOffset="546" SrcFileId="2" StartOffset="523"/>
</Header>
<LocList>
<Loc EndOffset="565" SrcFileId="2" StartOffset="523"/>
</LocList>
<StmntSeq Intrnl_Id="118">
<LocList>
<Loc EndOffset="561" SrcFileId="2" StartOffset="552"/>
</LocList>
<BasicStmnt CovItemId="S11" CovItemPrefix="Date.java" Intrnl_Id="119">
<LocList>
<Loc EndOffset="561" SrcFileId="2" StartOffset="552"/>
</LocList>
</BasicStmnt>
</StmntSeq>
</HierarchyLvl>
<HierarchyLvl HierarchyLvlId="275" HierarchyLvlTypeId="7" Intrnl_Id="120" Name="getYear">
<Header>
<Loc EndOffset="591" SrcFileId="2" StartOffset="570"/>
</Header>
<LocList>
<Loc EndOffset="610" SrcFileId="2" StartOffset="570"/>
</LocList>
<StmntSeq Intrnl_Id="121">
<LocList>
<Loc EndOffset="606" SrcFileId="2" StartOffset="597"/>
</LocList>
<BasicStmnt CovItemId="S12" CovItemPrefix="Date.java" Intrnl_Id="122">
<LocList>
<Loc EndOffset="606" SrcFileId="2" StartOffset="597"/>
</LocList>
</BasicStmnt>
</StmntSeq>
</HierarchyLvl>
<HierarchyLvl HierarchyLvlId="276" HierarchyLvlTypeId="7" Intrnl_Id="123" Name="equals">
<Header>
<Loc EndOffset="646" SrcFileId="2" StartOffset="615"/>
</Header>
<LocList>
<Loc EndOffset="825" SrcFileId="2" StartOffset="615"/>
</LocList>
<StmntSeq Intrnl_Id="124">
<LocList>
<Loc EndOffset="804" SrcFileId="2" StartOffset="652"/>
<Loc EndOffset="821" SrcFileId="2" StartOffset="808"/>
</LocList>
<CondStmnt CovItemId="S13" CovItemPrefix="Date.java" Intrnl_Id="125">
<Branch CovItemId="B5" CovItemPrefix="Date.java" Implct="false" Intrnl_Id="126">
<Cond/>
<LocList>
<Loc EndOffset="804" SrcFileId="2" StartOffset="675"/>
</LocList>
<StmntSeq Intrnl_Id="127">
<LocList>
<Loc EndOffset="799" SrcFileId="2" StartOffset="681"/>
</LocList>
<CondStmnt CovItemId="S14" CovItemPrefix="Date.java" Intrnl_Id="128">
<Branch CovItemId="B7" CovItemPrefix="Date.java" Implct="false" Intrnl_Id="129">
<Cond/>
<LocList>
<Loc EndOffset="799" SrcFileId="2" StartOffset="787"/>
</LocList>
<StmntSeq Intrnl_Id="130">
<LocList>
<Loc EndOffset="799" SrcFileId="2" StartOffset="787"/>
</LocList>
<BasicStmnt CovItemId="S15" CovItemPrefix="Date.java" Intrnl_Id="131">
<LocList>
<Loc EndOffset="799" SrcFileId="2" StartOffset="787"/>
</LocList>
</BasicStmnt>
</StmntSeq>
</Branch>
<Branch CovItemId="B8" CovItemPrefix="Date.java" Implct="true" Intrnl_Id="132">
<Cond/>
<LocList/>
<StmntSeq Intrnl_Id="133">
<LocList/>
</StmntSeq>
</Branch>
<Keyword EndOffset="683" SrcFileId="2" StartOffset="681"/>
<LocList>
<Loc EndOffset="799" SrcFileId="2" StartOffset="681"/>
</LocList>
<RootTerm CovItemId="C4" CovItemPrefix="Date.java" Intrnl_Id="134">
<OpTerm BooleanOpId="5" Intrnl_Id="135">
<OpTerm BooleanOpId="5" Intrnl_Id="136">
<BasicBoolTerm Intrnl_Id="137">
<LocList>
<Loc EndOffset="712" SrcFileId="2" StartOffset="685"/>
</LocList>
</BasicBoolTerm>
<BasicBoolTerm Intrnl_Id="138">
<LocList>
<Loc EndOffset="743" SrcFileId="2" StartOffset="716"/>
</LocList>
</BasicBoolTerm>
<LocList>
<Loc EndOffset="715" SrcFileId="2" StartOffset="713"/>
</LocList>
</OpTerm>
<BasicBoolTerm Intrnl_Id="139">
<LocList>
<Loc EndOffset="780" SrcFileId="2" StartOffset="753"/>
</LocList>
</BasicBoolTerm>
<LocList>
<Loc EndOffset="752" SrcFileId="2" StartOffset="750"/>
</LocList>
</OpTerm>
</RootTerm>
</CondStmnt>
</StmntSeq>
</Branch>
<Branch CovItemId="B6" CovItemPrefix="Date.java" Implct="true" Intrnl_Id="140">
<Cond/>
<LocList/>
<StmntSeq Intrnl_Id="141">
<LocList/>
</StmntSeq>
</Branch>
<Keyword EndOffset="654" SrcFileId="2" StartOffset="652"/>
<LocList>
<Loc EndOffset="804" SrcFileId="2" StartOffset="652"/>
</LocList>
<RootTerm CovItemId="C3" CovItemPrefix="Date.java" Intrnl_Id="142">
<BasicBoolTerm Intrnl_Id="143">
<LocList>
<Loc EndOffset="673" SrcFileId="2" StartOffset="656"/>
</LocList>
</BasicBoolTerm>
</RootTerm>
</CondStmnt>
<BasicStmnt CovItemId="S16" CovItemPrefix="Date.java" Intrnl_Id="144">
<LocList>
<Loc EndOffset="821" SrcFileId="2" StartOffset="808"/>
</LocList>
</BasicStmnt>
</StmntSeq>
</HierarchyLvl>
<HierarchyLvl HierarchyLvlId="277" HierarchyLvlTypeId="7" Intrnl_Id="145" Name="toString">
<Header>
<Loc EndOffset="854" SrcFileId="2" StartOffset="830"/>
</Header>
<LocList>
<Loc EndOffset="925" SrcFileId="2" StartOffset="830"/>
</LocList>
<StmntSeq Intrnl_Id="146">
<LocList>
<Loc EndOffset="921" SrcFileId="2" StartOffset="860"/>
</LocList>
<BasicStmnt CovItemId="S17" CovItemPrefix="Date.java" Intrnl_Id="147">
<LocList>
<Loc EndOffset="921" SrcFileId="2" StartOffset="860"/>
</LocList>
</BasicStmnt>
</StmntSeq>
</HierarchyLvl>
</HierarchyLvl>
<HierarchyLvl HierarchyLvlId="283" HierarchyLvlTypeId="6" Intrnl_Id="148" Name="CalendarUnit">
<Header>
<Loc EndOffset="34" SrcFileId="3" StartOffset="0"/>
</Header>
<LocList>
<Loc EndOffset="298" SrcFileId="3" StartOffset="0"/>
</LocList>
<HierarchyLvl HierarchyLvlId="279" HierarchyLvlTypeId="7" Intrnl_Id="149" Name="setCurrentPos">
<Header>
<Loc EndOffset="114" SrcFileId="3" StartOffset="69"/>
</Header>
<LocList>
<Loc EndOffset="149" SrcFileId="3" StartOffset="69"/>
</LocList>
<StmntSeq Intrnl_Id="150">
<LocList>
<Loc EndOffset="145" SrcFileId="3" StartOffset="120"/>
</LocList>
<BasicStmnt CovItemId="S1" CovItemPrefix="CalendarUnit.java" Intrnl_Id="151">
<LocList>
<Loc EndOffset="145" SrcFileId="3" StartOffset="120"/>
</LocList>
</BasicStmnt>
</StmntSeq>
</HierarchyLvl>
<HierarchyLvl HierarchyLvlId="280" HierarchyLvlTypeId="7" Intrnl_Id="152" Name="getCurrentPos">
<Header>
<Loc EndOffset="183" SrcFileId="3" StartOffset="154"/>
</Header>
<LocList>
<Loc EndOffset="211" SrcFileId="3" StartOffset="154"/>
</LocList>
<StmntSeq Intrnl_Id="153">
<LocList>
<Loc EndOffset="207" SrcFileId="3" StartOffset="189"/>
</LocList>
<BasicStmnt CovItemId="S2" CovItemPrefix="CalendarUnit.java" Intrnl_Id="154">
<LocList>
<Loc EndOffset="207" SrcFileId="3" StartOffset="189"/>
</LocList>
</BasicStmnt>
</StmntSeq>
</HierarchyLvl>
<HierarchyLvl HierarchyLvlId="281" HierarchyLvlTypeId="7" Intrnl_Id="155" Name="increment">
<Header>
<Loc EndOffset="254" SrcFileId="3" StartOffset="216"/>
</Header>
<LocList>
<Loc EndOffset="255" SrcFileId="3" StartOffset="216"/>
</LocList>
</HierarchyLvl>
<HierarchyLvl HierarchyLvlId="282" HierarchyLvlTypeId="7" Intrnl_Id="156" Name="isValid">
<Header>
<Loc EndOffset="294" SrcFileId="3" StartOffset="258"/>
</Header>
<LocList>
<Loc EndOffset="295" SrcFileId="3" StartOffset="258"/>
</LocList>
</HierarchyLvl>
</HierarchyLvl>
</HierarchyLvl>
</MASTRoot>
</TestSessionContainer>
