<?xml version="1.0" encoding="UTF-8"?><TestSessionContainer xmlns="http://www.codecover.org/xml/testsession-container" Date="1368448629999" TestSessionContainerId="d69c36ba-3e46-4105-bfbe-b096ecd65edc" version="1.0">
<SrcFileList>
<SrcFile Content="&#13;&#10;import org.junit.Test;&#13;&#10;&#13;&#10;import junit.framework.TestCase;&#13;&#10;&#13;&#10;&#13;&#10;public class YearTest extends TestCase {&#13;&#10;&#13;&#10;&#9;@Test&#13;&#10;&#9;public void testYearIncrement() {&#13;&#10;&#9;&#9;Year year=new Year(2009);&#13;&#10;&#9;&#9;boolean b=year.increment();&#13;&#10;&#9;&#9;assertTrue(b);&#9;&#9;&#13;&#10;&#9;}&#13;&#10;&#13;&#10;&#9;/**&#13;&#10;&#9; *  测试类：Year&#13;&#10;&#9; *  测试方法：isVaild&#13;&#10;&#9; *  边界值测试&#13;&#10;&#9; */&#13;&#10;&#9;@Test&#13;&#10;&#9;public void testYearIsValid() {&#13;&#10;&#9;&#9;Year year=new Year(1666);&#13;&#10;&#9;&#9;boolean b=year.isValid();&#13;&#10;&#9;&#9;assertTrue(b);&#9;&#13;&#10;&#9;&#9;Year year1=new Year(-1);&#13;&#10;&#9;&#9;boolean b1=year1.isValid();&#13;&#10;&#9;&#9;assertTrue(!b1);&#9;&#13;&#10;&#9;}&#13;&#10;&#13;&#10;&#9;@Test&#13;&#10;&#9;public void testYear() {&#13;&#10;&#9;&#9;Year year=new Year(1666);&#13;&#10;&#9;&#9;assertEquals(1666, year.getCurrentPos());&#13;&#10;&#9;}&#13;&#10;&#13;&#10;&#9;@Test&#13;&#10;&#9;public void testYearSetYear() {&#13;&#10;&#9;&#9;Year year=new Year(1666);&#13;&#10;&#9;&#9;assertEquals(1666, year.getCurrentPos());&#13;&#10;&#9;&#9;year.setYear(1990);&#13;&#10;&#9;&#9;assertEquals(1990, year.getCurrentPos());&#13;&#10;&#9;}&#13;&#10;&#13;&#10;&#9;@Test&#13;&#10;&#9;public void testYearGetYear() {&#13;&#10;&#9;&#9;Year year=new Year(2001);&#13;&#10;&#9;&#9;assertEquals(2001, year.getYear());&#13;&#10;&#9;}&#13;&#10;&#13;&#10;&#9;@Test&#13;&#10;&#9;public void testIsLeap() {&#13;&#10;&#9;&#9;Year year=new Year(1020);&#13;&#10;&#9;&#9;assertTrue(year.isLeap());&#13;&#10;&#9;&#9;Year year1=new Year(1800);&#13;&#10;&#9;&#9;assertTrue(!year1.isLeap());&#13;&#10;&#9;&#9;Year year2=new Year(2000);&#13;&#10;&#9;&#9;assertTrue(year2.isLeap());&#13;&#10;&#9;&#9;Year year3=new Year(1991);&#13;&#10;&#9;&#9;assertTrue(!year3.isLeap());&#13;&#10;&#9;}&#13;&#10;&#13;&#10;&#9;@Test&#13;&#10;&#9;public void testYearEqualsObject() {&#13;&#10;&#9;&#9;Year year=new Year(2002);&#9;&#9;&#13;&#10;&#9;&#9;Year year1=new Year(2002);&#13;&#10;&#9;&#9;boolean b=year.equals(year1);&#13;&#10;&#9;&#9;assertTrue(b);&#13;&#10;&#9;&#9;Year year2=new Year(1002);&#13;&#10;&#9;&#9;boolean b2=year.equals(year2);&#13;&#10;&#9;&#9;assertTrue(!b2);&#13;&#10;&#9;}&#13;&#10;&#13;&#10;}&#13;&#10;" Filename="YearTest.java" Intrnl_Id="1"/>
<SrcFile Content="&#13;&#10;import junit.framework.TestCase;&#13;&#10;&#13;&#10;&#13;&#10;public class Nextday extends TestCase{&#13;&#10;&#13;&#10; &#13;&#10;&#9;&#13;&#10;&#9;&#13;&#10;&#9;&#13;&#10;}&#13;&#10;" Filename="Nextday.java" Intrnl_Id="2"/>
<SrcFile Content="&#13;&#10;import org.junit.Test;&#13;&#10;&#13;&#10;import junit.framework.TestCase;&#13;&#10;&#13;&#10;&#13;&#10;public class MonthTest extends TestCase {&#13;&#10;&#9;&#13;&#10;&#9;/**&#13;&#10;&#9; * 测试类：Month&#13;&#10;&#9; * 测试方法：increment&#13;&#10;&#9; * 边界值测试&#13;&#10;&#9; */&#13;&#10;&#9;@Test&#13;&#10;&#9;public void testMonthIncrement() {&#13;&#10;&#9;&#9;Year year=new Year(2009);&#13;&#10;&#9;&#9;Month month=new Month(12, year);&#13;&#10;&#9;&#9;boolean b=month.increment();&#13;&#10;&#9;&#9;assertTrue(!b);&#13;&#10;&#9;&#9;Month month1=new Month(10, year);&#13;&#10;&#9;&#9;boolean b1=month1.increment();&#13;&#10;&#9;&#9;assertTrue(b1);&#13;&#10;&#9;}&#13;&#10;&#13;&#10;&#9;@Test&#13;&#10;&#9;public void testMonthIsValid() {&#13;&#10;&#9;&#9;Year year=new Year(1990);&#13;&#10;&#9;&#9;Month month=new Month(12, year);&#13;&#10;&#9;&#9;boolean b=month.isValid();&#13;&#10;&#9;&#9;assertTrue(b);&#13;&#10;&#9;&#9;month=new Month(1, year);&#13;&#10;&#9;&#9;b=month.isValid();&#13;&#10;&#9;&#9;assertTrue(b);&#13;&#10;&#9;}&#13;&#10;&#13;&#10;&#9;@Test&#13;&#10;&#9;public void testMonth() {&#13;&#10;&#9;&#9;Year year=new Year(1789);&#13;&#10;&#9;&#9;Month month=new Month(12, year);&#13;&#10;&#9;&#9;assertEquals(12, month.getCurrentPos());&#13;&#10;&#9;}&#13;&#10;&#13;&#10;&#9;@Test&#13;&#10;&#9;public void testMonthSetMonth() {&#13;&#10;&#9;&#9;Year year=new Year(1002);&#13;&#10;&#9;&#9;Month month=new Month(1, year);&#13;&#10;&#9;&#9;assertEquals(1, month.getCurrentPos());&#13;&#10;&#9;&#9;month.setMonth(2, year);&#13;&#10;&#9;&#9;assertEquals(2, month.getCurrentPos());&#13;&#10;&#9;}&#13;&#10;&#13;&#10;&#9;@Test&#13;&#10;&#9;public void testMonthGetMonth() {&#13;&#10;&#9;&#9;Year year=new Year(2010);&#13;&#10;&#9;&#9;Month month=new Month(9, year);&#13;&#10;&#9;&#9;assertEquals(9, month.getMonth());&#13;&#10;&#9;&#9;month=new Month(12, year);&#13;&#10;&#9;&#9;assertEquals(12, month.getMonth());&#13;&#10;&#9;}&#13;&#10;&#13;&#10;&#9;@Test&#13;&#10;&#9;public void testGetMonthSize() {&#13;&#10;&#9;&#9;Year year=new Year(1996);&#13;&#10;&#9;&#9;Month month=new Month(2, year);&#13;&#10;&#9;&#9;assertEquals(29, month.getMonthSize());&#13;&#10;&#9;&#9;Year year1=new Year(2100);&#13;&#10;&#9;&#9;Month month1=new Month(2, year1);&#13;&#10;&#9;&#9;assertEquals(28, month1.getMonthSize());&#13;&#10;&#9;}&#13;&#10;&#13;&#10;&#9;@Test&#13;&#10;&#9;public void testMonthEqualsObject() {&#13;&#10;&#9;&#9;Year year=new Year(2002);&#13;&#10;&#9;&#9;Month month=new Month(3, year);&#13;&#10;&#9;&#9;Month month1=new Month(3, year);&#13;&#10;&#9;&#9;boolean b=month.equals(month1);&#13;&#10;&#9;&#9;assertTrue(b);&#13;&#10;&#9;&#9;Month month2=new Month(12, year);&#13;&#10;&#9;&#9;b=month.equals(month2);&#13;&#10;&#9;&#9;assertTrue(!b);&#13;&#10;&#9;}&#13;&#10;&#13;&#10;}&#13;&#10;" Filename="MonthTest.java" Intrnl_Id="3"/>
</SrcFileList>
<CritList>
<CritListEntry Name="org.codecover.model.utils.criteria.LoopCoverage" PluginName="org.codecover"/>
<CritListEntry Name="org.codecover.model.utils.criteria.BranchCoverage" PluginName="org.codecover"/>
<CritListEntry Name="org.codecover.model.utils.criteria.ConditionCoverage" PluginName="org.codecover"/>
<CritListEntry Name="org.codecover.model.utils.criteria.SynchronizedStatementCoverage" PluginName="org.codecover"/>
<CritListEntry Name="org.codecover.model.utils.criteria.QMOCoverage" PluginName="org.codecover"/>
<CritListEntry Name="org.codecover.model.utils.criteria.StatementCoverage" PluginName="org.codecover"/>
</CritList>
<BoolOpList/>
<HierarchyLvlTypeList>
<HierarchyLvlType EnglishName="class" IntrnlName="class" Intrnl_Id="4"/>
<HierarchyLvlType EnglishName="method" IntrnlName="method" Intrnl_Id="5"/>
<HierarchyLvlType EnglishName="default package" IntrnlName="default package" Intrnl_Id="6"/>
</HierarchyLvlTypeList>
<MASTRoot>
<HierarchyLvl HierarchyLvlId="221" HierarchyLvlTypeId="6" Intrnl_Id="7" Name="default package">
<Header/>
<LocList/>
<HierarchyLvl HierarchyLvlId="211" HierarchyLvlTypeId="4" Intrnl_Id="8" Name="YearTest">
<Header>
<Loc EndOffset="104" SrcFileId="1" StartOffset="66"/>
</Header>
<LocList>
<Loc EndOffset="1461" SrcFileId="1" StartOffset="66"/>
</LocList>
<HierarchyLvl HierarchyLvlId="204" HierarchyLvlTypeId="5" Intrnl_Id="9" Name="testYearIncrement">
<Header>
<Loc EndOffset="150" SrcFileId="1" StartOffset="111"/>
</Header>
<LocList>
<Loc EndOffset="236" SrcFileId="1" StartOffset="111"/>
</LocList>
<StmntSeq Intrnl_Id="10">
<LocList>
<Loc EndOffset="181" SrcFileId="1" StartOffset="156"/>
<Loc EndOffset="212" SrcFileId="1" StartOffset="185"/>
<Loc EndOffset="230" SrcFileId="1" StartOffset="216"/>
</LocList>
<BasicStmnt CovItemId="S1" CovItemPrefix="YearTest.java" Intrnl_Id="11">
<LocList>
<Loc EndOffset="181" SrcFileId="1" StartOffset="156"/>
</LocList>
</BasicStmnt>
<BasicStmnt CovItemId="S2" CovItemPrefix="YearTest.java" Intrnl_Id="12">
<LocList>
<Loc EndOffset="212" SrcFileId="1" StartOffset="185"/>
</LocList>
</BasicStmnt>
<BasicStmnt CovItemId="S3" CovItemPrefix="YearTest.java" Intrnl_Id="13">
<LocList>
<Loc EndOffset="230" SrcFileId="1" StartOffset="216"/>
</LocList>
</BasicStmnt>
</StmntSeq>
</HierarchyLvl>
<HierarchyLvl HierarchyLvlId="205" HierarchyLvlTypeId="5" Intrnl_Id="14" Name="testYearIsValid">
<Header>
<Loc EndOffset="336" SrcFileId="1" StartOffset="299"/>
</Header>
<LocList>
<Loc EndOffset="499" SrcFileId="1" StartOffset="299"/>
</LocList>
<StmntSeq Intrnl_Id="15">
<LocList>
<Loc EndOffset="367" SrcFileId="1" StartOffset="342"/>
<Loc EndOffset="396" SrcFileId="1" StartOffset="371"/>
<Loc EndOffset="414" SrcFileId="1" StartOffset="400"/>
<Loc EndOffset="443" SrcFileId="1" StartOffset="419"/>
<Loc EndOffset="474" SrcFileId="1" StartOffset="447"/>
<Loc EndOffset="494" SrcFileId="1" StartOffset="478"/>
</LocList>
<BasicStmnt CovItemId="S4" CovItemPrefix="YearTest.java" Intrnl_Id="16">
<LocList>
<Loc EndOffset="367" SrcFileId="1" StartOffset="342"/>
</LocList>
</BasicStmnt>
<BasicStmnt CovItemId="S5" CovItemPrefix="YearTest.java" Intrnl_Id="17">
<LocList>
<Loc EndOffset="396" SrcFileId="1" StartOffset="371"/>
</LocList>
</BasicStmnt>
<BasicStmnt CovItemId="S6" CovItemPrefix="YearTest.java" Intrnl_Id="18">
<LocList>
<Loc EndOffset="414" SrcFileId="1" StartOffset="400"/>
</LocList>
</BasicStmnt>
<BasicStmnt CovItemId="S7" CovItemPrefix="YearTest.java" Intrnl_Id="19">
<LocList>
<Loc EndOffset="443" SrcFileId="1" StartOffset="419"/>
</LocList>
</BasicStmnt>
<BasicStmnt CovItemId="S8" CovItemPrefix="YearTest.java" Intrnl_Id="20">
<LocList>
<Loc EndOffset="474" SrcFileId="1" StartOffset="447"/>
</LocList>
</BasicStmnt>
<BasicStmnt CovItemId="S9" CovItemPrefix="YearTest.java" Intrnl_Id="21">
<LocList>
<Loc EndOffset="494" SrcFileId="1" StartOffset="478"/>
</LocList>
</BasicStmnt>
</StmntSeq>
</HierarchyLvl>
<HierarchyLvl HierarchyLvlId="206" HierarchyLvlTypeId="5" Intrnl_Id="22" Name="testYear">
<Header>
<Loc EndOffset="534" SrcFileId="1" StartOffset="504"/>
</Header>
<LocList>
<Loc EndOffset="614" SrcFileId="1" StartOffset="504"/>
</LocList>
<StmntSeq Intrnl_Id="23">
<LocList>
<Loc EndOffset="565" SrcFileId="1" StartOffset="540"/>
<Loc EndOffset="610" SrcFileId="1" StartOffset="569"/>
</LocList>
<BasicStmnt CovItemId="S10" CovItemPrefix="YearTest.java" Intrnl_Id="24">
<LocList>
<Loc EndOffset="565" SrcFileId="1" StartOffset="540"/>
</LocList>
</BasicStmnt>
<BasicStmnt CovItemId="S11" CovItemPrefix="YearTest.java" Intrnl_Id="25">
<LocList>
<Loc EndOffset="610" SrcFileId="1" StartOffset="569"/>
</LocList>
</BasicStmnt>
</StmntSeq>
</HierarchyLvl>
<HierarchyLvl HierarchyLvlId="207" HierarchyLvlTypeId="5" Intrnl_Id="26" Name="testYearSetYear">
<Header>
<Loc EndOffset="656" SrcFileId="1" StartOffset="619"/>
</Header>
<LocList>
<Loc EndOffset="804" SrcFileId="1" StartOffset="619"/>
</LocList>
<StmntSeq Intrnl_Id="27">
<LocList>
<Loc EndOffset="687" SrcFileId="1" StartOffset="662"/>
<Loc EndOffset="732" SrcFileId="1" StartOffset="691"/>
<Loc EndOffset="755" SrcFileId="1" StartOffset="736"/>
<Loc EndOffset="800" SrcFileId="1" StartOffset="759"/>
</LocList>
<BasicStmnt CovItemId="S12" CovItemPrefix="YearTest.java" Intrnl_Id="28">
<LocList>
<Loc EndOffset="687" SrcFileId="1" StartOffset="662"/>
</LocList>
</BasicStmnt>
<BasicStmnt CovItemId="S13" CovItemPrefix="YearTest.java" Intrnl_Id="29">
<LocList>
<Loc EndOffset="732" SrcFileId="1" StartOffset="691"/>
</LocList>
</BasicStmnt>
<BasicStmnt CovItemId="S14" CovItemPrefix="YearTest.java" Intrnl_Id="30">
<LocList>
<Loc EndOffset="755" SrcFileId="1" StartOffset="736"/>
</LocList>
</BasicStmnt>
<BasicStmnt CovItemId="S15" CovItemPrefix="YearTest.java" Intrnl_Id="31">
<LocList>
<Loc EndOffset="800" SrcFileId="1" StartOffset="759"/>
</LocList>
</BasicStmnt>
</StmntSeq>
</HierarchyLvl>
<HierarchyLvl HierarchyLvlId="208" HierarchyLvlTypeId="5" Intrnl_Id="32" Name="testYearGetYear">
<Header>
<Loc EndOffset="846" SrcFileId="1" StartOffset="809"/>
</Header>
<LocList>
<Loc EndOffset="920" SrcFileId="1" StartOffset="809"/>
</LocList>
<StmntSeq Intrnl_Id="33">
<LocList>
<Loc EndOffset="877" SrcFileId="1" StartOffset="852"/>
<Loc EndOffset="916" SrcFileId="1" StartOffset="881"/>
</LocList>
<BasicStmnt CovItemId="S16" CovItemPrefix="YearTest.java" Intrnl_Id="34">
<LocList>
<Loc EndOffset="877" SrcFileId="1" StartOffset="852"/>
</LocList>
</BasicStmnt>
<BasicStmnt CovItemId="S17" CovItemPrefix="YearTest.java" Intrnl_Id="35">
<LocList>
<Loc EndOffset="916" SrcFileId="1" StartOffset="881"/>
</LocList>
</BasicStmnt>
</StmntSeq>
</HierarchyLvl>
<HierarchyLvl HierarchyLvlId="209" HierarchyLvlTypeId="5" Intrnl_Id="36" Name="testIsLeap">
<Header>
<Loc EndOffset="957" SrcFileId="1" StartOffset="925"/>
</Header>
<LocList>
<Loc EndOffset="1207" SrcFileId="1" StartOffset="925"/>
</LocList>
<StmntSeq Intrnl_Id="37">
<LocList>
<Loc EndOffset="988" SrcFileId="1" StartOffset="963"/>
<Loc EndOffset="1018" SrcFileId="1" StartOffset="992"/>
<Loc EndOffset="1048" SrcFileId="1" StartOffset="1022"/>
<Loc EndOffset="1080" SrcFileId="1" StartOffset="1052"/>
<Loc EndOffset="1110" SrcFileId="1" StartOffset="1084"/>
<Loc EndOffset="1141" SrcFileId="1" StartOffset="1114"/>
<Loc EndOffset="1171" SrcFileId="1" StartOffset="1145"/>
<Loc EndOffset="1203" SrcFileId="1" StartOffset="1175"/>
</LocList>
<BasicStmnt CovItemId="S18" CovItemPrefix="YearTest.java" Intrnl_Id="38">
<LocList>
<Loc EndOffset="988" SrcFileId="1" StartOffset="963"/>
</LocList>
</BasicStmnt>
<BasicStmnt CovItemId="S19" CovItemPrefix="YearTest.java" Intrnl_Id="39">
<LocList>
<Loc EndOffset="1018" SrcFileId="1" StartOffset="992"/>
</LocList>
</BasicStmnt>
<BasicStmnt CovItemId="S20" CovItemPrefix="YearTest.java" Intrnl_Id="40">
<LocList>
<Loc EndOffset="1048" SrcFileId="1" StartOffset="1022"/>
</LocList>
</BasicStmnt>
<BasicStmnt CovItemId="S21" CovItemPrefix="YearTest.java" Intrnl_Id="41">
<LocList>
<Loc EndOffset="1080" SrcFileId="1" StartOffset="1052"/>
</LocList>
</BasicStmnt>
<BasicStmnt CovItemId="S22" CovItemPrefix="YearTest.java" Intrnl_Id="42">
<LocList>
<Loc EndOffset="1110" SrcFileId="1" StartOffset="1084"/>
</LocList>
</BasicStmnt>
<BasicStmnt CovItemId="S23" CovItemPrefix="YearTest.java" Intrnl_Id="43">
<LocList>
<Loc EndOffset="1141" SrcFileId="1" StartOffset="1114"/>
</LocList>
</BasicStmnt>
<BasicStmnt CovItemId="S24" CovItemPrefix="YearTest.java" Intrnl_Id="44">
<LocList>
<Loc EndOffset="1171" SrcFileId="1" StartOffset="1145"/>
</LocList>
</BasicStmnt>
<BasicStmnt CovItemId="S25" CovItemPrefix="YearTest.java" Intrnl_Id="45">
<LocList>
<Loc EndOffset="1203" SrcFileId="1" StartOffset="1175"/>
</LocList>
</BasicStmnt>
</StmntSeq>
</HierarchyLvl>
<HierarchyLvl HierarchyLvlId="210" HierarchyLvlTypeId="5" Intrnl_Id="46" Name="testYearEqualsObject">
<Header>
<Loc EndOffset="1254" SrcFileId="1" StartOffset="1212"/>
</Header>
<LocList>
<Loc EndOffset="1456" SrcFileId="1" StartOffset="1212"/>
</LocList>
<StmntSeq Intrnl_Id="47">
<LocList>
<Loc EndOffset="1285" SrcFileId="1" StartOffset="1260"/>
<Loc EndOffset="1317" SrcFileId="1" StartOffset="1291"/>
<Loc EndOffset="1350" SrcFileId="1" StartOffset="1321"/>
<Loc EndOffset="1368" SrcFileId="1" StartOffset="1354"/>
<Loc EndOffset="1398" SrcFileId="1" StartOffset="1372"/>
<Loc EndOffset="1432" SrcFileId="1" StartOffset="1402"/>
<Loc EndOffset="1452" SrcFileId="1" StartOffset="1436"/>
</LocList>
<BasicStmnt CovItemId="S26" CovItemPrefix="YearTest.java" Intrnl_Id="48">
<LocList>
<Loc EndOffset="1285" SrcFileId="1" StartOffset="1260"/>
</LocList>
</BasicStmnt>
<BasicStmnt CovItemId="S27" CovItemPrefix="YearTest.java" Intrnl_Id="49">
<LocList>
<Loc EndOffset="1317" SrcFileId="1" StartOffset="1291"/>
</LocList>
</BasicStmnt>
<BasicStmnt CovItemId="S28" CovItemPrefix="YearTest.java" Intrnl_Id="50">
<LocList>
<Loc EndOffset="1350" SrcFileId="1" StartOffset="1321"/>
</LocList>
</BasicStmnt>
<BasicStmnt CovItemId="S29" CovItemPrefix="YearTest.java" Intrnl_Id="51">
<LocList>
<Loc EndOffset="1368" SrcFileId="1" StartOffset="1354"/>
</LocList>
</BasicStmnt>
<BasicStmnt CovItemId="S30" CovItemPrefix="YearTest.java" Intrnl_Id="52">
<LocList>
<Loc EndOffset="1398" SrcFileId="1" StartOffset="1372"/>
</LocList>
</BasicStmnt>
<BasicStmnt CovItemId="S31" CovItemPrefix="YearTest.java" Intrnl_Id="53">
<LocList>
<Loc EndOffset="1432" SrcFileId="1" StartOffset="1402"/>
</LocList>
</BasicStmnt>
<BasicStmnt CovItemId="S32" CovItemPrefix="YearTest.java" Intrnl_Id="54">
<LocList>
<Loc EndOffset="1452" SrcFileId="1" StartOffset="1436"/>
</LocList>
</BasicStmnt>
</StmntSeq>
</HierarchyLvl>
</HierarchyLvl>
<HierarchyLvl HierarchyLvlId="212" HierarchyLvlTypeId="4" Intrnl_Id="55" Name="Nextday">
<Header>
<Loc EndOffset="77" SrcFileId="2" StartOffset="40"/>
</Header>
<LocList>
<Loc EndOffset="95" SrcFileId="2" StartOffset="40"/>
</LocList>
</HierarchyLvl>
<HierarchyLvl HierarchyLvlId="220" HierarchyLvlTypeId="4" Intrnl_Id="56" Name="MonthTest">
<Header>
<Loc EndOffset="105" SrcFileId="3" StartOffset="66"/>
</Header>
<LocList>
<Loc EndOffset="1816" SrcFileId="3" StartOffset="66"/>
</LocList>
<HierarchyLvl HierarchyLvlId="213" HierarchyLvlTypeId="5" Intrnl_Id="57" Name="testMonthIncrement">
<Header>
<Loc EndOffset="211" SrcFileId="3" StartOffset="171"/>
</Header>
<LocList>
<Loc EndOffset="423" SrcFileId="3" StartOffset="171"/>
</LocList>
<StmntSeq Intrnl_Id="58">
<LocList>
<Loc EndOffset="242" SrcFileId="3" StartOffset="217"/>
<Loc EndOffset="278" SrcFileId="3" StartOffset="246"/>
<Loc EndOffset="310" SrcFileId="3" StartOffset="282"/>
<Loc EndOffset="329" SrcFileId="3" StartOffset="314"/>
<Loc EndOffset="366" SrcFileId="3" StartOffset="333"/>
<Loc EndOffset="400" SrcFileId="3" StartOffset="370"/>
<Loc EndOffset="419" SrcFileId="3" StartOffset="404"/>
</LocList>
<BasicStmnt CovItemId="S1" CovItemPrefix="MonthTest.java" Intrnl_Id="59">
<LocList>
<Loc EndOffset="242" SrcFileId="3" StartOffset="217"/>
</LocList>
</BasicStmnt>
<BasicStmnt CovItemId="S2" CovItemPrefix="MonthTest.java" Intrnl_Id="60">
<LocList>
<Loc EndOffset="278" SrcFileId="3" StartOffset="246"/>
</LocList>
</BasicStmnt>
<BasicStmnt CovItemId="S3" CovItemPrefix="MonthTest.java" Intrnl_Id="61">
<LocList>
<Loc EndOffset="310" SrcFileId="3" StartOffset="282"/>
</LocList>
</BasicStmnt>
<BasicStmnt CovItemId="S4" CovItemPrefix="MonthTest.java" Intrnl_Id="62">
<LocList>
<Loc EndOffset="329" SrcFileId="3" StartOffset="314"/>
</LocList>
</BasicStmnt>
<BasicStmnt CovItemId="S5" CovItemPrefix="MonthTest.java" Intrnl_Id="63">
<LocList>
<Loc EndOffset="366" SrcFileId="3" StartOffset="333"/>
</LocList>
</BasicStmnt>
<BasicStmnt CovItemId="S6" CovItemPrefix="MonthTest.java" Intrnl_Id="64">
<LocList>
<Loc EndOffset="400" SrcFileId="3" StartOffset="370"/>
</LocList>
</BasicStmnt>
<BasicStmnt CovItemId="S7" CovItemPrefix="MonthTest.java" Intrnl_Id="65">
<LocList>
<Loc EndOffset="419" SrcFileId="3" StartOffset="404"/>
</LocList>
</BasicStmnt>
</StmntSeq>
</HierarchyLvl>
<HierarchyLvl HierarchyLvlId="214" HierarchyLvlTypeId="5" Intrnl_Id="66" Name="testMonthIsValid">
<Header>
<Loc EndOffset="466" SrcFileId="3" StartOffset="428"/>
</Header>
<LocList>
<Loc EndOffset="654" SrcFileId="3" StartOffset="428"/>
</LocList>
<StmntSeq Intrnl_Id="67">
<LocList>
<Loc EndOffset="497" SrcFileId="3" StartOffset="472"/>
<Loc EndOffset="533" SrcFileId="3" StartOffset="501"/>
<Loc EndOffset="563" SrcFileId="3" StartOffset="537"/>
<Loc EndOffset="581" SrcFileId="3" StartOffset="567"/>
<Loc EndOffset="610" SrcFileId="3" StartOffset="585"/>
<Loc EndOffset="632" SrcFileId="3" StartOffset="614"/>
<Loc EndOffset="650" SrcFileId="3" StartOffset="636"/>
</LocList>
<BasicStmnt CovItemId="S8" CovItemPrefix="MonthTest.java" Intrnl_Id="68">
<LocList>
<Loc EndOffset="497" SrcFileId="3" StartOffset="472"/>
</LocList>
</BasicStmnt>
<BasicStmnt CovItemId="S9" CovItemPrefix="MonthTest.java" Intrnl_Id="69">
<LocList>
<Loc EndOffset="533" SrcFileId="3" StartOffset="501"/>
</LocList>
</BasicStmnt>
<BasicStmnt CovItemId="S10" CovItemPrefix="MonthTest.java" Intrnl_Id="70">
<LocList>
<Loc EndOffset="563" SrcFileId="3" StartOffset="537"/>
</LocList>
</BasicStmnt>
<BasicStmnt CovItemId="S11" CovItemPrefix="MonthTest.java" Intrnl_Id="71">
<LocList>
<Loc EndOffset="581" SrcFileId="3" StartOffset="567"/>
</LocList>
</BasicStmnt>
<BasicStmnt CovItemId="S12" CovItemPrefix="MonthTest.java" Intrnl_Id="72">
<LocList>
<Loc EndOffset="610" SrcFileId="3" StartOffset="585"/>
</LocList>
</BasicStmnt>
<BasicStmnt CovItemId="S13" CovItemPrefix="MonthTest.java" Intrnl_Id="73">
<LocList>
<Loc EndOffset="632" SrcFileId="3" StartOffset="614"/>
</LocList>
</BasicStmnt>
<BasicStmnt CovItemId="S14" CovItemPrefix="MonthTest.java" Intrnl_Id="74">
<LocList>
<Loc EndOffset="650" SrcFileId="3" StartOffset="636"/>
</LocList>
</BasicStmnt>
</StmntSeq>
</HierarchyLvl>
<HierarchyLvl HierarchyLvlId="215" HierarchyLvlTypeId="5" Intrnl_Id="75" Name="testMonth">
<Header>
<Loc EndOffset="690" SrcFileId="3" StartOffset="659"/>
</Header>
<LocList>
<Loc EndOffset="805" SrcFileId="3" StartOffset="659"/>
</LocList>
<StmntSeq Intrnl_Id="76">
<LocList>
<Loc EndOffset="721" SrcFileId="3" StartOffset="696"/>
<Loc EndOffset="757" SrcFileId="3" StartOffset="725"/>
<Loc EndOffset="801" SrcFileId="3" StartOffset="761"/>
</LocList>
<BasicStmnt CovItemId="S15" CovItemPrefix="MonthTest.java" Intrnl_Id="77">
<LocList>
<Loc EndOffset="721" SrcFileId="3" StartOffset="696"/>
</LocList>
</BasicStmnt>
<BasicStmnt CovItemId="S16" CovItemPrefix="MonthTest.java" Intrnl_Id="78">
<LocList>
<Loc EndOffset="757" SrcFileId="3" StartOffset="725"/>
</LocList>
</BasicStmnt>
<BasicStmnt CovItemId="S17" CovItemPrefix="MonthTest.java" Intrnl_Id="79">
<LocList>
<Loc EndOffset="801" SrcFileId="3" StartOffset="761"/>
</LocList>
</BasicStmnt>
</StmntSeq>
</HierarchyLvl>
<HierarchyLvl HierarchyLvlId="216" HierarchyLvlTypeId="5" Intrnl_Id="80" Name="testMonthSetMonth">
<Header>
<Loc EndOffset="849" SrcFileId="3" StartOffset="810"/>
</Header>
<LocList>
<Loc EndOffset="1033" SrcFileId="3" StartOffset="810"/>
</LocList>
<StmntSeq Intrnl_Id="81">
<LocList>
<Loc EndOffset="880" SrcFileId="3" StartOffset="855"/>
<Loc EndOffset="915" SrcFileId="3" StartOffset="884"/>
<Loc EndOffset="958" SrcFileId="3" StartOffset="919"/>
<Loc EndOffset="986" SrcFileId="3" StartOffset="962"/>
<Loc EndOffset="1029" SrcFileId="3" StartOffset="990"/>
</LocList>
<BasicStmnt CovItemId="S18" CovItemPrefix="MonthTest.java" Intrnl_Id="82">
<LocList>
<Loc EndOffset="880" SrcFileId="3" StartOffset="855"/>
</LocList>
</BasicStmnt>
<BasicStmnt CovItemId="S19" CovItemPrefix="MonthTest.java" Intrnl_Id="83">
<LocList>
<Loc EndOffset="915" SrcFileId="3" StartOffset="884"/>
</LocList>
</BasicStmnt>
<BasicStmnt CovItemId="S20" CovItemPrefix="MonthTest.java" Intrnl_Id="84">
<LocList>
<Loc EndOffset="958" SrcFileId="3" StartOffset="919"/>
</LocList>
</BasicStmnt>
<BasicStmnt CovItemId="S21" CovItemPrefix="MonthTest.java" Intrnl_Id="85">
<LocList>
<Loc EndOffset="986" SrcFileId="3" StartOffset="962"/>
</LocList>
</BasicStmnt>
<BasicStmnt CovItemId="S22" CovItemPrefix="MonthTest.java" Intrnl_Id="86">
<LocList>
<Loc EndOffset="1029" SrcFileId="3" StartOffset="990"/>
</LocList>
</BasicStmnt>
</StmntSeq>
</HierarchyLvl>
<HierarchyLvl HierarchyLvlId="217" HierarchyLvlTypeId="5" Intrnl_Id="87" Name="testMonthGetMonth">
<Header>
<Loc EndOffset="1077" SrcFileId="3" StartOffset="1038"/>
</Header>
<LocList>
<Loc EndOffset="1254" SrcFileId="3" StartOffset="1038"/>
</LocList>
<StmntSeq Intrnl_Id="88">
<LocList>
<Loc EndOffset="1108" SrcFileId="3" StartOffset="1083"/>
<Loc EndOffset="1143" SrcFileId="3" StartOffset="1112"/>
<Loc EndOffset="1181" SrcFileId="3" StartOffset="1147"/>
<Loc EndOffset="1211" SrcFileId="3" StartOffset="1185"/>
<Loc EndOffset="1250" SrcFileId="3" StartOffset="1215"/>
</LocList>
<BasicStmnt CovItemId="S23" CovItemPrefix="MonthTest.java" Intrnl_Id="89">
<LocList>
<Loc EndOffset="1108" SrcFileId="3" StartOffset="1083"/>
</LocList>
</BasicStmnt>
<BasicStmnt CovItemId="S24" CovItemPrefix="MonthTest.java" Intrnl_Id="90">
<LocList>
<Loc EndOffset="1143" SrcFileId="3" StartOffset="1112"/>
</LocList>
</BasicStmnt>
<BasicStmnt CovItemId="S25" CovItemPrefix="MonthTest.java" Intrnl_Id="91">
<LocList>
<Loc EndOffset="1181" SrcFileId="3" StartOffset="1147"/>
</LocList>
</BasicStmnt>
<BasicStmnt CovItemId="S26" CovItemPrefix="MonthTest.java" Intrnl_Id="92">
<LocList>
<Loc EndOffset="1211" SrcFileId="3" StartOffset="1185"/>
</LocList>
</BasicStmnt>
<BasicStmnt CovItemId="S27" CovItemPrefix="MonthTest.java" Intrnl_Id="93">
<LocList>
<Loc EndOffset="1250" SrcFileId="3" StartOffset="1215"/>
</LocList>
</BasicStmnt>
</StmntSeq>
</HierarchyLvl>
<HierarchyLvl HierarchyLvlId="218" HierarchyLvlTypeId="5" Intrnl_Id="94" Name="testGetMonthSize">
<Header>
<Loc EndOffset="1297" SrcFileId="3" StartOffset="1259"/>
</Header>
<LocList>
<Loc EndOffset="1521" SrcFileId="3" StartOffset="1259"/>
</LocList>
<StmntSeq Intrnl_Id="95">
<LocList>
<Loc EndOffset="1328" SrcFileId="3" StartOffset="1303"/>
<Loc EndOffset="1363" SrcFileId="3" StartOffset="1332"/>
<Loc EndOffset="1406" SrcFileId="3" StartOffset="1367"/>
<Loc EndOffset="1436" SrcFileId="3" StartOffset="1410"/>
<Loc EndOffset="1473" SrcFileId="3" StartOffset="1440"/>
<Loc EndOffset="1517" SrcFileId="3" StartOffset="1477"/>
</LocList>
<BasicStmnt CovItemId="S28" CovItemPrefix="MonthTest.java" Intrnl_Id="96">
<LocList>
<Loc EndOffset="1328" SrcFileId="3" StartOffset="1303"/>
</LocList>
</BasicStmnt>
<BasicStmnt CovItemId="S29" CovItemPrefix="MonthTest.java" Intrnl_Id="97">
<LocList>
<Loc EndOffset="1363" SrcFileId="3" StartOffset="1332"/>
</LocList>
</BasicStmnt>
<BasicStmnt CovItemId="S30" CovItemPrefix="MonthTest.java" Intrnl_Id="98">
<LocList>
<Loc EndOffset="1406" SrcFileId="3" StartOffset="1367"/>
</LocList>
</BasicStmnt>
<BasicStmnt CovItemId="S31" CovItemPrefix="MonthTest.java" Intrnl_Id="99">
<LocList>
<Loc EndOffset="1436" SrcFileId="3" StartOffset="1410"/>
</LocList>
</BasicStmnt>
<BasicStmnt CovItemId="S32" CovItemPrefix="MonthTest.java" Intrnl_Id="100">
<LocList>
<Loc EndOffset="1473" SrcFileId="3" StartOffset="1440"/>
</LocList>
</BasicStmnt>
<BasicStmnt CovItemId="S33" CovItemPrefix="MonthTest.java" Intrnl_Id="101">
<LocList>
<Loc EndOffset="1517" SrcFileId="3" StartOffset="1477"/>
</LocList>
</BasicStmnt>
</StmntSeq>
</HierarchyLvl>
<HierarchyLvl HierarchyLvlId="219" HierarchyLvlTypeId="5" Intrnl_Id="102" Name="testMonthEqualsObject">
<Header>
<Loc EndOffset="1569" SrcFileId="3" StartOffset="1526"/>
</Header>
<LocList>
<Loc EndOffset="1811" SrcFileId="3" StartOffset="1526"/>
</LocList>
<StmntSeq Intrnl_Id="103">
<LocList>
<Loc EndOffset="1600" SrcFileId="3" StartOffset="1575"/>
<Loc EndOffset="1635" SrcFileId="3" StartOffset="1604"/>
<Loc EndOffset="1671" SrcFileId="3" StartOffset="1639"/>
<Loc EndOffset="1706" SrcFileId="3" StartOffset="1675"/>
<Loc EndOffset="1724" SrcFileId="3" StartOffset="1710"/>
<Loc EndOffset="1761" SrcFileId="3" StartOffset="1728"/>
<Loc EndOffset="1788" SrcFileId="3" StartOffset="1765"/>
<Loc EndOffset="1807" SrcFileId="3" StartOffset="1792"/>
</LocList>
<BasicStmnt CovItemId="S34" CovItemPrefix="MonthTest.java" Intrnl_Id="104">
<LocList>
<Loc EndOffset="1600" SrcFileId="3" StartOffset="1575"/>
</LocList>
</BasicStmnt>
<BasicStmnt CovItemId="S35" CovItemPrefix="MonthTest.java" Intrnl_Id="105">
<LocList>
<Loc EndOffset="1635" SrcFileId="3" StartOffset="1604"/>
</LocList>
</BasicStmnt>
<BasicStmnt CovItemId="S36" CovItemPrefix="MonthTest.java" Intrnl_Id="106">
<LocList>
<Loc EndOffset="1671" SrcFileId="3" StartOffset="1639"/>
</LocList>
</BasicStmnt>
<BasicStmnt CovItemId="S37" CovItemPrefix="MonthTest.java" Intrnl_Id="107">
<LocList>
<Loc EndOffset="1706" SrcFileId="3" StartOffset="1675"/>
</LocList>
</BasicStmnt>
<BasicStmnt CovItemId="S38" CovItemPrefix="MonthTest.java" Intrnl_Id="108">
<LocList>
<Loc EndOffset="1724" SrcFileId="3" StartOffset="1710"/>
</LocList>
</BasicStmnt>
<BasicStmnt CovItemId="S39" CovItemPrefix="MonthTest.java" Intrnl_Id="109">
<LocList>
<Loc EndOffset="1761" SrcFileId="3" StartOffset="1728"/>
</LocList>
</BasicStmnt>
<BasicStmnt CovItemId="S40" CovItemPrefix="MonthTest.java" Intrnl_Id="110">
<LocList>
<Loc EndOffset="1788" SrcFileId="3" StartOffset="1765"/>
</LocList>
</BasicStmnt>
<BasicStmnt CovItemId="S41" CovItemPrefix="MonthTest.java" Intrnl_Id="111">
<LocList>
<Loc EndOffset="1807" SrcFileId="3" StartOffset="1792"/>
</LocList>
</BasicStmnt>
</StmntSeq>
</HierarchyLvl>
</HierarchyLvl>
</HierarchyLvl>
</MASTRoot>
</TestSessionContainer>
