<?xml version="1.0" encoding="UTF-8"?><TestSessionContainer xmlns="http://www.codecover.org/xml/testsession-container" Date="1368448649536" TestSessionContainerId="e89f00cd-3a08-4e4a-a2d1-fc693ff95d31" version="1.0">
<SrcFileList>
<SrcFile Content="public class Month extends CalendarUnit {&#13;&#10;&#9;private Year y;&#13;&#10;&#9;private int[] sizeIndex = { 31, 28, 31, 30, 31, 30, 31, 31, 30, 31, 30, 31 };&#13;&#10;&#13;&#10;&#9;public Month(int pMonth, Year y) {&#13;&#10;&#9;&#9;setMonth(pMonth, y);&#13;&#10;&#9;}&#13;&#10;&#13;&#10;&#9;public void setMonth(int pMonth, Year y) {&#13;&#10;&#9;&#9;setCurrentPos(pMonth);&#13;&#10;&#9;&#9;this.y = y;&#13;&#10;&#9;&#9;if (!this.isValid()) {&#13;&#10;&#9;&#9;&#9;throw new IllegalArgumentException(&quot;Not a valid month&quot;);&#13;&#10;&#9;&#9;}&#13;&#10;&#9;}&#13;&#10;&#13;&#10;&#9;public int getMonth() {&#13;&#10;&#9;&#9;return currentPos;&#13;&#10;&#9;}&#13;&#10;&#13;&#10;&#9;public int getMonthSize() {&#13;&#10;&#9;&#9;if (y.isLeap())&#13;&#10;&#9;&#9;&#9;sizeIndex[1] = 29;&#13;&#10;&#9;&#9;else&#13;&#10;&#9;&#9;&#9;sizeIndex[1] = 28;&#13;&#10;&#9;&#9;return sizeIndex[currentPos - 1];&#13;&#10;&#9;}&#13;&#10;&#13;&#10;&#9;public boolean increment() {&#13;&#10;&#9;&#9;currentPos += 1;&#13;&#10;&#9;&#9;if (currentPos &gt; 12)&#13;&#10;&#9;&#9;&#9;return false;&#13;&#10;&#9;&#9;else&#13;&#10;&#9;&#9;&#9;return true;&#13;&#10;&#9;}&#13;&#10;&#13;&#10;&#9;public boolean isValid() {&#13;&#10;&#9;&#9;if (y != null &amp;&amp; y.isValid())&#13;&#10;&#9;&#9;&#9;if (this.currentPos &gt;= 1 &amp;&amp; this.currentPos &lt;= 12)&#13;&#10;&#9;&#9;&#9;&#9;return true;&#13;&#10;&#9;&#9;return false;&#13;&#10;&#13;&#10;&#9;}&#13;&#10;&#13;&#10;&#9;public boolean equals(Object o) {&#13;&#10;&#9;&#9;if (o instanceof Month) {&#13;&#10;&#9;&#9;&#9;if (this.currentPos == ((Month) o).currentPos&#13;&#10;&#9;&#9;&#9;&#9;&#9;&amp;&amp; this.y.equals(((Month) o).y))&#13;&#10;&#9;&#9;&#9;&#9;return true;&#13;&#10;&#9;&#9;}&#13;&#10;&#9;&#9;return false;&#13;&#10;&#9;}&#13;&#10;}&#13;&#10;" Filename="Month.java" Intrnl_Id="1"/>
<SrcFile Content="public class Day extends CalendarUnit {&#13;&#10;&#9;private Month m;&#13;&#10;&#13;&#10;&#9;public Day(int pDay, Month m) {&#13;&#10;&#9;&#9;setDay(pDay, m);&#13;&#10;&#9;}&#13;&#10;&#13;&#10;&#9;public boolean increment() {&#13;&#10;&#9;&#9;currentPos += 1;&#13;&#10;&#9;&#9;if (currentPos &lt;= m.getMonthSize())&#13;&#10;&#9;&#9;&#9;return true;&#13;&#10;&#9;&#9;else&#13;&#10;&#9;&#9;&#9;return false;&#13;&#10;&#9;}&#13;&#10;&#13;&#10;&#9;public void setDay(int pDay, Month m) {&#13;&#10;&#9;&#9;setCurrentPos(pDay);&#13;&#10;&#9;&#9;this.m = m;&#13;&#10;&#9;&#9;if (!this.isValid()) {&#13;&#10;&#9;&#9;&#9;throw new IllegalArgumentException(&quot;Not a valid day&quot;);&#13;&#10;&#9;&#9;}&#13;&#10;&#9;}&#13;&#10;&#13;&#10;&#9;public int getDay() {&#13;&#10;&#9;&#9;return currentPos;&#13;&#10;&#9;}&#13;&#10;&#13;&#10;&#9;public boolean isValid() {&#13;&#10;&#9;&#9;if (m != null &amp;&amp; m.isValid())&#13;&#10;&#9;&#9;&#9;if (this.currentPos &gt;= 1 &amp;&amp; this.currentPos &lt;= m.getMonthSize())&#13;&#10;&#9;&#9;&#9;&#9;return true;&#13;&#10;&#9;&#9;return false;&#13;&#10;&#13;&#10;&#9;}&#13;&#10;&#13;&#10;&#9;public boolean equals(Object o) {&#13;&#10;&#9;&#9;if (o instanceof Day) {&#13;&#10;&#9;&#9;&#9;if (this.currentPos == ((Day) o).currentPos&#13;&#10;&#9;&#9;&#9;&#9;&#9;&amp;&amp; this.m.equals(((Day) o).m))&#13;&#10;&#9;&#9;&#9;&#9;return true;&#13;&#10;&#9;&#9;}&#13;&#10;&#9;&#9;return false;&#13;&#10;&#9;}&#13;&#10;}&#13;&#10;" Filename="Day.java" Intrnl_Id="2"/>
<SrcFile Content="public class Date {&#13;&#10;&#9;private Day d;&#13;&#10;&#9;private Month m;&#13;&#10;&#9;private Year y;&#13;&#10;&#13;&#10;&#9;public Date(int pMonth, int pDay, int pYear) {&#13;&#10;&#9;&#9;y = new Year(pYear);&#13;&#10;&#9;&#9;m = new Month(pMonth, y);&#13;&#10;&#9;&#9;d = new Day(pDay, m);&#13;&#10;&#9;}&#13;&#10;&#13;&#10;&#9;public void increment() {&#13;&#10;&#9;&#9;if (!d.increment()) {&#13;&#10;&#9;&#9;&#9;if (!m.increment()) {&#13;&#10;&#9;&#9;&#9;&#9;y.increment();&#13;&#10;&#9;&#9;&#9;&#9;m.setMonth(1, y);&#13;&#10;&#9;&#9;&#9;}&#13;&#10;&#9;&#9;&#9;d.setDay(1, m);&#13;&#10;&#9;&#9;}&#13;&#10;&#9;}&#13;&#10;&#13;&#10;&#9;public void printDate() {&#13;&#10;&#9;&#9;System.out.println(m.getMonth() + &quot;/&quot; + d.getDay() + &quot;/&quot; + y.getYear());&#13;&#10;&#9;}&#13;&#10;&#13;&#10;&#9;public Day getDay() {&#13;&#10;&#9;&#9;return d;&#13;&#10;&#9;}&#13;&#10;&#13;&#10;&#9;public Month getMonth() {&#13;&#10;&#9;&#9;return m;&#13;&#10;&#9;}&#13;&#10;&#13;&#10;&#9;public Year getYear() {&#13;&#10;&#9;&#9;return y;&#13;&#10;&#9;}&#13;&#10;&#13;&#10;&#9;public boolean equals(Object o) {&#13;&#10;&#9;&#9;if (o instanceof Date) {&#13;&#10;&#9;&#9;&#9;if (this.y.equals(((Date) o).y) &amp;&amp; this.m.equals(((Date) o).m)&#13;&#10;&#9;&#9;&#9;&#9;&#9;&amp;&amp; this.d.equals(((Date) o).d))&#13;&#10;&#9;&#9;&#9;&#9;return true;&#13;&#10;&#9;&#9;}&#13;&#10;&#9;&#9;return false;&#13;&#10;&#9;}&#13;&#10;&#13;&#10;&#9;public String toString() {&#13;&#10;&#9;&#9;return (m.getMonth() + &quot;/&quot; + d.getDay() + &quot;/&quot; + y.getYear());&#13;&#10;&#9;}&#13;&#10;}&#13;&#10;" Filename="Date.java" Intrnl_Id="3"/>
<SrcFile Content="public abstract class CalendarUnit {&#13;&#10;&#9;protected int currentPos;&#13;&#10;&#13;&#10;&#9;protected void setCurrentPos(int pCurrentPos) {&#13;&#10;&#9;&#9;currentPos = pCurrentPos;&#13;&#10;&#9;}&#13;&#10;&#13;&#10;&#9;protected int getCurrentPos() {&#13;&#10;&#9;&#9;return currentPos;&#13;&#10;&#9;}&#13;&#10;&#13;&#10;&#9;protected abstract boolean increment();&#13;&#10;&#9;protected abstract boolean isValid();&#13;&#10;}&#13;&#10;" Filename="CalendarUnit.java" Intrnl_Id="4"/>
</SrcFileList>
<CritList>
<CritListEntry Name="org.codecover.model.utils.criteria.LoopCoverage" PluginName="org.codecover"/>
<CritListEntry Name="org.codecover.model.utils.criteria.BranchCoverage" PluginName="org.codecover"/>
<CritListEntry Name="org.codecover.model.utils.criteria.ConditionCoverage" PluginName="org.codecover"/>
<CritListEntry Name="org.codecover.model.utils.criteria.SynchronizedStatementCoverage" PluginName="org.codecover"/>
<CritListEntry Name="org.codecover.model.utils.criteria.QMOCoverage" PluginName="org.codecover"/>
<CritListEntry Name="org.codecover.model.utils.criteria.StatementCoverage" PluginName="org.codecover"/>
</CritList>
<BoolOpList>
<BoolOp Arity="1" Intrnl_Id="5" Name="not (!)">
<BoolAssgnmntBoolMapList>
<MapEntry BoolAssgnmnt="0" Value="true"/>
<MapEntry BoolAssgnmnt="1" Value="false"/>
</BoolAssgnmntBoolMapList>
</BoolOp>
<BoolOp Arity="2" Intrnl_Id="6" Name="conditional and (&amp;&amp;)">
<BoolAssgnmntBoolMapList>
<MapEntry BoolAssgnmnt="10" Value="false"/>
<MapEntry BoolAssgnmnt="02" Value="false"/>
<MapEntry BoolAssgnmnt="11" Value="true"/>
</BoolAssgnmntBoolMapList>
</BoolOp>
</BoolOpList>
<HierarchyLvlTypeList>
<HierarchyLvlType EnglishName="class" IntrnlName="class" Intrnl_Id="7"/>
<HierarchyLvlType EnglishName="method" IntrnlName="method" Intrnl_Id="8"/>
<HierarchyLvlType EnglishName="default package" IntrnlName="default package" Intrnl_Id="9"/>
</HierarchyLvlTypeList>
<MASTRoot>
<HierarchyLvl HierarchyLvlId="314" HierarchyLvlTypeId="9" Intrnl_Id="10" Name="default package">
<Header/>
<LocList/>
<HierarchyLvl HierarchyLvlId="292" HierarchyLvlTypeId="7" Intrnl_Id="11" Name="Month">
<Header>
<Loc EndOffset="39" SrcFileId="1" StartOffset="0"/>
</Header>
<LocList>
<Loc EndOffset="1077" SrcFileId="1" StartOffset="0"/>
</LocList>
<StmntSeq Intrnl_Id="12">
<LocList>
<Loc EndOffset="139" SrcFileId="1" StartOffset="62"/>
</LocList>
<BasicStmnt CovItemId="S1" CovItemPrefix="Month.java" Intrnl_Id="13">
<LocList>
<Loc EndOffset="139" SrcFileId="1" StartOffset="62"/>
</LocList>
</BasicStmnt>
</StmntSeq>
<HierarchyLvl HierarchyLvlId="285" HierarchyLvlTypeId="8" Intrnl_Id="14" Name="Month">
<Header>
<Loc EndOffset="176" SrcFileId="1" StartOffset="144"/>
</Header>
<LocList>
<Loc EndOffset="206" SrcFileId="1" StartOffset="144"/>
</LocList>
<StmntSeq Intrnl_Id="15">
<LocList>
<Loc EndOffset="202" SrcFileId="1" StartOffset="182"/>
</LocList>
<BasicStmnt CovItemId="S2" CovItemPrefix="Month.java" Intrnl_Id="16">
<LocList>
<Loc EndOffset="202" SrcFileId="1" StartOffset="182"/>
</LocList>
</BasicStmnt>
</StmntSeq>
</HierarchyLvl>
<HierarchyLvl HierarchyLvlId="286" HierarchyLvlTypeId="8" Intrnl_Id="17" Name="setMonth">
<Header>
<Loc EndOffset="251" SrcFileId="1" StartOffset="211"/>
</Header>
<LocList>
<Loc EndOffset="390" SrcFileId="1" StartOffset="211"/>
</LocList>
<StmntSeq Intrnl_Id="18">
<LocList>
<Loc EndOffset="279" SrcFileId="1" StartOffset="257"/>
<Loc EndOffset="294" SrcFileId="1" StartOffset="283"/>
<Loc EndOffset="386" SrcFileId="1" StartOffset="298"/>
</LocList>
<BasicStmnt CovItemId="S3" CovItemPrefix="Month.java" Intrnl_Id="19">
<LocList>
<Loc EndOffset="279" SrcFileId="1" StartOffset="257"/>
</LocList>
</BasicStmnt>
<BasicStmnt CovItemId="S4" CovItemPrefix="Month.java" Intrnl_Id="20">
<LocList>
<Loc EndOffset="294" SrcFileId="1" StartOffset="283"/>
</LocList>
</BasicStmnt>
<CondStmnt CovItemId="S5" CovItemPrefix="Month.java" Intrnl_Id="21">
<Branch CovItemId="B1" CovItemPrefix="Month.java" Implct="false" Intrnl_Id="22">
<Cond/>
<LocList>
<Loc EndOffset="386" SrcFileId="1" StartOffset="319"/>
</LocList>
<StmntSeq Intrnl_Id="23">
<LocList>
<Loc EndOffset="381" SrcFileId="1" StartOffset="325"/>
</LocList>
<BasicStmnt CovItemId="S6" CovItemPrefix="Month.java" Intrnl_Id="24">
<LocList>
<Loc EndOffset="381" SrcFileId="1" StartOffset="325"/>
</LocList>
</BasicStmnt>
</StmntSeq>
</Branch>
<Branch CovItemId="B2" CovItemPrefix="Month.java" Implct="true" Intrnl_Id="25">
<Cond/>
<LocList/>
<StmntSeq Intrnl_Id="26">
<LocList/>
</StmntSeq>
</Branch>
<Keyword EndOffset="300" SrcFileId="1" StartOffset="298"/>
<LocList>
<Loc EndOffset="386" SrcFileId="1" StartOffset="298"/>
</LocList>
<RootTerm CovItemId="C1" CovItemPrefix="Month.java" Intrnl_Id="27">
<OpTerm BooleanOpId="5" Intrnl_Id="28">
<BasicBoolTerm Intrnl_Id="29">
<LocList>
<Loc EndOffset="317" SrcFileId="1" StartOffset="303"/>
</LocList>
</BasicBoolTerm>
<LocList>
<Loc EndOffset="303" SrcFileId="1" StartOffset="302"/>
</LocList>
</OpTerm>
</RootTerm>
</CondStmnt>
</StmntSeq>
</HierarchyLvl>
<HierarchyLvl HierarchyLvlId="287" HierarchyLvlTypeId="8" Intrnl_Id="30" Name="getMonth">
<Header>
<Loc EndOffset="416" SrcFileId="1" StartOffset="395"/>
</Header>
<LocList>
<Loc EndOffset="444" SrcFileId="1" StartOffset="395"/>
</LocList>
<StmntSeq Intrnl_Id="31">
<LocList>
<Loc EndOffset="440" SrcFileId="1" StartOffset="422"/>
</LocList>
<BasicStmnt CovItemId="S7" CovItemPrefix="Month.java" Intrnl_Id="32">
<LocList>
<Loc EndOffset="440" SrcFileId="1" StartOffset="422"/>
</LocList>
</BasicStmnt>
</StmntSeq>
</HierarchyLvl>
<HierarchyLvl HierarchyLvlId="288" HierarchyLvlTypeId="8" Intrnl_Id="33" Name="getMonthSize">
<Header>
<Loc EndOffset="474" SrcFileId="1" StartOffset="449"/>
</Header>
<LocList>
<Loc EndOffset="590" SrcFileId="1" StartOffset="449"/>
</LocList>
<StmntSeq Intrnl_Id="34">
<LocList>
<Loc EndOffset="549" SrcFileId="1" StartOffset="480"/>
<Loc EndOffset="586" SrcFileId="1" StartOffset="553"/>
</LocList>
<CondStmnt CovItemId="S8" CovItemPrefix="Month.java" Intrnl_Id="35">
<Branch CovItemId="B3" CovItemPrefix="Month.java" Implct="false" Intrnl_Id="36">
<Cond/>
<LocList>
<Loc EndOffset="518" SrcFileId="1" StartOffset="500"/>
</LocList>
<StmntSeq Intrnl_Id="37">
<LocList>
<Loc EndOffset="518" SrcFileId="1" StartOffset="500"/>
</LocList>
<BasicStmnt CovItemId="S9" CovItemPrefix="Month.java" Intrnl_Id="38">
<LocList>
<Loc EndOffset="518" SrcFileId="1" StartOffset="500"/>
</LocList>
</BasicStmnt>
</StmntSeq>
</Branch>
<Branch CovItemId="B4" CovItemPrefix="Month.java" Implct="false" Intrnl_Id="39">
<Cond>
<Loc EndOffset="526" SrcFileId="1" StartOffset="522"/>
</Cond>
<LocList>
<Loc EndOffset="549" SrcFileId="1" StartOffset="531"/>
</LocList>
<StmntSeq Intrnl_Id="40">
<LocList>
<Loc EndOffset="549" SrcFileId="1" StartOffset="531"/>
</LocList>
<BasicStmnt CovItemId="S10" CovItemPrefix="Month.java" Intrnl_Id="41">
<LocList>
<Loc EndOffset="549" SrcFileId="1" StartOffset="531"/>
</LocList>
</BasicStmnt>
</StmntSeq>
</Branch>
<Keyword EndOffset="482" SrcFileId="1" StartOffset="480"/>
<LocList>
<Loc EndOffset="549" SrcFileId="1" StartOffset="480"/>
</LocList>
<RootTerm CovItemId="C2" CovItemPrefix="Month.java" Intrnl_Id="42">
<BasicBoolTerm Intrnl_Id="43">
<LocList>
<Loc EndOffset="494" SrcFileId="1" StartOffset="484"/>
</LocList>
</BasicBoolTerm>
</RootTerm>
</CondStmnt>
<BasicStmnt CovItemId="S11" CovItemPrefix="Month.java" Intrnl_Id="44">
<LocList>
<Loc EndOffset="586" SrcFileId="1" StartOffset="553"/>
</LocList>
</BasicStmnt>
</StmntSeq>
</HierarchyLvl>
<HierarchyLvl HierarchyLvlId="289" HierarchyLvlTypeId="8" Intrnl_Id="45" Name="increment">
<Header>
<Loc EndOffset="621" SrcFileId="1" StartOffset="595"/>
</Header>
<LocList>
<Loc EndOffset="714" SrcFileId="1" StartOffset="595"/>
</LocList>
<StmntSeq Intrnl_Id="46">
<LocList>
<Loc EndOffset="643" SrcFileId="1" StartOffset="627"/>
<Loc EndOffset="710" SrcFileId="1" StartOffset="647"/>
</LocList>
<BasicStmnt CovItemId="S12" CovItemPrefix="Month.java" Intrnl_Id="47">
<LocList>
<Loc EndOffset="643" SrcFileId="1" StartOffset="627"/>
</LocList>
</BasicStmnt>
<CondStmnt CovItemId="S13" CovItemPrefix="Month.java" Intrnl_Id="48">
<Branch CovItemId="B5" CovItemPrefix="Month.java" Implct="false" Intrnl_Id="49">
<Cond/>
<LocList>
<Loc EndOffset="685" SrcFileId="1" StartOffset="672"/>
</LocList>
<StmntSeq Intrnl_Id="50">
<LocList>
<Loc EndOffset="685" SrcFileId="1" StartOffset="672"/>
</LocList>
<BasicStmnt CovItemId="S14" CovItemPrefix="Month.java" Intrnl_Id="51">
<LocList>
<Loc EndOffset="685" SrcFileId="1" StartOffset="672"/>
</LocList>
</BasicStmnt>
</StmntSeq>
</Branch>
<Branch CovItemId="B6" CovItemPrefix="Month.java" Implct="false" Intrnl_Id="52">
<Cond>
<Loc EndOffset="693" SrcFileId="1" StartOffset="689"/>
</Cond>
<LocList>
<Loc EndOffset="710" SrcFileId="1" StartOffset="698"/>
</LocList>
<StmntSeq Intrnl_Id="53">
<LocList>
<Loc EndOffset="710" SrcFileId="1" StartOffset="698"/>
</LocList>
<BasicStmnt CovItemId="S15" CovItemPrefix="Month.java" Intrnl_Id="54">
<LocList>
<Loc EndOffset="710" SrcFileId="1" StartOffset="698"/>
</LocList>
</BasicStmnt>
</StmntSeq>
</Branch>
<Keyword EndOffset="649" SrcFileId="1" StartOffset="647"/>
<LocList>
<Loc EndOffset="710" SrcFileId="1" StartOffset="647"/>
</LocList>
<RootTerm CovItemId="C3" CovItemPrefix="Month.java" Intrnl_Id="55">
<BasicBoolTerm Intrnl_Id="56">
<LocList>
<Loc EndOffset="666" SrcFileId="1" StartOffset="651"/>
</LocList>
</BasicBoolTerm>
</RootTerm>
</CondStmnt>
</StmntSeq>
</HierarchyLvl>
<HierarchyLvl HierarchyLvlId="290" HierarchyLvlTypeId="8" Intrnl_Id="57" Name="isValid">
<Header>
<Loc EndOffset="743" SrcFileId="1" StartOffset="719"/>
</Header>
<LocList>
<Loc EndOffset="874" SrcFileId="1" StartOffset="719"/>
</LocList>
<StmntSeq Intrnl_Id="58">
<LocList>
<Loc EndOffset="851" SrcFileId="1" StartOffset="749"/>
<Loc EndOffset="868" SrcFileId="1" StartOffset="855"/>
</LocList>
<CondStmnt CovItemId="S16" CovItemPrefix="Month.java" Intrnl_Id="59">
<Branch CovItemId="B7" CovItemPrefix="Month.java" Implct="false" Intrnl_Id="60">
<Cond/>
<LocList>
<Loc EndOffset="851" SrcFileId="1" StartOffset="783"/>
</LocList>
<StmntSeq Intrnl_Id="61">
<LocList>
<Loc EndOffset="851" SrcFileId="1" StartOffset="783"/>
</LocList>
<CondStmnt CovItemId="S17" CovItemPrefix="Month.java" Intrnl_Id="62">
<Branch CovItemId="B9" CovItemPrefix="Month.java" Implct="false" Intrnl_Id="63">
<Cond/>
<LocList>
<Loc EndOffset="851" SrcFileId="1" StartOffset="839"/>
</LocList>
<StmntSeq Intrnl_Id="64">
<LocList>
<Loc EndOffset="851" SrcFileId="1" StartOffset="839"/>
</LocList>
<BasicStmnt CovItemId="S18" CovItemPrefix="Month.java" Intrnl_Id="65">
<LocList>
<Loc EndOffset="851" SrcFileId="1" StartOffset="839"/>
</LocList>
</BasicStmnt>
</StmntSeq>
</Branch>
<Branch CovItemId="B10" CovItemPrefix="Month.java" Implct="true" Intrnl_Id="66">
<Cond/>
<LocList/>
<StmntSeq Intrnl_Id="67">
<LocList/>
</StmntSeq>
</Branch>
<Keyword EndOffset="785" SrcFileId="1" StartOffset="783"/>
<LocList>
<Loc EndOffset="851" SrcFileId="1" StartOffset="783"/>
</LocList>
<RootTerm CovItemId="C5" CovItemPrefix="Month.java" Intrnl_Id="68">
<OpTerm BooleanOpId="6" Intrnl_Id="69">
<BasicBoolTerm Intrnl_Id="70">
<LocList>
<Loc EndOffset="807" SrcFileId="1" StartOffset="787"/>
</LocList>
</BasicBoolTerm>
<BasicBoolTerm Intrnl_Id="71">
<LocList>
<Loc EndOffset="832" SrcFileId="1" StartOffset="811"/>
</LocList>
</BasicBoolTerm>
<LocList>
<Loc EndOffset="810" SrcFileId="1" StartOffset="808"/>
</LocList>
</OpTerm>
</RootTerm>
</CondStmnt>
</StmntSeq>
</Branch>
<Branch CovItemId="B8" CovItemPrefix="Month.java" Implct="true" Intrnl_Id="72">
<Cond/>
<LocList/>
<StmntSeq Intrnl_Id="73">
<LocList/>
</StmntSeq>
</Branch>
<Keyword EndOffset="751" SrcFileId="1" StartOffset="749"/>
<LocList>
<Loc EndOffset="851" SrcFileId="1" StartOffset="749"/>
</LocList>
<RootTerm CovItemId="C4" CovItemPrefix="Month.java" Intrnl_Id="74">
<OpTerm BooleanOpId="6" Intrnl_Id="75">
<BasicBoolTerm Intrnl_Id="76">
<LocList>
<Loc EndOffset="762" SrcFileId="1" StartOffset="753"/>
</LocList>
</BasicBoolTerm>
<BasicBoolTerm Intrnl_Id="77">
<LocList>
<Loc EndOffset="777" SrcFileId="1" StartOffset="766"/>
</LocList>
</BasicBoolTerm>
<LocList>
<Loc EndOffset="765" SrcFileId="1" StartOffset="763"/>
</LocList>
</OpTerm>
</RootTerm>
</CondStmnt>
<BasicStmnt CovItemId="S19" CovItemPrefix="Month.java" Intrnl_Id="78">
<LocList>
<Loc EndOffset="868" SrcFileId="1" StartOffset="855"/>
</LocList>
</BasicStmnt>
</StmntSeq>
</HierarchyLvl>
<HierarchyLvl HierarchyLvlId="291" HierarchyLvlTypeId="8" Intrnl_Id="79" Name="equals">
<Header>
<Loc EndOffset="910" SrcFileId="1" StartOffset="879"/>
</Header>
<LocList>
<Loc EndOffset="1074" SrcFileId="1" StartOffset="879"/>
</LocList>
<StmntSeq Intrnl_Id="80">
<LocList>
<Loc EndOffset="1053" SrcFileId="1" StartOffset="916"/>
<Loc EndOffset="1070" SrcFileId="1" StartOffset="1057"/>
</LocList>
<CondStmnt CovItemId="S20" CovItemPrefix="Month.java" Intrnl_Id="81">
<Branch CovItemId="B11" CovItemPrefix="Month.java" Implct="false" Intrnl_Id="82">
<Cond/>
<LocList>
<Loc EndOffset="1053" SrcFileId="1" StartOffset="940"/>
</LocList>
<StmntSeq Intrnl_Id="83">
<LocList>
<Loc EndOffset="1048" SrcFileId="1" StartOffset="946"/>
</LocList>
<CondStmnt CovItemId="S21" CovItemPrefix="Month.java" Intrnl_Id="84">
<Branch CovItemId="B13" CovItemPrefix="Month.java" Implct="false" Intrnl_Id="85">
<Cond/>
<LocList>
<Loc EndOffset="1048" SrcFileId="1" StartOffset="1036"/>
</LocList>
<StmntSeq Intrnl_Id="86">
<LocList>
<Loc EndOffset="1048" SrcFileId="1" StartOffset="1036"/>
</LocList>
<BasicStmnt CovItemId="S22" CovItemPrefix="Month.java" Intrnl_Id="87">
<LocList>
<Loc EndOffset="1048" SrcFileId="1" StartOffset="1036"/>
</LocList>
</BasicStmnt>
</StmntSeq>
</Branch>
<Branch CovItemId="B14" CovItemPrefix="Month.java" Implct="true" Intrnl_Id="88">
<Cond/>
<LocList/>
<StmntSeq Intrnl_Id="89">
<LocList/>
</StmntSeq>
</Branch>
<Keyword EndOffset="948" SrcFileId="1" StartOffset="946"/>
<LocList>
<Loc EndOffset="1048" SrcFileId="1" StartOffset="946"/>
</LocList>
<RootTerm CovItemId="C7" CovItemPrefix="Month.java" Intrnl_Id="90">
<OpTerm BooleanOpId="6" Intrnl_Id="91">
<BasicBoolTerm Intrnl_Id="92">
<LocList>
<Loc EndOffset="991" SrcFileId="1" StartOffset="950"/>
</LocList>
</BasicBoolTerm>
<BasicBoolTerm Intrnl_Id="93">
<LocList>
<Loc EndOffset="1029" SrcFileId="1" StartOffset="1001"/>
</LocList>
</BasicBoolTerm>
<LocList>
<Loc EndOffset="1000" SrcFileId="1" StartOffset="998"/>
</LocList>
</OpTerm>
</RootTerm>
</CondStmnt>
</StmntSeq>
</Branch>
<Branch CovItemId="B12" CovItemPrefix="Month.java" Implct="true" Intrnl_Id="94">
<Cond/>
<LocList/>
<StmntSeq Intrnl_Id="95">
<LocList/>
</StmntSeq>
</Branch>
<Keyword EndOffset="918" SrcFileId="1" StartOffset="916"/>
<LocList>
<Loc EndOffset="1053" SrcFileId="1" StartOffset="916"/>
</LocList>
<RootTerm CovItemId="C6" CovItemPrefix="Month.java" Intrnl_Id="96">
<BasicBoolTerm Intrnl_Id="97">
<LocList>
<Loc EndOffset="938" SrcFileId="1" StartOffset="920"/>
</LocList>
</BasicBoolTerm>
</RootTerm>
</CondStmnt>
<BasicStmnt CovItemId="S23" CovItemPrefix="Month.java" Intrnl_Id="98">
<LocList>
<Loc EndOffset="1070" SrcFileId="1" StartOffset="1057"/>
</LocList>
</BasicStmnt>
</StmntSeq>
</HierarchyLvl>
</HierarchyLvl>
<HierarchyLvl HierarchyLvlId="299" HierarchyLvlTypeId="7" Intrnl_Id="99" Name="Day">
<Header>
<Loc EndOffset="37" SrcFileId="2" StartOffset="0"/>
</Header>
<LocList>
<Loc EndOffset="857" SrcFileId="2" StartOffset="0"/>
</LocList>
<HierarchyLvl HierarchyLvlId="293" HierarchyLvlTypeId="8" Intrnl_Id="100" Name="Day">
<Header>
<Loc EndOffset="92" SrcFileId="2" StartOffset="63"/>
</Header>
<LocList>
<Loc EndOffset="118" SrcFileId="2" StartOffset="63"/>
</LocList>
<StmntSeq Intrnl_Id="101">
<LocList>
<Loc EndOffset="114" SrcFileId="2" StartOffset="98"/>
</LocList>
<BasicStmnt CovItemId="S1" CovItemPrefix="Day.java" Intrnl_Id="102">
<LocList>
<Loc EndOffset="114" SrcFileId="2" StartOffset="98"/>
</LocList>
</BasicStmnt>
</StmntSeq>
</HierarchyLvl>
<HierarchyLvl HierarchyLvlId="294" HierarchyLvlTypeId="8" Intrnl_Id="103" Name="increment">
<Header>
<Loc EndOffset="149" SrcFileId="2" StartOffset="123"/>
</Header>
<LocList>
<Loc EndOffset="257" SrcFileId="2" StartOffset="123"/>
</LocList>
<StmntSeq Intrnl_Id="104">
<LocList>
<Loc EndOffset="171" SrcFileId="2" StartOffset="155"/>
<Loc EndOffset="253" SrcFileId="2" StartOffset="175"/>
</LocList>
<BasicStmnt CovItemId="S2" CovItemPrefix="Day.java" Intrnl_Id="105">
<LocList>
<Loc EndOffset="171" SrcFileId="2" StartOffset="155"/>
</LocList>
</BasicStmnt>
<CondStmnt CovItemId="S3" CovItemPrefix="Day.java" Intrnl_Id="106">
<Branch CovItemId="B1" CovItemPrefix="Day.java" Implct="false" Intrnl_Id="107">
<Cond/>
<LocList>
<Loc EndOffset="227" SrcFileId="2" StartOffset="215"/>
</LocList>
<StmntSeq Intrnl_Id="108">
<LocList>
<Loc EndOffset="227" SrcFileId="2" StartOffset="215"/>
</LocList>
<BasicStmnt CovItemId="S4" CovItemPrefix="Day.java" Intrnl_Id="109">
<LocList>
<Loc EndOffset="227" SrcFileId="2" StartOffset="215"/>
</LocList>
</BasicStmnt>
</StmntSeq>
</Branch>
<Branch CovItemId="B2" CovItemPrefix="Day.java" Implct="false" Intrnl_Id="110">
<Cond>
<Loc EndOffset="235" SrcFileId="2" StartOffset="231"/>
</Cond>
<LocList>
<Loc EndOffset="253" SrcFileId="2" StartOffset="240"/>
</LocList>
<StmntSeq Intrnl_Id="111">
<LocList>
<Loc EndOffset="253" SrcFileId="2" StartOffset="240"/>
</LocList>
<BasicStmnt CovItemId="S5" CovItemPrefix="Day.java" Intrnl_Id="112">
<LocList>
<Loc EndOffset="253" SrcFileId="2" StartOffset="240"/>
</LocList>
</BasicStmnt>
</StmntSeq>
</Branch>
<Keyword EndOffset="177" SrcFileId="2" StartOffset="175"/>
<LocList>
<Loc EndOffset="253" SrcFileId="2" StartOffset="175"/>
</LocList>
<RootTerm CovItemId="C1" CovItemPrefix="Day.java" Intrnl_Id="113">
<BasicBoolTerm Intrnl_Id="114">
<LocList>
<Loc EndOffset="209" SrcFileId="2" StartOffset="179"/>
</LocList>
</BasicBoolTerm>
</RootTerm>
</CondStmnt>
</StmntSeq>
</HierarchyLvl>
<HierarchyLvl HierarchyLvlId="295" HierarchyLvlTypeId="8" Intrnl_Id="115" Name="setDay">
<Header>
<Loc EndOffset="299" SrcFileId="2" StartOffset="262"/>
</Header>
<LocList>
<Loc EndOffset="434" SrcFileId="2" StartOffset="262"/>
</LocList>
<StmntSeq Intrnl_Id="116">
<LocList>
<Loc EndOffset="325" SrcFileId="2" StartOffset="305"/>
<Loc EndOffset="340" SrcFileId="2" StartOffset="329"/>
<Loc EndOffset="430" SrcFileId="2" StartOffset="344"/>
</LocList>
<BasicStmnt CovItemId="S6" CovItemPrefix="Day.java" Intrnl_Id="117">
<LocList>
<Loc EndOffset="325" SrcFileId="2" StartOffset="305"/>
</LocList>
</BasicStmnt>
<BasicStmnt CovItemId="S7" CovItemPrefix="Day.java" Intrnl_Id="118">
<LocList>
<Loc EndOffset="340" SrcFileId="2" StartOffset="329"/>
</LocList>
</BasicStmnt>
<CondStmnt CovItemId="S8" CovItemPrefix="Day.java" Intrnl_Id="119">
<Branch CovItemId="B3" CovItemPrefix="Day.java" Implct="false" Intrnl_Id="120">
<Cond/>
<LocList>
<Loc EndOffset="430" SrcFileId="2" StartOffset="365"/>
</LocList>
<StmntSeq Intrnl_Id="121">
<LocList>
<Loc EndOffset="425" SrcFileId="2" StartOffset="371"/>
</LocList>
<BasicStmnt CovItemId="S9" CovItemPrefix="Day.java" Intrnl_Id="122">
<LocList>
<Loc EndOffset="425" SrcFileId="2" StartOffset="371"/>
</LocList>
</BasicStmnt>
</StmntSeq>
</Branch>
<Branch CovItemId="B4" CovItemPrefix="Day.java" Implct="true" Intrnl_Id="123">
<Cond/>
<LocList/>
<StmntSeq Intrnl_Id="124">
<LocList/>
</StmntSeq>
</Branch>
<Keyword EndOffset="346" SrcFileId="2" StartOffset="344"/>
<LocList>
<Loc EndOffset="430" SrcFileId="2" StartOffset="344"/>
</LocList>
<RootTerm CovItemId="C2" CovItemPrefix="Day.java" Intrnl_Id="125">
<OpTerm BooleanOpId="5" Intrnl_Id="126">
<BasicBoolTerm Intrnl_Id="127">
<LocList>
<Loc EndOffset="363" SrcFileId="2" StartOffset="349"/>
</LocList>
</BasicBoolTerm>
<LocList>
<Loc EndOffset="349" SrcFileId="2" StartOffset="348"/>
</LocList>
</OpTerm>
</RootTerm>
</CondStmnt>
</StmntSeq>
</HierarchyLvl>
<HierarchyLvl HierarchyLvlId="296" HierarchyLvlTypeId="8" Intrnl_Id="128" Name="getDay">
<Header>
<Loc EndOffset="458" SrcFileId="2" StartOffset="439"/>
</Header>
<LocList>
<Loc EndOffset="486" SrcFileId="2" StartOffset="439"/>
</LocList>
<StmntSeq Intrnl_Id="129">
<LocList>
<Loc EndOffset="482" SrcFileId="2" StartOffset="464"/>
</LocList>
<BasicStmnt CovItemId="S10" CovItemPrefix="Day.java" Intrnl_Id="130">
<LocList>
<Loc EndOffset="482" SrcFileId="2" StartOffset="464"/>
</LocList>
</BasicStmnt>
</StmntSeq>
</HierarchyLvl>
<HierarchyLvl HierarchyLvlId="297" HierarchyLvlTypeId="8" Intrnl_Id="131" Name="isValid">
<Header>
<Loc EndOffset="515" SrcFileId="2" StartOffset="491"/>
</Header>
<LocList>
<Loc EndOffset="660" SrcFileId="2" StartOffset="491"/>
</LocList>
<StmntSeq Intrnl_Id="132">
<LocList>
<Loc EndOffset="637" SrcFileId="2" StartOffset="521"/>
<Loc EndOffset="654" SrcFileId="2" StartOffset="641"/>
</LocList>
<CondStmnt CovItemId="S11" CovItemPrefix="Day.java" Intrnl_Id="133">
<Branch CovItemId="B5" CovItemPrefix="Day.java" Implct="false" Intrnl_Id="134">
<Cond/>
<LocList>
<Loc EndOffset="637" SrcFileId="2" StartOffset="555"/>
</LocList>
<StmntSeq Intrnl_Id="135">
<LocList>
<Loc EndOffset="637" SrcFileId="2" StartOffset="555"/>
</LocList>
<CondStmnt CovItemId="S12" CovItemPrefix="Day.java" Intrnl_Id="136">
<Branch CovItemId="B7" CovItemPrefix="Day.java" Implct="false" Intrnl_Id="137">
<Cond/>
<LocList>
<Loc EndOffset="637" SrcFileId="2" StartOffset="625"/>
</LocList>
<StmntSeq Intrnl_Id="138">
<LocList>
<Loc EndOffset="637" SrcFileId="2" StartOffset="625"/>
</LocList>
<BasicStmnt CovItemId="S13" CovItemPrefix="Day.java" Intrnl_Id="139">
<LocList>
<Loc EndOffset="637" SrcFileId="2" StartOffset="625"/>
</LocList>
</BasicStmnt>
</StmntSeq>
</Branch>
<Branch CovItemId="B8" CovItemPrefix="Day.java" Implct="true" Intrnl_Id="140">
<Cond/>
<LocList/>
<StmntSeq Intrnl_Id="141">
<LocList/>
</StmntSeq>
</Branch>
<Keyword EndOffset="557" SrcFileId="2" StartOffset="555"/>
<LocList>
<Loc EndOffset="637" SrcFileId="2" StartOffset="555"/>
</LocList>
<RootTerm CovItemId="C4" CovItemPrefix="Day.java" Intrnl_Id="142">
<OpTerm BooleanOpId="6" Intrnl_Id="143">
<BasicBoolTerm Intrnl_Id="144">
<LocList>
<Loc EndOffset="579" SrcFileId="2" StartOffset="559"/>
</LocList>
</BasicBoolTerm>
<BasicBoolTerm Intrnl_Id="145">
<LocList>
<Loc EndOffset="618" SrcFileId="2" StartOffset="583"/>
</LocList>
</BasicBoolTerm>
<LocList>
<Loc EndOffset="582" SrcFileId="2" StartOffset="580"/>
</LocList>
</OpTerm>
</RootTerm>
</CondStmnt>
</StmntSeq>
</Branch>
<Branch CovItemId="B6" CovItemPrefix="Day.java" Implct="true" Intrnl_Id="146">
<Cond/>
<LocList/>
<StmntSeq Intrnl_Id="147">
<LocList/>
</StmntSeq>
</Branch>
<Keyword EndOffset="523" SrcFileId="2" StartOffset="521"/>
<LocList>
<Loc EndOffset="637" SrcFileId="2" StartOffset="521"/>
</LocList>
<RootTerm CovItemId="C3" CovItemPrefix="Day.java" Intrnl_Id="148">
<OpTerm BooleanOpId="6" Intrnl_Id="149">
<BasicBoolTerm Intrnl_Id="150">
<LocList>
<Loc EndOffset="534" SrcFileId="2" StartOffset="525"/>
</LocList>
</BasicBoolTerm>
<BasicBoolTerm Intrnl_Id="151">
<LocList>
<Loc EndOffset="549" SrcFileId="2" StartOffset="538"/>
</LocList>
</BasicBoolTerm>
<LocList>
<Loc EndOffset="537" SrcFileId="2" StartOffset="535"/>
</LocList>
</OpTerm>
</RootTerm>
</CondStmnt>
<BasicStmnt CovItemId="S14" CovItemPrefix="Day.java" Intrnl_Id="152">
<LocList>
<Loc EndOffset="654" SrcFileId="2" StartOffset="641"/>
</LocList>
</BasicStmnt>
</StmntSeq>
</HierarchyLvl>
<HierarchyLvl HierarchyLvlId="298" HierarchyLvlTypeId="8" Intrnl_Id="153" Name="equals">
<Header>
<Loc EndOffset="696" SrcFileId="2" StartOffset="665"/>
</Header>
<LocList>
<Loc EndOffset="854" SrcFileId="2" StartOffset="665"/>
</LocList>
<StmntSeq Intrnl_Id="154">
<LocList>
<Loc EndOffset="833" SrcFileId="2" StartOffset="702"/>
<Loc EndOffset="850" SrcFileId="2" StartOffset="837"/>
</LocList>
<CondStmnt CovItemId="S15" CovItemPrefix="Day.java" Intrnl_Id="155">
<Branch CovItemId="B9" CovItemPrefix="Day.java" Implct="false" Intrnl_Id="156">
<Cond/>
<LocList>
<Loc EndOffset="833" SrcFileId="2" StartOffset="724"/>
</LocList>
<StmntSeq Intrnl_Id="157">
<LocList>
<Loc EndOffset="828" SrcFileId="2" StartOffset="730"/>
</LocList>
<CondStmnt CovItemId="S16" CovItemPrefix="Day.java" Intrnl_Id="158">
<Branch CovItemId="B11" CovItemPrefix="Day.java" Implct="false" Intrnl_Id="159">
<Cond/>
<LocList>
<Loc EndOffset="828" SrcFileId="2" StartOffset="816"/>
</LocList>
<StmntSeq Intrnl_Id="160">
<LocList>
<Loc EndOffset="828" SrcFileId="2" StartOffset="816"/>
</LocList>
<BasicStmnt CovItemId="S17" CovItemPrefix="Day.java" Intrnl_Id="161">
<LocList>
<Loc EndOffset="828" SrcFileId="2" StartOffset="816"/>
</LocList>
</BasicStmnt>
</StmntSeq>
</Branch>
<Branch CovItemId="B12" CovItemPrefix="Day.java" Implct="true" Intrnl_Id="162">
<Cond/>
<LocList/>
<StmntSeq Intrnl_Id="163">
<LocList/>
</StmntSeq>
</Branch>
<Keyword EndOffset="732" SrcFileId="2" StartOffset="730"/>
<LocList>
<Loc EndOffset="828" SrcFileId="2" StartOffset="730"/>
</LocList>
<RootTerm CovItemId="C6" CovItemPrefix="Day.java" Intrnl_Id="164">
<OpTerm BooleanOpId="6" Intrnl_Id="165">
<BasicBoolTerm Intrnl_Id="166">
<LocList>
<Loc EndOffset="773" SrcFileId="2" StartOffset="734"/>
</LocList>
</BasicBoolTerm>
<BasicBoolTerm Intrnl_Id="167">
<LocList>
<Loc EndOffset="809" SrcFileId="2" StartOffset="783"/>
</LocList>
</BasicBoolTerm>
<LocList>
<Loc EndOffset="782" SrcFileId="2" StartOffset="780"/>
</LocList>
</OpTerm>
</RootTerm>
</CondStmnt>
</StmntSeq>
</Branch>
<Branch CovItemId="B10" CovItemPrefix="Day.java" Implct="true" Intrnl_Id="168">
<Cond/>
<LocList/>
<StmntSeq Intrnl_Id="169">
<LocList/>
</StmntSeq>
</Branch>
<Keyword EndOffset="704" SrcFileId="2" StartOffset="702"/>
<LocList>
<Loc EndOffset="833" SrcFileId="2" StartOffset="702"/>
</LocList>
<RootTerm CovItemId="C5" CovItemPrefix="Day.java" Intrnl_Id="170">
<BasicBoolTerm Intrnl_Id="171">
<LocList>
<Loc EndOffset="722" SrcFileId="2" StartOffset="706"/>
</LocList>
</BasicBoolTerm>
</RootTerm>
</CondStmnt>
<BasicStmnt CovItemId="S18" CovItemPrefix="Day.java" Intrnl_Id="172">
<LocList>
<Loc EndOffset="850" SrcFileId="2" StartOffset="837"/>
</LocList>
</BasicStmnt>
</StmntSeq>
</HierarchyLvl>
</HierarchyLvl>
<HierarchyLvl HierarchyLvlId="308" HierarchyLvlTypeId="7" Intrnl_Id="173" Name="Date">
<Header>
<Loc EndOffset="17" SrcFileId="3" StartOffset="0"/>
</Header>
<LocList>
<Loc EndOffset="928" SrcFileId="3" StartOffset="0"/>
</LocList>
<HierarchyLvl HierarchyLvlId="300" HierarchyLvlTypeId="8" Intrnl_Id="174" Name="Date">
<Header>
<Loc EndOffset="122" SrcFileId="3" StartOffset="78"/>
</Header>
<LocList>
<Loc EndOffset="206" SrcFileId="3" StartOffset="78"/>
</LocList>
<StmntSeq Intrnl_Id="175">
<LocList>
<Loc EndOffset="148" SrcFileId="3" StartOffset="128"/>
<Loc EndOffset="177" SrcFileId="3" StartOffset="152"/>
<Loc EndOffset="202" SrcFileId="3" StartOffset="181"/>
</LocList>
<BasicStmnt CovItemId="S1" CovItemPrefix="Date.java" Intrnl_Id="176">
<LocList>
<Loc EndOffset="148" SrcFileId="3" StartOffset="128"/>
</LocList>
</BasicStmnt>
<BasicStmnt CovItemId="S2" CovItemPrefix="Date.java" Intrnl_Id="177">
<LocList>
<Loc EndOffset="177" SrcFileId="3" StartOffset="152"/>
</LocList>
</BasicStmnt>
<BasicStmnt CovItemId="S3" CovItemPrefix="Date.java" Intrnl_Id="178">
<LocList>
<Loc EndOffset="202" SrcFileId="3" StartOffset="181"/>
</LocList>
</BasicStmnt>
</StmntSeq>
</HierarchyLvl>
<HierarchyLvl HierarchyLvlId="301" HierarchyLvlTypeId="8" Intrnl_Id="179" Name="increment">
<Header>
<Loc EndOffset="234" SrcFileId="3" StartOffset="211"/>
</Header>
<LocList>
<Loc EndOffset="365" SrcFileId="3" StartOffset="211"/>
</LocList>
<StmntSeq Intrnl_Id="180">
<LocList>
<Loc EndOffset="361" SrcFileId="3" StartOffset="240"/>
</LocList>
<CondStmnt CovItemId="S4" CovItemPrefix="Date.java" Intrnl_Id="181">
<Branch CovItemId="B1" CovItemPrefix="Date.java" Implct="false" Intrnl_Id="182">
<Cond/>
<LocList>
<Loc EndOffset="361" SrcFileId="3" StartOffset="260"/>
</LocList>
<StmntSeq Intrnl_Id="183">
<LocList>
<Loc EndOffset="336" SrcFileId="3" StartOffset="266"/>
<Loc EndOffset="356" SrcFileId="3" StartOffset="341"/>
</LocList>
<CondStmnt CovItemId="S5" CovItemPrefix="Date.java" Intrnl_Id="184">
<Branch CovItemId="B3" CovItemPrefix="Date.java" Implct="false" Intrnl_Id="185">
<Cond/>
<LocList>
<Loc EndOffset="336" SrcFileId="3" StartOffset="286"/>
</LocList>
<StmntSeq Intrnl_Id="186">
<LocList>
<Loc EndOffset="307" SrcFileId="3" StartOffset="293"/>
<Loc EndOffset="330" SrcFileId="3" StartOffset="313"/>
</LocList>
<BasicStmnt CovItemId="S6" CovItemPrefix="Date.java" Intrnl_Id="187">
<LocList>
<Loc EndOffset="307" SrcFileId="3" StartOffset="293"/>
</LocList>
</BasicStmnt>
<BasicStmnt CovItemId="S7" CovItemPrefix="Date.java" Intrnl_Id="188">
<LocList>
<Loc EndOffset="330" SrcFileId="3" StartOffset="313"/>
</LocList>
</BasicStmnt>
</StmntSeq>
</Branch>
<Branch CovItemId="B4" CovItemPrefix="Date.java" Implct="true" Intrnl_Id="189">
<Cond/>
<LocList/>
<StmntSeq Intrnl_Id="190">
<LocList/>
</StmntSeq>
</Branch>
<Keyword EndOffset="268" SrcFileId="3" StartOffset="266"/>
<LocList>
<Loc EndOffset="336" SrcFileId="3" StartOffset="266"/>
</LocList>
<RootTerm CovItemId="C2" CovItemPrefix="Date.java" Intrnl_Id="191">
<OpTerm BooleanOpId="5" Intrnl_Id="192">
<BasicBoolTerm Intrnl_Id="193">
<LocList>
<Loc EndOffset="284" SrcFileId="3" StartOffset="271"/>
</LocList>
</BasicBoolTerm>
<LocList>
<Loc EndOffset="271" SrcFileId="3" StartOffset="270"/>
</LocList>
</OpTerm>
</RootTerm>
</CondStmnt>
<BasicStmnt CovItemId="S8" CovItemPrefix="Date.java" Intrnl_Id="194">
<LocList>
<Loc EndOffset="356" SrcFileId="3" StartOffset="341"/>
</LocList>
</BasicStmnt>
</StmntSeq>
</Branch>
<Branch CovItemId="B2" CovItemPrefix="Date.java" Implct="true" Intrnl_Id="195">
<Cond/>
<LocList/>
<StmntSeq Intrnl_Id="196">
<LocList/>
</StmntSeq>
</Branch>
<Keyword EndOffset="242" SrcFileId="3" StartOffset="240"/>
<LocList>
<Loc EndOffset="361" SrcFileId="3" StartOffset="240"/>
</LocList>
<RootTerm CovItemId="C1" CovItemPrefix="Date.java" Intrnl_Id="197">
<OpTerm BooleanOpId="5" Intrnl_Id="198">
<BasicBoolTerm Intrnl_Id="199">
<LocList>
<Loc EndOffset="258" SrcFileId="3" StartOffset="245"/>
</LocList>
</BasicBoolTerm>
<LocList>
<Loc EndOffset="245" SrcFileId="3" StartOffset="244"/>
</LocList>
</OpTerm>
</RootTerm>
</CondStmnt>
</StmntSeq>
</HierarchyLvl>
<HierarchyLvl HierarchyLvlId="302" HierarchyLvlTypeId="8" Intrnl_Id="200" Name="printDate">
<Header>
<Loc EndOffset="393" SrcFileId="3" StartOffset="370"/>
</Header>
<LocList>
<Loc EndOffset="475" SrcFileId="3" StartOffset="370"/>
</LocList>
<StmntSeq Intrnl_Id="201">
<LocList>
<Loc EndOffset="471" SrcFileId="3" StartOffset="399"/>
</LocList>
<BasicStmnt CovItemId="S9" CovItemPrefix="Date.java" Intrnl_Id="202">
<LocList>
<Loc EndOffset="471" SrcFileId="3" StartOffset="399"/>
</LocList>
</BasicStmnt>
</StmntSeq>
</HierarchyLvl>
<HierarchyLvl HierarchyLvlId="303" HierarchyLvlTypeId="8" Intrnl_Id="203" Name="getDay">
<Header>
<Loc EndOffset="499" SrcFileId="3" StartOffset="480"/>
</Header>
<LocList>
<Loc EndOffset="518" SrcFileId="3" StartOffset="480"/>
</LocList>
<StmntSeq Intrnl_Id="204">
<LocList>
<Loc EndOffset="514" SrcFileId="3" StartOffset="505"/>
</LocList>
<BasicStmnt CovItemId="S10" CovItemPrefix="Date.java" Intrnl_Id="205">
<LocList>
<Loc EndOffset="514" SrcFileId="3" StartOffset="505"/>
</LocList>
</BasicStmnt>
</StmntSeq>
</HierarchyLvl>
<HierarchyLvl HierarchyLvlId="304" HierarchyLvlTypeId="8" Intrnl_Id="206" Name="getMonth">
<Header>
<Loc EndOffset="546" SrcFileId="3" StartOffset="523"/>
</Header>
<LocList>
<Loc EndOffset="565" SrcFileId="3" StartOffset="523"/>
</LocList>
<StmntSeq Intrnl_Id="207">
<LocList>
<Loc EndOffset="561" SrcFileId="3" StartOffset="552"/>
</LocList>
<BasicStmnt CovItemId="S11" CovItemPrefix="Date.java" Intrnl_Id="208">
<LocList>
<Loc EndOffset="561" SrcFileId="3" StartOffset="552"/>
</LocList>
</BasicStmnt>
</StmntSeq>
</HierarchyLvl>
<HierarchyLvl HierarchyLvlId="305" HierarchyLvlTypeId="8" Intrnl_Id="209" Name="getYear">
<Header>
<Loc EndOffset="591" SrcFileId="3" StartOffset="570"/>
</Header>
<LocList>
<Loc EndOffset="610" SrcFileId="3" StartOffset="570"/>
</LocList>
<StmntSeq Intrnl_Id="210">
<LocList>
<Loc EndOffset="606" SrcFileId="3" StartOffset="597"/>
</LocList>
<BasicStmnt CovItemId="S12" CovItemPrefix="Date.java" Intrnl_Id="211">
<LocList>
<Loc EndOffset="606" SrcFileId="3" StartOffset="597"/>
</LocList>
</BasicStmnt>
</StmntSeq>
</HierarchyLvl>
<HierarchyLvl HierarchyLvlId="306" HierarchyLvlTypeId="8" Intrnl_Id="212" Name="equals">
<Header>
<Loc EndOffset="646" SrcFileId="3" StartOffset="615"/>
</Header>
<LocList>
<Loc EndOffset="825" SrcFileId="3" StartOffset="615"/>
</LocList>
<StmntSeq Intrnl_Id="213">
<LocList>
<Loc EndOffset="804" SrcFileId="3" StartOffset="652"/>
<Loc EndOffset="821" SrcFileId="3" StartOffset="808"/>
</LocList>
<CondStmnt CovItemId="S13" CovItemPrefix="Date.java" Intrnl_Id="214">
<Branch CovItemId="B5" CovItemPrefix="Date.java" Implct="false" Intrnl_Id="215">
<Cond/>
<LocList>
<Loc EndOffset="804" SrcFileId="3" StartOffset="675"/>
</LocList>
<StmntSeq Intrnl_Id="216">
<LocList>
<Loc EndOffset="799" SrcFileId="3" StartOffset="681"/>
</LocList>
<CondStmnt CovItemId="S14" CovItemPrefix="Date.java" Intrnl_Id="217">
<Branch CovItemId="B7" CovItemPrefix="Date.java" Implct="false" Intrnl_Id="218">
<Cond/>
<LocList>
<Loc EndOffset="799" SrcFileId="3" StartOffset="787"/>
</LocList>
<StmntSeq Intrnl_Id="219">
<LocList>
<Loc EndOffset="799" SrcFileId="3" StartOffset="787"/>
</LocList>
<BasicStmnt CovItemId="S15" CovItemPrefix="Date.java" Intrnl_Id="220">
<LocList>
<Loc EndOffset="799" SrcFileId="3" StartOffset="787"/>
</LocList>
</BasicStmnt>
</StmntSeq>
</Branch>
<Branch CovItemId="B8" CovItemPrefix="Date.java" Implct="true" Intrnl_Id="221">
<Cond/>
<LocList/>
<StmntSeq Intrnl_Id="222">
<LocList/>
</StmntSeq>
</Branch>
<Keyword EndOffset="683" SrcFileId="3" StartOffset="681"/>
<LocList>
<Loc EndOffset="799" SrcFileId="3" StartOffset="681"/>
</LocList>
<RootTerm CovItemId="C4" CovItemPrefix="Date.java" Intrnl_Id="223">
<OpTerm BooleanOpId="6" Intrnl_Id="224">
<OpTerm BooleanOpId="6" Intrnl_Id="225">
<BasicBoolTerm Intrnl_Id="226">
<LocList>
<Loc EndOffset="712" SrcFileId="3" StartOffset="685"/>
</LocList>
</BasicBoolTerm>
<BasicBoolTerm Intrnl_Id="227">
<LocList>
<Loc EndOffset="743" SrcFileId="3" StartOffset="716"/>
</LocList>
</BasicBoolTerm>
<LocList>
<Loc EndOffset="715" SrcFileId="3" StartOffset="713"/>
</LocList>
</OpTerm>
<BasicBoolTerm Intrnl_Id="228">
<LocList>
<Loc EndOffset="780" SrcFileId="3" StartOffset="753"/>
</LocList>
</BasicBoolTerm>
<LocList>
<Loc EndOffset="752" SrcFileId="3" StartOffset="750"/>
</LocList>
</OpTerm>
</RootTerm>
</CondStmnt>
</StmntSeq>
</Branch>
<Branch CovItemId="B6" CovItemPrefix="Date.java" Implct="true" Intrnl_Id="229">
<Cond/>
<LocList/>
<StmntSeq Intrnl_Id="230">
<LocList/>
</StmntSeq>
</Branch>
<Keyword EndOffset="654" SrcFileId="3" StartOffset="652"/>
<LocList>
<Loc EndOffset="804" SrcFileId="3" StartOffset="652"/>
</LocList>
<RootTerm CovItemId="C3" CovItemPrefix="Date.java" Intrnl_Id="231">
<BasicBoolTerm Intrnl_Id="232">
<LocList>
<Loc EndOffset="673" SrcFileId="3" StartOffset="656"/>
</LocList>
</BasicBoolTerm>
</RootTerm>
</CondStmnt>
<BasicStmnt CovItemId="S16" CovItemPrefix="Date.java" Intrnl_Id="233">
<LocList>
<Loc EndOffset="821" SrcFileId="3" StartOffset="808"/>
</LocList>
</BasicStmnt>
</StmntSeq>
</HierarchyLvl>
<HierarchyLvl HierarchyLvlId="307" HierarchyLvlTypeId="8" Intrnl_Id="234" Name="toString">
<Header>
<Loc EndOffset="854" SrcFileId="3" StartOffset="830"/>
</Header>
<LocList>
<Loc EndOffset="925" SrcFileId="3" StartOffset="830"/>
</LocList>
<StmntSeq Intrnl_Id="235">
<LocList>
<Loc EndOffset="921" SrcFileId="3" StartOffset="860"/>
</LocList>
<BasicStmnt CovItemId="S17" CovItemPrefix="Date.java" Intrnl_Id="236">
<LocList>
<Loc EndOffset="921" SrcFileId="3" StartOffset="860"/>
</LocList>
</BasicStmnt>
</StmntSeq>
</HierarchyLvl>
</HierarchyLvl>
<HierarchyLvl HierarchyLvlId="313" HierarchyLvlTypeId="7" Intrnl_Id="237" Name="CalendarUnit">
<Header>
<Loc EndOffset="34" SrcFileId="4" StartOffset="0"/>
</Header>
<LocList>
<Loc EndOffset="298" SrcFileId="4" StartOffset="0"/>
</LocList>
<HierarchyLvl HierarchyLvlId="309" HierarchyLvlTypeId="8" Intrnl_Id="238" Name="setCurrentPos">
<Header>
<Loc EndOffset="114" SrcFileId="4" StartOffset="69"/>
</Header>
<LocList>
<Loc EndOffset="149" SrcFileId="4" StartOffset="69"/>
</LocList>
<StmntSeq Intrnl_Id="239">
<LocList>
<Loc EndOffset="145" SrcFileId="4" StartOffset="120"/>
</LocList>
<BasicStmnt CovItemId="S1" CovItemPrefix="CalendarUnit.java" Intrnl_Id="240">
<LocList>
<Loc EndOffset="145" SrcFileId="4" StartOffset="120"/>
</LocList>
</BasicStmnt>
</StmntSeq>
</HierarchyLvl>
<HierarchyLvl HierarchyLvlId="310" HierarchyLvlTypeId="8" Intrnl_Id="241" Name="getCurrentPos">
<Header>
<Loc EndOffset="183" SrcFileId="4" StartOffset="154"/>
</Header>
<LocList>
<Loc EndOffset="211" SrcFileId="4" StartOffset="154"/>
</LocList>
<StmntSeq Intrnl_Id="242">
<LocList>
<Loc EndOffset="207" SrcFileId="4" StartOffset="189"/>
</LocList>
<BasicStmnt CovItemId="S2" CovItemPrefix="CalendarUnit.java" Intrnl_Id="243">
<LocList>
<Loc EndOffset="207" SrcFileId="4" StartOffset="189"/>
</LocList>
</BasicStmnt>
</StmntSeq>
</HierarchyLvl>
<HierarchyLvl HierarchyLvlId="311" HierarchyLvlTypeId="8" Intrnl_Id="244" Name="increment">
<Header>
<Loc EndOffset="254" SrcFileId="4" StartOffset="216"/>
</Header>
<LocList>
<Loc EndOffset="255" SrcFileId="4" StartOffset="216"/>
</LocList>
</HierarchyLvl>
<HierarchyLvl HierarchyLvlId="312" HierarchyLvlTypeId="8" Intrnl_Id="245" Name="isValid">
<Header>
<Loc EndOffset="294" SrcFileId="4" StartOffset="258"/>
</Header>
<LocList>
<Loc EndOffset="295" SrcFileId="4" StartOffset="258"/>
</LocList>
</HierarchyLvl>
</HierarchyLvl>
</HierarchyLvl>
</MASTRoot>
</TestSessionContainer>
