<?xml version="1.0" encoding="UTF-8"?><TestSessionContainer xmlns="http://www.codecover.org/xml/testsession-container" Date="1368448523542" TestSessionContainerId="3bd8f322-8db4-43b9-ac3e-b4e768b33fa8" version="1.0">
<SrcFileList>
<SrcFile Content="&#13;&#10;import junit.framework.TestCase;&#13;&#10;&#13;&#10;&#13;&#10;public class Nextday extends TestCase{&#13;&#10;&#13;&#10; &#13;&#10;&#9;&#13;&#10;&#9;&#13;&#10;&#9;&#13;&#10;}&#13;&#10;" Filename="Nextday.java" Intrnl_Id="1"/>
<SrcFile Content="&#13;&#10;import org.junit.Test;&#13;&#10;&#13;&#10;import junit.framework.TestCase;&#13;&#10;&#13;&#10;&#13;&#10;public class MonthTest extends TestCase {&#13;&#10;&#9;&#13;&#10;&#9;/**&#13;&#10;&#9; * 测试类：Month&#13;&#10;&#9; * 测试方法：increment&#13;&#10;&#9; * 边界值测试&#13;&#10;&#9; */&#13;&#10;&#9;@Test&#13;&#10;&#9;public void testMonthIncrement() {&#13;&#10;&#9;&#9;Year year=new Year(2009);&#13;&#10;&#9;&#9;Month month=new Month(12, year);&#13;&#10;&#9;&#9;boolean b=month.increment();&#13;&#10;&#9;&#9;assertTrue(!b);&#13;&#10;&#9;&#9;Month month1=new Month(10, year);&#13;&#10;&#9;&#9;boolean b1=month1.increment();&#13;&#10;&#9;&#9;assertTrue(b1);&#13;&#10;&#9;}&#13;&#10;&#13;&#10;&#9;@Test&#13;&#10;&#9;public void testMonthIsValid() {&#13;&#10;&#9;&#9;Year year=new Year(1990);&#13;&#10;&#9;&#9;Month month=new Month(12, year);&#13;&#10;&#9;&#9;boolean b=month.isValid();&#13;&#10;&#9;&#9;assertTrue(b);&#13;&#10;&#9;&#9;month=new Month(1, year);&#13;&#10;&#9;&#9;b=month.isValid();&#13;&#10;&#9;&#9;assertTrue(b);&#13;&#10;&#9;}&#13;&#10;&#13;&#10;&#9;@Test&#13;&#10;&#9;public void testMonth() {&#13;&#10;&#9;&#9;Year year=new Year(1789);&#13;&#10;&#9;&#9;Month month=new Month(12, year);&#13;&#10;&#9;&#9;assertEquals(12, month.getCurrentPos());&#13;&#10;&#9;}&#13;&#10;&#13;&#10;&#9;@Test&#13;&#10;&#9;public void testMonthSetMonth() {&#13;&#10;&#9;&#9;Year year=new Year(1002);&#13;&#10;&#9;&#9;Month month=new Month(1, year);&#13;&#10;&#9;&#9;assertEquals(1, month.getCurrentPos());&#13;&#10;&#9;&#9;month.setMonth(2, year);&#13;&#10;&#9;&#9;assertEquals(2, month.getCurrentPos());&#13;&#10;&#9;}&#13;&#10;&#13;&#10;&#9;@Test&#13;&#10;&#9;public void testMonthGetMonth() {&#13;&#10;&#9;&#9;Year year=new Year(2010);&#13;&#10;&#9;&#9;Month month=new Month(9, year);&#13;&#10;&#9;&#9;assertEquals(9, month.getMonth());&#13;&#10;&#9;&#9;month=new Month(12, year);&#13;&#10;&#9;&#9;assertEquals(12, month.getMonth());&#13;&#10;&#9;}&#13;&#10;&#13;&#10;&#9;@Test&#13;&#10;&#9;public void testGetMonthSize() {&#13;&#10;&#9;&#9;Year year=new Year(1996);&#13;&#10;&#9;&#9;Month month=new Month(2, year);&#13;&#10;&#9;&#9;assertEquals(29, month.getMonthSize());&#13;&#10;&#9;&#9;Year year1=new Year(2100);&#13;&#10;&#9;&#9;Month month1=new Month(2, year1);&#13;&#10;&#9;&#9;assertEquals(28, month1.getMonthSize());&#13;&#10;&#9;}&#13;&#10;&#13;&#10;&#9;@Test&#13;&#10;&#9;public void testMonthEqualsObject() {&#13;&#10;&#9;&#9;Year year=new Year(2002);&#13;&#10;&#9;&#9;Month month=new Month(3, year);&#13;&#10;&#9;&#9;Month month1=new Month(3, year);&#13;&#10;&#9;&#9;boolean b=month.equals(month1);&#13;&#10;&#9;&#9;assertTrue(b);&#13;&#10;&#9;&#9;Month month2=new Month(12, year);&#13;&#10;&#9;&#9;b=month.equals(month2);&#13;&#10;&#9;&#9;assertTrue(!b);&#13;&#10;&#9;}&#13;&#10;&#13;&#10;}&#13;&#10;" Filename="MonthTest.java" Intrnl_Id="2"/>
<SrcFile Content="&#13;&#10;import org.junit.Test;&#13;&#10;&#13;&#10;import junit.framework.TestCase;&#13;&#10;&#13;&#10;&#13;&#10;public class DayTest extends TestCase {&#13;&#10;&#13;&#10;&#9;/**&#13;&#10;&#9; * 测试类：Day&#13;&#10;&#9; * 测试方法：increment&#13;&#10;&#9; * 边界值测试&#13;&#10;&#9; */&#13;&#10;&#9;@Test&#13;&#10;&#9;public void testDayIncrement() {&#13;&#10;&#9;&#9;Year year=new Year(2009);&#13;&#10;&#9;&#9;Month month=new Month(12, year);&#13;&#10;&#9;&#9;Day day=new Day(31, month);&#13;&#10;&#9;&#9;boolean b=day.increment();&#13;&#10;&#9;&#9;assertTrue(!b);&#13;&#10;&#9;&#9;Day day1=new Day(30, month);&#13;&#10;&#9;&#9;boolean b1=day1.increment();&#13;&#10;&#9;&#9;assertTrue(b1);&#13;&#10;&#9;}&#13;&#10;&#13;&#10;&#9;/**&#13;&#10;&#9; * 测试类：Day&#13;&#10;&#9; * 测试方法：isVaild&#13;&#10;&#9; * 边界值测试&#13;&#10;&#9; */&#13;&#10;&#9;@Test&#13;&#10;&#9;public void testDayIsValid() {&#13;&#10;&#9;&#9;Year year0=new Year(2000);&#13;&#10;&#9;&#9;Month month0=new Month(1, year0);&#13;&#10;&#9;&#9;Day day0=new Day(1, month0);&#13;&#10;&#9;&#9;boolean b0=day0.isValid();&#13;&#10;&#9;&#9;assertTrue(b0);&#13;&#10;&#9;&#9;Year year1=new Year(1999);&#13;&#10;&#9;&#9;Month month1=new Month(2, year1);&#13;&#10;&#9;&#9;Day day1=new Day(28, month1);&#13;&#10;&#9;&#9;boolean b1=day1.isValid();&#13;&#10;&#9;&#9;assertTrue(b1);&#13;&#10;&#9;}&#13;&#10;&#13;&#10;&#9;/**&#13;&#10;&#9; * 测试类：Day&#13;&#10;&#9; * 测试方法：day&#13;&#10;&#9; * 边界值测试&#13;&#10;&#9; */&#13;&#10;&#9;@Test&#13;&#10;&#9;public void testDay() {&#13;&#10;&#9;&#9;Year year=new Year(1992);&#13;&#10;&#9;&#9;Month month=new Month(1, year);&#13;&#10;&#9;&#9;Day day=new Day(1, month);&#13;&#10;&#9;&#9;assertEquals(1, day.getDay());&#13;&#10;&#9;}&#13;&#10;&#13;&#10;&#9;/**&#13;&#10;&#9; * 测试类：Day&#13;&#10;&#9; * 测试方法：setDay&#13;&#10;&#9; * 边界值测试&#13;&#10;&#9; */&#13;&#10;&#9;@Test&#13;&#10;&#9;public void testDaySetDay() {&#13;&#10;&#9;&#9;Year year=new Year(2000);&#13;&#10;&#9;&#9;Month month=new Month(12, year);&#13;&#10;&#9;&#9;Day day=new Day(29, month);&#13;&#10;&#9;&#9;assertEquals(29, day.getDay());&#13;&#10;&#9;&#9;day.setDay(31, month);&#13;&#10;&#9;&#9;assertEquals(31, day.getDay());&#13;&#10;&#9;}&#13;&#10;&#13;&#10;&#9;/**&#13;&#10;&#9; * 测试类：Day&#13;&#10;&#9; * 测试方法：getDay&#13;&#10;&#9; * 边界值测试&#13;&#10;&#9; */&#13;&#10;&#9;@Test&#13;&#10;&#9;public void testDayGetDay() {&#13;&#10;&#9;&#9;Year year=new Year(2030);&#13;&#10;&#9;&#9;Month month=new Month(2, year);&#13;&#10;&#9;&#9;Day day=new Day(28, month);&#13;&#10;&#9;&#9;assertEquals(28, day.getDay());&#13;&#10;&#9;}&#13;&#10;&#13;&#10;&#9;/**&#13;&#10;&#9; * 测试类：Day&#13;&#10;&#9; * 测试方法：equalsObject&#13;&#10;&#9; * 边界值测试&#13;&#10;&#9; */&#13;&#10;&#9;@Test&#13;&#10;&#9;public void testDayEqualsObject() {&#13;&#10;&#9;&#9;Year year=new Year(2002);&#13;&#10;&#9;&#9;Month month=new Month(3, year);&#13;&#10;&#9;&#9;Day day=new Day(31, month);&#13;&#10;&#9;&#9;Day day1=new Day(31, month);&#13;&#10;&#9;&#9;boolean b=day.equals(day1);&#13;&#10;&#9;&#9;assertTrue(b);&#13;&#10;&#9;&#9;Day day2=new Day(30, month);&#13;&#10;&#9;&#9;b=day.equals(day2);&#13;&#10;&#9;&#9;assertTrue(!b);&#13;&#10;&#9;}&#13;&#10;&#13;&#10;}&#13;&#10;" Filename="DayTest.java" Intrnl_Id="3"/>
<SrcFile Content="&#13;&#10;import java.io.BufferedReader;&#13;&#10;import java.io.FileOutputStream;&#13;&#10;import java.io.FileReader;&#13;&#10;import java.io.IOException;&#13;&#10;import java.io.PrintStream;&#13;&#10;&#13;&#10;import org.junit.Test;&#13;&#10;&#13;&#10;import junit.framework.TestCase;&#13;&#10;&#13;&#10;&#13;&#10;public class DateTest extends TestCase {&#13;&#10;&#13;&#10;&#9;/**&#13;&#10;&#9; * 测试类：Date&#13;&#10;&#9; * 测试方法：date&#13;&#10;&#9; */&#13;&#10;&#9;@Test&#13;&#10;&#9;public void testDate() {&#13;&#10;&#9;&#9;Date date=new Date(10, 12, 2001);&#13;&#10;&#9;&#9;assertEquals(10,date.getMonth().getCurrentPos());&#13;&#10;&#9;&#9;assertEquals(12, date.getDay().getCurrentPos());&#13;&#10;&#9;&#9;assertEquals(2001, date.getYear().getCurrentPos());&#13;&#10;&#9;}&#13;&#10;&#13;&#10;&#9;/**&#13;&#10;&#9; * 测试类：Date&#13;&#10;&#9; * 测试方法：increment&#13;&#10;&#9; */&#13;&#10;&#9;@Test&#13;&#10;&#9;public void testDateIncrement1() {&#13;&#10;&#9;&#9;Date date=new Date(10, 12, 1000);&#13;&#10;&#9;&#9;date.increment();&#13;&#10;&#9;&#9;Date expectedDate=new Date(10, 13, 1000);&#13;&#10;&#9;&#9;assertEquals(expectedDate,date);&#13;&#10;&#9;}&#13;&#10;&#13;&#10;&#9;/**&#13;&#10;&#9; * 测试类：Date&#13;&#10;&#9; * 测试方法：increment&#13;&#10;&#9; * 边界值测试&#13;&#10;&#9; */&#13;&#10;&#9;@Test&#13;&#10;&#9;public void testDateIncrement2() {&#13;&#10;&#9;&#9;Date date=new Date(12, 31, 2012);&#13;&#10;&#9;&#9;date.increment();&#13;&#10;&#9;&#9;Date expectedDate=new Date(1, 1, 2013);&#13;&#10;&#9;&#9;assertEquals(expectedDate,date);&#13;&#10;&#9;}&#13;&#10;&#9;/**&#13;&#10;&#9; * 测试类：Date&#13;&#10;&#9; * 测试方法：increment&#13;&#10;&#9; * 边界值测试&#13;&#10;&#9; */&#13;&#10;&#9;@Test&#13;&#10;&#9;public void testDateIncrement3() {&#13;&#10;&#9;&#9;Date date=new Date(2, 28, 2012);&#13;&#10;&#9;&#9;date.increment();&#13;&#10;&#9;&#9;Date expectedDate=new Date(2, 29, 2012);&#13;&#10;&#9;&#9;assertEquals(expectedDate,date);&#13;&#10;&#9;}&#13;&#10;&#13;&#10;&#9;/**&#13;&#10;&#9; * 测试类：Date&#13;&#10;&#9; * 测试方法：printDate&#13;&#10;&#9; * 边界值测试&#13;&#10;&#9; */&#13;&#10;&#9;@Test&#13;&#10;&#9;public void testPrintDate() {&#13;&#10;&#9;&#9;try {&#13;&#10;&#9;&#9;&#9;Date date=new Date(2, 28, 2012);&#9;&#9;&#9;&#13;&#10;&#9;&#9;&#9;PrintStream ps=new PrintStream(new FileOutputStream(&quot;out.txt&quot;));&#9;&#9;&#13;&#10;&#9;&#9;&#9;System.setOut(ps);&#13;&#10;&#9;&#9;&#9;date.printDate();&#13;&#10;&#9;&#9;&#9;FileReader reader=new FileReader(&quot;out.txt&quot;);&#13;&#10;&#9;&#9;&#9;@SuppressWarnings(&quot;resource&quot;)&#13;&#10;&#9;&#9;&#9;BufferedReader buffer=new BufferedReader(reader);&#13;&#10;&#9;&#9;&#9;String line;&#13;&#10;&#9;&#9;&#9;line = buffer.readLine();&#13;&#10;&#9;&#9;&#9;assertEquals(&quot;2/28/2012&quot;,line);&#9;&#13;&#10;&#9;&#9;} catch (IOException e) {&#13;&#10;&#9;&#9;&#9;// TODO Auto-generated catch block&#13;&#10;&#9;&#9;&#9;e.printStackTrace();&#13;&#10;&#9;&#9;}&#9;&#9;&#9;&#13;&#10;&#9;}&#13;&#10;&#13;&#10;&#9;/**&#13;&#10;&#9; * 测试类：Date&#13;&#10;&#9; * 测试方法：getDay&#13;&#10;&#9; * 边界值测试&#13;&#10;&#9; */&#13;&#10;&#9;@Test&#13;&#10;&#9;public void testDateGetDay() {&#13;&#10;&#9;&#9;Date date=new Date(2, 28, 2012);&#9;&#13;&#10;&#9;&#9;assertEquals(28,date.getDay().getCurrentPos());&#9;&#9;&#13;&#10;&#9;}&#13;&#10;&#9;&#13;&#10;&#9;/**&#13;&#10;&#9; * 测试类：Date&#13;&#10;&#9; * 测试方法：getMonth&#13;&#10;&#9; * 边界值测试&#13;&#10;&#9; */&#13;&#10; &#9;@Test&#13;&#10;&#9;public void testDateGetMonth() {&#13;&#10;&#9;&#9;Date date=new Date(12, 31, 1999);&#9;&#13;&#10;&#9;&#9;assertEquals(12,date.getMonth().getCurrentPos());&#9;&#13;&#10;&#9;}&#13;&#10;&#13;&#10;&#9;/**&#13;&#10;&#9; * 测试类：Date&#13;&#10;&#9; * 测试方法：getYear&#13;&#10;&#9; * 边界值测试&#13;&#10;&#9; */&#13;&#10;&#9;@Test&#13;&#10;&#9;public void testDateGetYear() {&#13;&#10;&#9;&#9;Date date=new Date(1, 1, 1000);&#9;&#13;&#10;&#9;&#9;assertEquals(1000,date.getYear().getCurrentPos());&#9;&#13;&#10;&#9;} &#13;&#10;&#13;&#10;&#9;/**&#13;&#10;&#9; * 测试类：Date&#13;&#10;&#9; * 测试方法：equals&#13;&#10;&#9; * 边界值测试&#13;&#10;&#9; */&#13;&#10;&#9;public void testDateEqualsObject(){&#13;&#10;&#9;&#9;Date date1=new Date(2, 28, 2012);&#13;&#10;&#9;&#9;Date date2=new Date(2, 28, 2012);&#13;&#10;&#9;&#9;Date date3=new Date(2, 29, 2012);&#13;&#10;&#9;&#9;boolean b=date1.equals(date2);&#13;&#10;&#9;&#9;assertTrue(b);&#13;&#10;&#9;&#9;b=date1.equals(date3);&#13;&#10;&#9;&#9;assertTrue(!b);&#13;&#10;&#9;}&#13;&#10;&#13;&#10;&#9;/**&#13;&#10;&#9; * 测试类：Date&#13;&#10;&#9; * 测试方法：toString&#13;&#10;&#9; * 边界值测试&#13;&#10;&#9; */&#13;&#10; &#9;@Test&#13;&#10;&#9;public void testDateToString() {&#13;&#10;&#9;&#9;Date date=new Date(1, 31, 1996);&#13;&#10;&#9;&#9;String str=date.toString();&#13;&#10;&#9;&#9;assertEquals(&quot;1/31/1996&quot;,str);&#13;&#10;&#9;}&#13;&#10; &#13;&#10;}&#13;&#10;" Filename="DateTest.java" Intrnl_Id="4"/>
<SrcFile Content="&#13;&#10;import org.junit.Test;&#13;&#10;&#13;&#10;&#13;&#10;import junit.framework.TestCase;&#13;&#10;&#13;&#10;&#13;&#10;public class CalendarUnitTest extends TestCase {&#13;&#10;&#13;&#10;&#9;@Test&#13;&#10;&#9;public void testSetCurrentPos() {&#13;&#10;&#9;&#9;fail(&quot;Not yet implemented&quot;);&#13;&#10;&#9;}&#13;&#10;&#13;&#10;&#9;@Test&#13;&#10;&#9;public void testGetCurrentPos() {&#13;&#10;&#9;&#9;fail(&quot;Not yet implemented&quot;);&#13;&#10;&#9;}&#13;&#10;&#13;&#10;}&#13;&#10;" Filename="CalendarUnitTest.java" Intrnl_Id="5"/>
</SrcFileList>
<CritList>
<CritListEntry Name="org.codecover.model.utils.criteria.LoopCoverage" PluginName="org.codecover"/>
<CritListEntry Name="org.codecover.model.utils.criteria.BranchCoverage" PluginName="org.codecover"/>
<CritListEntry Name="org.codecover.model.utils.criteria.ConditionCoverage" PluginName="org.codecover"/>
<CritListEntry Name="org.codecover.model.utils.criteria.SynchronizedStatementCoverage" PluginName="org.codecover"/>
<CritListEntry Name="org.codecover.model.utils.criteria.QMOCoverage" PluginName="org.codecover"/>
<CritListEntry Name="org.codecover.model.utils.criteria.StatementCoverage" PluginName="org.codecover"/>
</CritList>
<BoolOpList/>
<HierarchyLvlTypeList>
<HierarchyLvlType EnglishName="class" IntrnlName="class" Intrnl_Id="6"/>
<HierarchyLvlType EnglishName="method" IntrnlName="method" Intrnl_Id="7"/>
<HierarchyLvlType EnglishName="default package" IntrnlName="default package" Intrnl_Id="8"/>
</HierarchyLvlTypeList>
<MASTRoot>
<HierarchyLvl HierarchyLvlId="103" HierarchyLvlTypeId="8" Intrnl_Id="9" Name="default package">
<Header/>
<LocList/>
<HierarchyLvl HierarchyLvlId="73" HierarchyLvlTypeId="6" Intrnl_Id="10" Name="Nextday">
<Header>
<Loc EndOffset="77" SrcFileId="1" StartOffset="40"/>
</Header>
<LocList>
<Loc EndOffset="95" SrcFileId="1" StartOffset="40"/>
</LocList>
</HierarchyLvl>
<HierarchyLvl HierarchyLvlId="81" HierarchyLvlTypeId="6" Intrnl_Id="11" Name="MonthTest">
<Header>
<Loc EndOffset="105" SrcFileId="2" StartOffset="66"/>
</Header>
<LocList>
<Loc EndOffset="1816" SrcFileId="2" StartOffset="66"/>
</LocList>
<HierarchyLvl HierarchyLvlId="74" HierarchyLvlTypeId="7" Intrnl_Id="12" Name="testMonthIncrement">
<Header>
<Loc EndOffset="211" SrcFileId="2" StartOffset="171"/>
</Header>
<LocList>
<Loc EndOffset="423" SrcFileId="2" StartOffset="171"/>
</LocList>
<StmntSeq Intrnl_Id="13">
<LocList>
<Loc EndOffset="242" SrcFileId="2" StartOffset="217"/>
<Loc EndOffset="278" SrcFileId="2" StartOffset="246"/>
<Loc EndOffset="310" SrcFileId="2" StartOffset="282"/>
<Loc EndOffset="329" SrcFileId="2" StartOffset="314"/>
<Loc EndOffset="366" SrcFileId="2" StartOffset="333"/>
<Loc EndOffset="400" SrcFileId="2" StartOffset="370"/>
<Loc EndOffset="419" SrcFileId="2" StartOffset="404"/>
</LocList>
<BasicStmnt CovItemId="S1" CovItemPrefix="MonthTest.java" Intrnl_Id="14">
<LocList>
<Loc EndOffset="242" SrcFileId="2" StartOffset="217"/>
</LocList>
</BasicStmnt>
<BasicStmnt CovItemId="S2" CovItemPrefix="MonthTest.java" Intrnl_Id="15">
<LocList>
<Loc EndOffset="278" SrcFileId="2" StartOffset="246"/>
</LocList>
</BasicStmnt>
<BasicStmnt CovItemId="S3" CovItemPrefix="MonthTest.java" Intrnl_Id="16">
<LocList>
<Loc EndOffset="310" SrcFileId="2" StartOffset="282"/>
</LocList>
</BasicStmnt>
<BasicStmnt CovItemId="S4" CovItemPrefix="MonthTest.java" Intrnl_Id="17">
<LocList>
<Loc EndOffset="329" SrcFileId="2" StartOffset="314"/>
</LocList>
</BasicStmnt>
<BasicStmnt CovItemId="S5" CovItemPrefix="MonthTest.java" Intrnl_Id="18">
<LocList>
<Loc EndOffset="366" SrcFileId="2" StartOffset="333"/>
</LocList>
</BasicStmnt>
<BasicStmnt CovItemId="S6" CovItemPrefix="MonthTest.java" Intrnl_Id="19">
<LocList>
<Loc EndOffset="400" SrcFileId="2" StartOffset="370"/>
</LocList>
</BasicStmnt>
<BasicStmnt CovItemId="S7" CovItemPrefix="MonthTest.java" Intrnl_Id="20">
<LocList>
<Loc EndOffset="419" SrcFileId="2" StartOffset="404"/>
</LocList>
</BasicStmnt>
</StmntSeq>
</HierarchyLvl>
<HierarchyLvl HierarchyLvlId="75" HierarchyLvlTypeId="7" Intrnl_Id="21" Name="testMonthIsValid">
<Header>
<Loc EndOffset="466" SrcFileId="2" StartOffset="428"/>
</Header>
<LocList>
<Loc EndOffset="654" SrcFileId="2" StartOffset="428"/>
</LocList>
<StmntSeq Intrnl_Id="22">
<LocList>
<Loc EndOffset="497" SrcFileId="2" StartOffset="472"/>
<Loc EndOffset="533" SrcFileId="2" StartOffset="501"/>
<Loc EndOffset="563" SrcFileId="2" StartOffset="537"/>
<Loc EndOffset="581" SrcFileId="2" StartOffset="567"/>
<Loc EndOffset="610" SrcFileId="2" StartOffset="585"/>
<Loc EndOffset="632" SrcFileId="2" StartOffset="614"/>
<Loc EndOffset="650" SrcFileId="2" StartOffset="636"/>
</LocList>
<BasicStmnt CovItemId="S8" CovItemPrefix="MonthTest.java" Intrnl_Id="23">
<LocList>
<Loc EndOffset="497" SrcFileId="2" StartOffset="472"/>
</LocList>
</BasicStmnt>
<BasicStmnt CovItemId="S9" CovItemPrefix="MonthTest.java" Intrnl_Id="24">
<LocList>
<Loc EndOffset="533" SrcFileId="2" StartOffset="501"/>
</LocList>
</BasicStmnt>
<BasicStmnt CovItemId="S10" CovItemPrefix="MonthTest.java" Intrnl_Id="25">
<LocList>
<Loc EndOffset="563" SrcFileId="2" StartOffset="537"/>
</LocList>
</BasicStmnt>
<BasicStmnt CovItemId="S11" CovItemPrefix="MonthTest.java" Intrnl_Id="26">
<LocList>
<Loc EndOffset="581" SrcFileId="2" StartOffset="567"/>
</LocList>
</BasicStmnt>
<BasicStmnt CovItemId="S12" CovItemPrefix="MonthTest.java" Intrnl_Id="27">
<LocList>
<Loc EndOffset="610" SrcFileId="2" StartOffset="585"/>
</LocList>
</BasicStmnt>
<BasicStmnt CovItemId="S13" CovItemPrefix="MonthTest.java" Intrnl_Id="28">
<LocList>
<Loc EndOffset="632" SrcFileId="2" StartOffset="614"/>
</LocList>
</BasicStmnt>
<BasicStmnt CovItemId="S14" CovItemPrefix="MonthTest.java" Intrnl_Id="29">
<LocList>
<Loc EndOffset="650" SrcFileId="2" StartOffset="636"/>
</LocList>
</BasicStmnt>
</StmntSeq>
</HierarchyLvl>
<HierarchyLvl HierarchyLvlId="76" HierarchyLvlTypeId="7" Intrnl_Id="30" Name="testMonth">
<Header>
<Loc EndOffset="690" SrcFileId="2" StartOffset="659"/>
</Header>
<LocList>
<Loc EndOffset="805" SrcFileId="2" StartOffset="659"/>
</LocList>
<StmntSeq Intrnl_Id="31">
<LocList>
<Loc EndOffset="721" SrcFileId="2" StartOffset="696"/>
<Loc EndOffset="757" SrcFileId="2" StartOffset="725"/>
<Loc EndOffset="801" SrcFileId="2" StartOffset="761"/>
</LocList>
<BasicStmnt CovItemId="S15" CovItemPrefix="MonthTest.java" Intrnl_Id="32">
<LocList>
<Loc EndOffset="721" SrcFileId="2" StartOffset="696"/>
</LocList>
</BasicStmnt>
<BasicStmnt CovItemId="S16" CovItemPrefix="MonthTest.java" Intrnl_Id="33">
<LocList>
<Loc EndOffset="757" SrcFileId="2" StartOffset="725"/>
</LocList>
</BasicStmnt>
<BasicStmnt CovItemId="S17" CovItemPrefix="MonthTest.java" Intrnl_Id="34">
<LocList>
<Loc EndOffset="801" SrcFileId="2" StartOffset="761"/>
</LocList>
</BasicStmnt>
</StmntSeq>
</HierarchyLvl>
<HierarchyLvl HierarchyLvlId="77" HierarchyLvlTypeId="7" Intrnl_Id="35" Name="testMonthSetMonth">
<Header>
<Loc EndOffset="849" SrcFileId="2" StartOffset="810"/>
</Header>
<LocList>
<Loc EndOffset="1033" SrcFileId="2" StartOffset="810"/>
</LocList>
<StmntSeq Intrnl_Id="36">
<LocList>
<Loc EndOffset="880" SrcFileId="2" StartOffset="855"/>
<Loc EndOffset="915" SrcFileId="2" StartOffset="884"/>
<Loc EndOffset="958" SrcFileId="2" StartOffset="919"/>
<Loc EndOffset="986" SrcFileId="2" StartOffset="962"/>
<Loc EndOffset="1029" SrcFileId="2" StartOffset="990"/>
</LocList>
<BasicStmnt CovItemId="S18" CovItemPrefix="MonthTest.java" Intrnl_Id="37">
<LocList>
<Loc EndOffset="880" SrcFileId="2" StartOffset="855"/>
</LocList>
</BasicStmnt>
<BasicStmnt CovItemId="S19" CovItemPrefix="MonthTest.java" Intrnl_Id="38">
<LocList>
<Loc EndOffset="915" SrcFileId="2" StartOffset="884"/>
</LocList>
</BasicStmnt>
<BasicStmnt CovItemId="S20" CovItemPrefix="MonthTest.java" Intrnl_Id="39">
<LocList>
<Loc EndOffset="958" SrcFileId="2" StartOffset="919"/>
</LocList>
</BasicStmnt>
<BasicStmnt CovItemId="S21" CovItemPrefix="MonthTest.java" Intrnl_Id="40">
<LocList>
<Loc EndOffset="986" SrcFileId="2" StartOffset="962"/>
</LocList>
</BasicStmnt>
<BasicStmnt CovItemId="S22" CovItemPrefix="MonthTest.java" Intrnl_Id="41">
<LocList>
<Loc EndOffset="1029" SrcFileId="2" StartOffset="990"/>
</LocList>
</BasicStmnt>
</StmntSeq>
</HierarchyLvl>
<HierarchyLvl HierarchyLvlId="78" HierarchyLvlTypeId="7" Intrnl_Id="42" Name="testMonthGetMonth">
<Header>
<Loc EndOffset="1077" SrcFileId="2" StartOffset="1038"/>
</Header>
<LocList>
<Loc EndOffset="1254" SrcFileId="2" StartOffset="1038"/>
</LocList>
<StmntSeq Intrnl_Id="43">
<LocList>
<Loc EndOffset="1108" SrcFileId="2" StartOffset="1083"/>
<Loc EndOffset="1143" SrcFileId="2" StartOffset="1112"/>
<Loc EndOffset="1181" SrcFileId="2" StartOffset="1147"/>
<Loc EndOffset="1211" SrcFileId="2" StartOffset="1185"/>
<Loc EndOffset="1250" SrcFileId="2" StartOffset="1215"/>
</LocList>
<BasicStmnt CovItemId="S23" CovItemPrefix="MonthTest.java" Intrnl_Id="44">
<LocList>
<Loc EndOffset="1108" SrcFileId="2" StartOffset="1083"/>
</LocList>
</BasicStmnt>
<BasicStmnt CovItemId="S24" CovItemPrefix="MonthTest.java" Intrnl_Id="45">
<LocList>
<Loc EndOffset="1143" SrcFileId="2" StartOffset="1112"/>
</LocList>
</BasicStmnt>
<BasicStmnt CovItemId="S25" CovItemPrefix="MonthTest.java" Intrnl_Id="46">
<LocList>
<Loc EndOffset="1181" SrcFileId="2" StartOffset="1147"/>
</LocList>
</BasicStmnt>
<BasicStmnt CovItemId="S26" CovItemPrefix="MonthTest.java" Intrnl_Id="47">
<LocList>
<Loc EndOffset="1211" SrcFileId="2" StartOffset="1185"/>
</LocList>
</BasicStmnt>
<BasicStmnt CovItemId="S27" CovItemPrefix="MonthTest.java" Intrnl_Id="48">
<LocList>
<Loc EndOffset="1250" SrcFileId="2" StartOffset="1215"/>
</LocList>
</BasicStmnt>
</StmntSeq>
</HierarchyLvl>
<HierarchyLvl HierarchyLvlId="79" HierarchyLvlTypeId="7" Intrnl_Id="49" Name="testGetMonthSize">
<Header>
<Loc EndOffset="1297" SrcFileId="2" StartOffset="1259"/>
</Header>
<LocList>
<Loc EndOffset="1521" SrcFileId="2" StartOffset="1259"/>
</LocList>
<StmntSeq Intrnl_Id="50">
<LocList>
<Loc EndOffset="1328" SrcFileId="2" StartOffset="1303"/>
<Loc EndOffset="1363" SrcFileId="2" StartOffset="1332"/>
<Loc EndOffset="1406" SrcFileId="2" StartOffset="1367"/>
<Loc EndOffset="1436" SrcFileId="2" StartOffset="1410"/>
<Loc EndOffset="1473" SrcFileId="2" StartOffset="1440"/>
<Loc EndOffset="1517" SrcFileId="2" StartOffset="1477"/>
</LocList>
<BasicStmnt CovItemId="S28" CovItemPrefix="MonthTest.java" Intrnl_Id="51">
<LocList>
<Loc EndOffset="1328" SrcFileId="2" StartOffset="1303"/>
</LocList>
</BasicStmnt>
<BasicStmnt CovItemId="S29" CovItemPrefix="MonthTest.java" Intrnl_Id="52">
<LocList>
<Loc EndOffset="1363" SrcFileId="2" StartOffset="1332"/>
</LocList>
</BasicStmnt>
<BasicStmnt CovItemId="S30" CovItemPrefix="MonthTest.java" Intrnl_Id="53">
<LocList>
<Loc EndOffset="1406" SrcFileId="2" StartOffset="1367"/>
</LocList>
</BasicStmnt>
<BasicStmnt CovItemId="S31" CovItemPrefix="MonthTest.java" Intrnl_Id="54">
<LocList>
<Loc EndOffset="1436" SrcFileId="2" StartOffset="1410"/>
</LocList>
</BasicStmnt>
<BasicStmnt CovItemId="S32" CovItemPrefix="MonthTest.java" Intrnl_Id="55">
<LocList>
<Loc EndOffset="1473" SrcFileId="2" StartOffset="1440"/>
</LocList>
</BasicStmnt>
<BasicStmnt CovItemId="S33" CovItemPrefix="MonthTest.java" Intrnl_Id="56">
<LocList>
<Loc EndOffset="1517" SrcFileId="2" StartOffset="1477"/>
</LocList>
</BasicStmnt>
</StmntSeq>
</HierarchyLvl>
<HierarchyLvl HierarchyLvlId="80" HierarchyLvlTypeId="7" Intrnl_Id="57" Name="testMonthEqualsObject">
<Header>
<Loc EndOffset="1569" SrcFileId="2" StartOffset="1526"/>
</Header>
<LocList>
<Loc EndOffset="1811" SrcFileId="2" StartOffset="1526"/>
</LocList>
<StmntSeq Intrnl_Id="58">
<LocList>
<Loc EndOffset="1600" SrcFileId="2" StartOffset="1575"/>
<Loc EndOffset="1635" SrcFileId="2" StartOffset="1604"/>
<Loc EndOffset="1671" SrcFileId="2" StartOffset="1639"/>
<Loc EndOffset="1706" SrcFileId="2" StartOffset="1675"/>
<Loc EndOffset="1724" SrcFileId="2" StartOffset="1710"/>
<Loc EndOffset="1761" SrcFileId="2" StartOffset="1728"/>
<Loc EndOffset="1788" SrcFileId="2" StartOffset="1765"/>
<Loc EndOffset="1807" SrcFileId="2" StartOffset="1792"/>
</LocList>
<BasicStmnt CovItemId="S34" CovItemPrefix="MonthTest.java" Intrnl_Id="59">
<LocList>
<Loc EndOffset="1600" SrcFileId="2" StartOffset="1575"/>
</LocList>
</BasicStmnt>
<BasicStmnt CovItemId="S35" CovItemPrefix="MonthTest.java" Intrnl_Id="60">
<LocList>
<Loc EndOffset="1635" SrcFileId="2" StartOffset="1604"/>
</LocList>
</BasicStmnt>
<BasicStmnt CovItemId="S36" CovItemPrefix="MonthTest.java" Intrnl_Id="61">
<LocList>
<Loc EndOffset="1671" SrcFileId="2" StartOffset="1639"/>
</LocList>
</BasicStmnt>
<BasicStmnt CovItemId="S37" CovItemPrefix="MonthTest.java" Intrnl_Id="62">
<LocList>
<Loc EndOffset="1706" SrcFileId="2" StartOffset="1675"/>
</LocList>
</BasicStmnt>
<BasicStmnt CovItemId="S38" CovItemPrefix="MonthTest.java" Intrnl_Id="63">
<LocList>
<Loc EndOffset="1724" SrcFileId="2" StartOffset="1710"/>
</LocList>
</BasicStmnt>
<BasicStmnt CovItemId="S39" CovItemPrefix="MonthTest.java" Intrnl_Id="64">
<LocList>
<Loc EndOffset="1761" SrcFileId="2" StartOffset="1728"/>
</LocList>
</BasicStmnt>
<BasicStmnt CovItemId="S40" CovItemPrefix="MonthTest.java" Intrnl_Id="65">
<LocList>
<Loc EndOffset="1788" SrcFileId="2" StartOffset="1765"/>
</LocList>
</BasicStmnt>
<BasicStmnt CovItemId="S41" CovItemPrefix="MonthTest.java" Intrnl_Id="66">
<LocList>
<Loc EndOffset="1807" SrcFileId="2" StartOffset="1792"/>
</LocList>
</BasicStmnt>
</StmntSeq>
</HierarchyLvl>
</HierarchyLvl>
<HierarchyLvl HierarchyLvlId="88" HierarchyLvlTypeId="6" Intrnl_Id="67" Name="DayTest">
<Header>
<Loc EndOffset="103" SrcFileId="3" StartOffset="66"/>
</Header>
<LocList>
<Loc EndOffset="1940" SrcFileId="3" StartOffset="66"/>
</LocList>
<HierarchyLvl HierarchyLvlId="82" HierarchyLvlTypeId="7" Intrnl_Id="68" Name="testDayIncrement">
<Header>
<Loc EndOffset="204" SrcFileId="3" StartOffset="166"/>
</Header>
<LocList>
<Loc EndOffset="438" SrcFileId="3" StartOffset="166"/>
</LocList>
<StmntSeq Intrnl_Id="69">
<LocList>
<Loc EndOffset="235" SrcFileId="3" StartOffset="210"/>
<Loc EndOffset="271" SrcFileId="3" StartOffset="239"/>
<Loc EndOffset="302" SrcFileId="3" StartOffset="275"/>
<Loc EndOffset="332" SrcFileId="3" StartOffset="306"/>
<Loc EndOffset="351" SrcFileId="3" StartOffset="336"/>
<Loc EndOffset="383" SrcFileId="3" StartOffset="355"/>
<Loc EndOffset="415" SrcFileId="3" StartOffset="387"/>
<Loc EndOffset="434" SrcFileId="3" StartOffset="419"/>
</LocList>
<BasicStmnt CovItemId="S1" CovItemPrefix="DayTest.java" Intrnl_Id="70">
<LocList>
<Loc EndOffset="235" SrcFileId="3" StartOffset="210"/>
</LocList>
</BasicStmnt>
<BasicStmnt CovItemId="S2" CovItemPrefix="DayTest.java" Intrnl_Id="71">
<LocList>
<Loc EndOffset="271" SrcFileId="3" StartOffset="239"/>
</LocList>
</BasicStmnt>
<BasicStmnt CovItemId="S3" CovItemPrefix="DayTest.java" Intrnl_Id="72">
<LocList>
<Loc EndOffset="302" SrcFileId="3" StartOffset="275"/>
</LocList>
</BasicStmnt>
<BasicStmnt CovItemId="S4" CovItemPrefix="DayTest.java" Intrnl_Id="73">
<LocList>
<Loc EndOffset="332" SrcFileId="3" StartOffset="306"/>
</LocList>
</BasicStmnt>
<BasicStmnt CovItemId="S5" CovItemPrefix="DayTest.java" Intrnl_Id="74">
<LocList>
<Loc EndOffset="351" SrcFileId="3" StartOffset="336"/>
</LocList>
</BasicStmnt>
<BasicStmnt CovItemId="S6" CovItemPrefix="DayTest.java" Intrnl_Id="75">
<LocList>
<Loc EndOffset="383" SrcFileId="3" StartOffset="355"/>
</LocList>
</BasicStmnt>
<BasicStmnt CovItemId="S7" CovItemPrefix="DayTest.java" Intrnl_Id="76">
<LocList>
<Loc EndOffset="415" SrcFileId="3" StartOffset="387"/>
</LocList>
</BasicStmnt>
<BasicStmnt CovItemId="S8" CovItemPrefix="DayTest.java" Intrnl_Id="77">
<LocList>
<Loc EndOffset="434" SrcFileId="3" StartOffset="419"/>
</LocList>
</BasicStmnt>
</StmntSeq>
</HierarchyLvl>
<HierarchyLvl HierarchyLvlId="83" HierarchyLvlTypeId="7" Intrnl_Id="78" Name="testDayIsValid">
<Header>
<Loc EndOffset="533" SrcFileId="3" StartOffset="497"/>
</Header>
<LocList>
<Loc EndOffset="836" SrcFileId="3" StartOffset="497"/>
</LocList>
<StmntSeq Intrnl_Id="79">
<LocList>
<Loc EndOffset="565" SrcFileId="3" StartOffset="539"/>
<Loc EndOffset="602" SrcFileId="3" StartOffset="569"/>
<Loc EndOffset="634" SrcFileId="3" StartOffset="606"/>
<Loc EndOffset="664" SrcFileId="3" StartOffset="638"/>
<Loc EndOffset="683" SrcFileId="3" StartOffset="668"/>
<Loc EndOffset="713" SrcFileId="3" StartOffset="687"/>
<Loc EndOffset="750" SrcFileId="3" StartOffset="717"/>
<Loc EndOffset="783" SrcFileId="3" StartOffset="754"/>
<Loc EndOffset="813" SrcFileId="3" StartOffset="787"/>
<Loc EndOffset="832" SrcFileId="3" StartOffset="817"/>
</LocList>
<BasicStmnt CovItemId="S9" CovItemPrefix="DayTest.java" Intrnl_Id="80">
<LocList>
<Loc EndOffset="565" SrcFileId="3" StartOffset="539"/>
</LocList>
</BasicStmnt>
<BasicStmnt CovItemId="S10" CovItemPrefix="DayTest.java" Intrnl_Id="81">
<LocList>
<Loc EndOffset="602" SrcFileId="3" StartOffset="569"/>
</LocList>
</BasicStmnt>
<BasicStmnt CovItemId="S11" CovItemPrefix="DayTest.java" Intrnl_Id="82">
<LocList>
<Loc EndOffset="634" SrcFileId="3" StartOffset="606"/>
</LocList>
</BasicStmnt>
<BasicStmnt CovItemId="S12" CovItemPrefix="DayTest.java" Intrnl_Id="83">
<LocList>
<Loc EndOffset="664" SrcFileId="3" StartOffset="638"/>
</LocList>
</BasicStmnt>
<BasicStmnt CovItemId="S13" CovItemPrefix="DayTest.java" Intrnl_Id="84">
<LocList>
<Loc EndOffset="683" SrcFileId="3" StartOffset="668"/>
</LocList>
</BasicStmnt>
<BasicStmnt CovItemId="S14" CovItemPrefix="DayTest.java" Intrnl_Id="85">
<LocList>
<Loc EndOffset="713" SrcFileId="3" StartOffset="687"/>
</LocList>
</BasicStmnt>
<BasicStmnt CovItemId="S15" CovItemPrefix="DayTest.java" Intrnl_Id="86">
<LocList>
<Loc EndOffset="750" SrcFileId="3" StartOffset="717"/>
</LocList>
</BasicStmnt>
<BasicStmnt CovItemId="S16" CovItemPrefix="DayTest.java" Intrnl_Id="87">
<LocList>
<Loc EndOffset="783" SrcFileId="3" StartOffset="754"/>
</LocList>
</BasicStmnt>
<BasicStmnt CovItemId="S17" CovItemPrefix="DayTest.java" Intrnl_Id="88">
<LocList>
<Loc EndOffset="813" SrcFileId="3" StartOffset="787"/>
</LocList>
</BasicStmnt>
<BasicStmnt CovItemId="S18" CovItemPrefix="DayTest.java" Intrnl_Id="89">
<LocList>
<Loc EndOffset="832" SrcFileId="3" StartOffset="817"/>
</LocList>
</BasicStmnt>
</StmntSeq>
</HierarchyLvl>
<HierarchyLvl HierarchyLvlId="84" HierarchyLvlTypeId="7" Intrnl_Id="90" Name="testDay">
<Header>
<Loc EndOffset="920" SrcFileId="3" StartOffset="891"/>
</Header>
<LocList>
<Loc EndOffset="1054" SrcFileId="3" StartOffset="891"/>
</LocList>
<StmntSeq Intrnl_Id="91">
<LocList>
<Loc EndOffset="951" SrcFileId="3" StartOffset="926"/>
<Loc EndOffset="986" SrcFileId="3" StartOffset="955"/>
<Loc EndOffset="1016" SrcFileId="3" StartOffset="990"/>
<Loc EndOffset="1050" SrcFileId="3" StartOffset="1020"/>
</LocList>
<BasicStmnt CovItemId="S19" CovItemPrefix="DayTest.java" Intrnl_Id="92">
<LocList>
<Loc EndOffset="951" SrcFileId="3" StartOffset="926"/>
</LocList>
</BasicStmnt>
<BasicStmnt CovItemId="S20" CovItemPrefix="DayTest.java" Intrnl_Id="93">
<LocList>
<Loc EndOffset="986" SrcFileId="3" StartOffset="955"/>
</LocList>
</BasicStmnt>
<BasicStmnt CovItemId="S21" CovItemPrefix="DayTest.java" Intrnl_Id="94">
<LocList>
<Loc EndOffset="1016" SrcFileId="3" StartOffset="990"/>
</LocList>
</BasicStmnt>
<BasicStmnt CovItemId="S22" CovItemPrefix="DayTest.java" Intrnl_Id="95">
<LocList>
<Loc EndOffset="1050" SrcFileId="3" StartOffset="1020"/>
</LocList>
</BasicStmnt>
</StmntSeq>
</HierarchyLvl>
<HierarchyLvl HierarchyLvlId="85" HierarchyLvlTypeId="7" Intrnl_Id="96" Name="testDaySetDay">
<Header>
<Loc EndOffset="1147" SrcFileId="3" StartOffset="1112"/>
</Header>
<LocList>
<Loc EndOffset="1345" SrcFileId="3" StartOffset="1112"/>
</LocList>
<StmntSeq Intrnl_Id="97">
<LocList>
<Loc EndOffset="1178" SrcFileId="3" StartOffset="1153"/>
<Loc EndOffset="1214" SrcFileId="3" StartOffset="1182"/>
<Loc EndOffset="1245" SrcFileId="3" StartOffset="1218"/>
<Loc EndOffset="1280" SrcFileId="3" StartOffset="1249"/>
<Loc EndOffset="1306" SrcFileId="3" StartOffset="1284"/>
<Loc EndOffset="1341" SrcFileId="3" StartOffset="1310"/>
</LocList>
<BasicStmnt CovItemId="S23" CovItemPrefix="DayTest.java" Intrnl_Id="98">
<LocList>
<Loc EndOffset="1178" SrcFileId="3" StartOffset="1153"/>
</LocList>
</BasicStmnt>
<BasicStmnt CovItemId="S24" CovItemPrefix="DayTest.java" Intrnl_Id="99">
<LocList>
<Loc EndOffset="1214" SrcFileId="3" StartOffset="1182"/>
</LocList>
</BasicStmnt>
<BasicStmnt CovItemId="S25" CovItemPrefix="DayTest.java" Intrnl_Id="100">
<LocList>
<Loc EndOffset="1245" SrcFileId="3" StartOffset="1218"/>
</LocList>
</BasicStmnt>
<BasicStmnt CovItemId="S26" CovItemPrefix="DayTest.java" Intrnl_Id="101">
<LocList>
<Loc EndOffset="1280" SrcFileId="3" StartOffset="1249"/>
</LocList>
</BasicStmnt>
<BasicStmnt CovItemId="S27" CovItemPrefix="DayTest.java" Intrnl_Id="102">
<LocList>
<Loc EndOffset="1306" SrcFileId="3" StartOffset="1284"/>
</LocList>
</BasicStmnt>
<BasicStmnt CovItemId="S28" CovItemPrefix="DayTest.java" Intrnl_Id="103">
<LocList>
<Loc EndOffset="1341" SrcFileId="3" StartOffset="1310"/>
</LocList>
</BasicStmnt>
</StmntSeq>
</HierarchyLvl>
<HierarchyLvl HierarchyLvlId="86" HierarchyLvlTypeId="7" Intrnl_Id="104" Name="testDayGetDay">
<Header>
<Loc EndOffset="1438" SrcFileId="3" StartOffset="1403"/>
</Header>
<LocList>
<Loc EndOffset="1574" SrcFileId="3" StartOffset="1403"/>
</LocList>
<StmntSeq Intrnl_Id="105">
<LocList>
<Loc EndOffset="1469" SrcFileId="3" StartOffset="1444"/>
<Loc EndOffset="1504" SrcFileId="3" StartOffset="1473"/>
<Loc EndOffset="1535" SrcFileId="3" StartOffset="1508"/>
<Loc EndOffset="1570" SrcFileId="3" StartOffset="1539"/>
</LocList>
<BasicStmnt CovItemId="S29" CovItemPrefix="DayTest.java" Intrnl_Id="106">
<LocList>
<Loc EndOffset="1469" SrcFileId="3" StartOffset="1444"/>
</LocList>
</BasicStmnt>
<BasicStmnt CovItemId="S30" CovItemPrefix="DayTest.java" Intrnl_Id="107">
<LocList>
<Loc EndOffset="1504" SrcFileId="3" StartOffset="1473"/>
</LocList>
</BasicStmnt>
<BasicStmnt CovItemId="S31" CovItemPrefix="DayTest.java" Intrnl_Id="108">
<LocList>
<Loc EndOffset="1535" SrcFileId="3" StartOffset="1508"/>
</LocList>
</BasicStmnt>
<BasicStmnt CovItemId="S32" CovItemPrefix="DayTest.java" Intrnl_Id="109">
<LocList>
<Loc EndOffset="1570" SrcFileId="3" StartOffset="1539"/>
</LocList>
</BasicStmnt>
</StmntSeq>
</HierarchyLvl>
<HierarchyLvl HierarchyLvlId="87" HierarchyLvlTypeId="7" Intrnl_Id="110" Name="testDayEqualsObject">
<Header>
<Loc EndOffset="1679" SrcFileId="3" StartOffset="1638"/>
</Header>
<LocList>
<Loc EndOffset="1935" SrcFileId="3" StartOffset="1638"/>
</LocList>
<StmntSeq Intrnl_Id="111">
<LocList>
<Loc EndOffset="1710" SrcFileId="3" StartOffset="1685"/>
<Loc EndOffset="1745" SrcFileId="3" StartOffset="1714"/>
<Loc EndOffset="1776" SrcFileId="3" StartOffset="1749"/>
<Loc EndOffset="1808" SrcFileId="3" StartOffset="1780"/>
<Loc EndOffset="1839" SrcFileId="3" StartOffset="1812"/>
<Loc EndOffset="1857" SrcFileId="3" StartOffset="1843"/>
<Loc EndOffset="1889" SrcFileId="3" StartOffset="1861"/>
<Loc EndOffset="1912" SrcFileId="3" StartOffset="1893"/>
<Loc EndOffset="1931" SrcFileId="3" StartOffset="1916"/>
</LocList>
<BasicStmnt CovItemId="S33" CovItemPrefix="DayTest.java" Intrnl_Id="112">
<LocList>
<Loc EndOffset="1710" SrcFileId="3" StartOffset="1685"/>
</LocList>
</BasicStmnt>
<BasicStmnt CovItemId="S34" CovItemPrefix="DayTest.java" Intrnl_Id="113">
<LocList>
<Loc EndOffset="1745" SrcFileId="3" StartOffset="1714"/>
</LocList>
</BasicStmnt>
<BasicStmnt CovItemId="S35" CovItemPrefix="DayTest.java" Intrnl_Id="114">
<LocList>
<Loc EndOffset="1776" SrcFileId="3" StartOffset="1749"/>
</LocList>
</BasicStmnt>
<BasicStmnt CovItemId="S36" CovItemPrefix="DayTest.java" Intrnl_Id="115">
<LocList>
<Loc EndOffset="1808" SrcFileId="3" StartOffset="1780"/>
</LocList>
</BasicStmnt>
<BasicStmnt CovItemId="S37" CovItemPrefix="DayTest.java" Intrnl_Id="116">
<LocList>
<Loc EndOffset="1839" SrcFileId="3" StartOffset="1812"/>
</LocList>
</BasicStmnt>
<BasicStmnt CovItemId="S38" CovItemPrefix="DayTest.java" Intrnl_Id="117">
<LocList>
<Loc EndOffset="1857" SrcFileId="3" StartOffset="1843"/>
</LocList>
</BasicStmnt>
<BasicStmnt CovItemId="S39" CovItemPrefix="DayTest.java" Intrnl_Id="118">
<LocList>
<Loc EndOffset="1889" SrcFileId="3" StartOffset="1861"/>
</LocList>
</BasicStmnt>
<BasicStmnt CovItemId="S40" CovItemPrefix="DayTest.java" Intrnl_Id="119">
<LocList>
<Loc EndOffset="1912" SrcFileId="3" StartOffset="1893"/>
</LocList>
</BasicStmnt>
<BasicStmnt CovItemId="S41" CovItemPrefix="DayTest.java" Intrnl_Id="120">
<LocList>
<Loc EndOffset="1931" SrcFileId="3" StartOffset="1916"/>
</LocList>
</BasicStmnt>
</StmntSeq>
</HierarchyLvl>
</HierarchyLvl>
<HierarchyLvl HierarchyLvlId="99" HierarchyLvlTypeId="6" Intrnl_Id="121" Name="DateTest">
<Header>
<Loc EndOffset="258" SrcFileId="4" StartOffset="220"/>
</Header>
<LocList>
<Loc EndOffset="2957" SrcFileId="4" StartOffset="220"/>
</LocList>
<HierarchyLvl HierarchyLvlId="89" HierarchyLvlTypeId="7" Intrnl_Id="122" Name="testDate">
<Header>
<Loc EndOffset="336" SrcFileId="4" StartOffset="306"/>
</Header>
<LocList>
<Loc EndOffset="539" SrcFileId="4" StartOffset="306"/>
</LocList>
<StmntSeq Intrnl_Id="123">
<LocList>
<Loc EndOffset="375" SrcFileId="4" StartOffset="342"/>
<Loc EndOffset="428" SrcFileId="4" StartOffset="379"/>
<Loc EndOffset="480" SrcFileId="4" StartOffset="432"/>
<Loc EndOffset="535" SrcFileId="4" StartOffset="484"/>
</LocList>
<BasicStmnt CovItemId="S1" CovItemPrefix="DateTest.java" Intrnl_Id="124">
<LocList>
<Loc EndOffset="375" SrcFileId="4" StartOffset="342"/>
</LocList>
</BasicStmnt>
<BasicStmnt CovItemId="S2" CovItemPrefix="DateTest.java" Intrnl_Id="125">
<LocList>
<Loc EndOffset="428" SrcFileId="4" StartOffset="379"/>
</LocList>
</BasicStmnt>
<BasicStmnt CovItemId="S3" CovItemPrefix="DateTest.java" Intrnl_Id="126">
<LocList>
<Loc EndOffset="480" SrcFileId="4" StartOffset="432"/>
</LocList>
</BasicStmnt>
<BasicStmnt CovItemId="S4" CovItemPrefix="DateTest.java" Intrnl_Id="127">
<LocList>
<Loc EndOffset="535" SrcFileId="4" StartOffset="484"/>
</LocList>
</BasicStmnt>
</StmntSeq>
</HierarchyLvl>
<HierarchyLvl HierarchyLvlId="90" HierarchyLvlTypeId="7" Intrnl_Id="128" Name="testDateIncrement1">
<Header>
<Loc EndOffset="630" SrcFileId="4" StartOffset="590"/>
</Header>
<LocList>
<Loc EndOffset="775" SrcFileId="4" StartOffset="590"/>
</LocList>
<StmntSeq Intrnl_Id="129">
<LocList>
<Loc EndOffset="669" SrcFileId="4" StartOffset="636"/>
<Loc EndOffset="690" SrcFileId="4" StartOffset="673"/>
<Loc EndOffset="735" SrcFileId="4" StartOffset="694"/>
<Loc EndOffset="771" SrcFileId="4" StartOffset="739"/>
</LocList>
<BasicStmnt CovItemId="S5" CovItemPrefix="DateTest.java" Intrnl_Id="130">
<LocList>
<Loc EndOffset="669" SrcFileId="4" StartOffset="636"/>
</LocList>
</BasicStmnt>
<BasicStmnt CovItemId="S6" CovItemPrefix="DateTest.java" Intrnl_Id="131">
<LocList>
<Loc EndOffset="690" SrcFileId="4" StartOffset="673"/>
</LocList>
</BasicStmnt>
<BasicStmnt CovItemId="S7" CovItemPrefix="DateTest.java" Intrnl_Id="132">
<LocList>
<Loc EndOffset="735" SrcFileId="4" StartOffset="694"/>
</LocList>
</BasicStmnt>
<BasicStmnt CovItemId="S8" CovItemPrefix="DateTest.java" Intrnl_Id="133">
<LocList>
<Loc EndOffset="771" SrcFileId="4" StartOffset="739"/>
</LocList>
</BasicStmnt>
</StmntSeq>
</HierarchyLvl>
<HierarchyLvl HierarchyLvlId="91" HierarchyLvlTypeId="7" Intrnl_Id="134" Name="testDateIncrement2">
<Header>
<Loc EndOffset="877" SrcFileId="4" StartOffset="837"/>
</Header>
<LocList>
<Loc EndOffset="1020" SrcFileId="4" StartOffset="837"/>
</LocList>
<StmntSeq Intrnl_Id="135">
<LocList>
<Loc EndOffset="916" SrcFileId="4" StartOffset="883"/>
<Loc EndOffset="937" SrcFileId="4" StartOffset="920"/>
<Loc EndOffset="980" SrcFileId="4" StartOffset="941"/>
<Loc EndOffset="1016" SrcFileId="4" StartOffset="984"/>
</LocList>
<BasicStmnt CovItemId="S9" CovItemPrefix="DateTest.java" Intrnl_Id="136">
<LocList>
<Loc EndOffset="916" SrcFileId="4" StartOffset="883"/>
</LocList>
</BasicStmnt>
<BasicStmnt CovItemId="S10" CovItemPrefix="DateTest.java" Intrnl_Id="137">
<LocList>
<Loc EndOffset="937" SrcFileId="4" StartOffset="920"/>
</LocList>
</BasicStmnt>
<BasicStmnt CovItemId="S11" CovItemPrefix="DateTest.java" Intrnl_Id="138">
<LocList>
<Loc EndOffset="980" SrcFileId="4" StartOffset="941"/>
</LocList>
</BasicStmnt>
<BasicStmnt CovItemId="S12" CovItemPrefix="DateTest.java" Intrnl_Id="139">
<LocList>
<Loc EndOffset="1016" SrcFileId="4" StartOffset="984"/>
</LocList>
</BasicStmnt>
</StmntSeq>
</HierarchyLvl>
<HierarchyLvl HierarchyLvlId="92" HierarchyLvlTypeId="7" Intrnl_Id="140" Name="testDateIncrement3">
<Header>
<Loc EndOffset="1120" SrcFileId="4" StartOffset="1080"/>
</Header>
<LocList>
<Loc EndOffset="1263" SrcFileId="4" StartOffset="1080"/>
</LocList>
<StmntSeq Intrnl_Id="141">
<LocList>
<Loc EndOffset="1158" SrcFileId="4" StartOffset="1126"/>
<Loc EndOffset="1179" SrcFileId="4" StartOffset="1162"/>
<Loc EndOffset="1223" SrcFileId="4" StartOffset="1183"/>
<Loc EndOffset="1259" SrcFileId="4" StartOffset="1227"/>
</LocList>
<BasicStmnt CovItemId="S13" CovItemPrefix="DateTest.java" Intrnl_Id="142">
<LocList>
<Loc EndOffset="1158" SrcFileId="4" StartOffset="1126"/>
</LocList>
</BasicStmnt>
<BasicStmnt CovItemId="S14" CovItemPrefix="DateTest.java" Intrnl_Id="143">
<LocList>
<Loc EndOffset="1179" SrcFileId="4" StartOffset="1162"/>
</LocList>
</BasicStmnt>
<BasicStmnt CovItemId="S15" CovItemPrefix="DateTest.java" Intrnl_Id="144">
<LocList>
<Loc EndOffset="1223" SrcFileId="4" StartOffset="1183"/>
</LocList>
</BasicStmnt>
<BasicStmnt CovItemId="S16" CovItemPrefix="DateTest.java" Intrnl_Id="145">
<LocList>
<Loc EndOffset="1259" SrcFileId="4" StartOffset="1227"/>
</LocList>
</BasicStmnt>
</StmntSeq>
</HierarchyLvl>
<HierarchyLvl HierarchyLvlId="93" HierarchyLvlTypeId="7" Intrnl_Id="146" Name="testPrintDate">
<Header>
<Loc EndOffset="1360" SrcFileId="4" StartOffset="1325"/>
</Header>
<LocList>
<Loc EndOffset="1853" SrcFileId="4" StartOffset="1325"/>
</LocList>
<StmntSeq Intrnl_Id="147">
<LocList>
<Loc EndOffset="1408" SrcFileId="4" StartOffset="1376"/>
<Loc EndOffset="1480" SrcFileId="4" StartOffset="1416"/>
<Loc EndOffset="1505" SrcFileId="4" StartOffset="1487"/>
<Loc EndOffset="1527" SrcFileId="4" StartOffset="1510"/>
<Loc EndOffset="1576" SrcFileId="4" StartOffset="1532"/>
<Loc EndOffset="1664" SrcFileId="4" StartOffset="1581"/>
<Loc EndOffset="1711" SrcFileId="4" StartOffset="1686"/>
<Loc EndOffset="1747" SrcFileId="4" StartOffset="1716"/>
<Loc EndOffset="1846" SrcFileId="4" StartOffset="1366"/>
</LocList>
<BasicStmnt CovItemId="S18" CovItemPrefix="DateTest.java" Intrnl_Id="148">
<LocList>
<Loc EndOffset="1408" SrcFileId="4" StartOffset="1376"/>
</LocList>
</BasicStmnt>
<BasicStmnt CovItemId="S19" CovItemPrefix="DateTest.java" Intrnl_Id="149">
<LocList>
<Loc EndOffset="1480" SrcFileId="4" StartOffset="1416"/>
</LocList>
</BasicStmnt>
<BasicStmnt CovItemId="S20" CovItemPrefix="DateTest.java" Intrnl_Id="150">
<LocList>
<Loc EndOffset="1505" SrcFileId="4" StartOffset="1487"/>
</LocList>
</BasicStmnt>
<BasicStmnt CovItemId="S21" CovItemPrefix="DateTest.java" Intrnl_Id="151">
<LocList>
<Loc EndOffset="1527" SrcFileId="4" StartOffset="1510"/>
</LocList>
</BasicStmnt>
<BasicStmnt CovItemId="S22" CovItemPrefix="DateTest.java" Intrnl_Id="152">
<LocList>
<Loc EndOffset="1576" SrcFileId="4" StartOffset="1532"/>
</LocList>
</BasicStmnt>
<BasicStmnt CovItemId="S23" CovItemPrefix="DateTest.java" Intrnl_Id="153">
<LocList>
<Loc EndOffset="1664" SrcFileId="4" StartOffset="1581"/>
</LocList>
</BasicStmnt>
<BasicStmnt CovItemId="S24" CovItemPrefix="DateTest.java" Intrnl_Id="154">
<LocList>
<Loc EndOffset="1711" SrcFileId="4" StartOffset="1686"/>
</LocList>
</BasicStmnt>
<BasicStmnt CovItemId="S25" CovItemPrefix="DateTest.java" Intrnl_Id="155">
<LocList>
<Loc EndOffset="1747" SrcFileId="4" StartOffset="1716"/>
</LocList>
</BasicStmnt>
<CondStmnt CovItemId="S17" CovItemPrefix="DateTest.java" Intrnl_Id="156">
<Branch CovItemId="B1" CovItemPrefix="DateTest.java" Implct="true" Intrnl_Id="157">
<Cond/>
<LocList/>
<StmntSeq Intrnl_Id="158">
<LocList/>
</StmntSeq>
</Branch>
<Branch CovItemId="B2" CovItemPrefix="DateTest.java" Implct="false" Intrnl_Id="159">
<Cond>
<Loc EndOffset="1775" SrcFileId="4" StartOffset="1754"/>
</Cond>
<LocList>
<Loc EndOffset="1846" SrcFileId="4" StartOffset="1776"/>
</LocList>
<StmntSeq Intrnl_Id="160">
<LocList>
<Loc EndOffset="1841" SrcFileId="4" StartOffset="1821"/>
</LocList>
<BasicStmnt CovItemId="S26" CovItemPrefix="DateTest.java" Intrnl_Id="161">
<LocList>
<Loc EndOffset="1841" SrcFileId="4" StartOffset="1821"/>
</LocList>
</BasicStmnt>
</StmntSeq>
</Branch>
<Keyword EndOffset="1369" SrcFileId="4" StartOffset="1366"/>
<LocList>
<Loc EndOffset="1846" SrcFileId="4" StartOffset="1366"/>
</LocList>
</CondStmnt>
</StmntSeq>
</HierarchyLvl>
<HierarchyLvl HierarchyLvlId="94" HierarchyLvlTypeId="7" Intrnl_Id="162" Name="testDateGetDay">
<Header>
<Loc EndOffset="1948" SrcFileId="4" StartOffset="1912"/>
</Header>
<LocList>
<Loc EndOffset="2044" SrcFileId="4" StartOffset="1912"/>
</LocList>
<StmntSeq Intrnl_Id="163">
<LocList>
<Loc EndOffset="1986" SrcFileId="4" StartOffset="1954"/>
<Loc EndOffset="2038" SrcFileId="4" StartOffset="1991"/>
</LocList>
<BasicStmnt CovItemId="S27" CovItemPrefix="DateTest.java" Intrnl_Id="164">
<LocList>
<Loc EndOffset="1986" SrcFileId="4" StartOffset="1954"/>
</LocList>
</BasicStmnt>
<BasicStmnt CovItemId="S28" CovItemPrefix="DateTest.java" Intrnl_Id="165">
<LocList>
<Loc EndOffset="2038" SrcFileId="4" StartOffset="1991"/>
</LocList>
</BasicStmnt>
</StmntSeq>
</HierarchyLvl>
<HierarchyLvl HierarchyLvlId="95" HierarchyLvlTypeId="7" Intrnl_Id="166" Name="testDateGetMonth">
<Header>
<Loc EndOffset="2145" SrcFileId="4" StartOffset="2107"/>
</Header>
<LocList>
<Loc EndOffset="2243" SrcFileId="4" StartOffset="2107"/>
</LocList>
<StmntSeq Intrnl_Id="167">
<LocList>
<Loc EndOffset="2184" SrcFileId="4" StartOffset="2151"/>
<Loc EndOffset="2238" SrcFileId="4" StartOffset="2189"/>
</LocList>
<BasicStmnt CovItemId="S29" CovItemPrefix="DateTest.java" Intrnl_Id="168">
<LocList>
<Loc EndOffset="2184" SrcFileId="4" StartOffset="2151"/>
</LocList>
</BasicStmnt>
<BasicStmnt CovItemId="S30" CovItemPrefix="DateTest.java" Intrnl_Id="169">
<LocList>
<Loc EndOffset="2238" SrcFileId="4" StartOffset="2189"/>
</LocList>
</BasicStmnt>
</StmntSeq>
</HierarchyLvl>
<HierarchyLvl HierarchyLvlId="96" HierarchyLvlTypeId="7" Intrnl_Id="170" Name="testDateGetYear">
<Header>
<Loc EndOffset="2340" SrcFileId="4" StartOffset="2303"/>
</Header>
<LocList>
<Loc EndOffset="2437" SrcFileId="4" StartOffset="2303"/>
</LocList>
<StmntSeq Intrnl_Id="171">
<LocList>
<Loc EndOffset="2377" SrcFileId="4" StartOffset="2346"/>
<Loc EndOffset="2432" SrcFileId="4" StartOffset="2382"/>
</LocList>
<BasicStmnt CovItemId="S31" CovItemPrefix="DateTest.java" Intrnl_Id="172">
<LocList>
<Loc EndOffset="2377" SrcFileId="4" StartOffset="2346"/>
</LocList>
</BasicStmnt>
<BasicStmnt CovItemId="S32" CovItemPrefix="DateTest.java" Intrnl_Id="173">
<LocList>
<Loc EndOffset="2432" SrcFileId="4" StartOffset="2382"/>
</LocList>
</BasicStmnt>
</StmntSeq>
</HierarchyLvl>
<HierarchyLvl HierarchyLvlId="97" HierarchyLvlTypeId="7" Intrnl_Id="174" Name="testDateEqualsObject">
<Header>
<Loc EndOffset="2531" SrcFileId="4" StartOffset="2497"/>
</Header>
<LocList>
<Loc EndOffset="2744" SrcFileId="4" StartOffset="2497"/>
</LocList>
<StmntSeq Intrnl_Id="175">
<LocList>
<Loc EndOffset="2569" SrcFileId="4" StartOffset="2536"/>
<Loc EndOffset="2606" SrcFileId="4" StartOffset="2573"/>
<Loc EndOffset="2643" SrcFileId="4" StartOffset="2610"/>
<Loc EndOffset="2677" SrcFileId="4" StartOffset="2647"/>
<Loc EndOffset="2695" SrcFileId="4" StartOffset="2681"/>
<Loc EndOffset="2721" SrcFileId="4" StartOffset="2699"/>
<Loc EndOffset="2740" SrcFileId="4" StartOffset="2725"/>
</LocList>
<BasicStmnt CovItemId="S33" CovItemPrefix="DateTest.java" Intrnl_Id="176">
<LocList>
<Loc EndOffset="2569" SrcFileId="4" StartOffset="2536"/>
</LocList>
</BasicStmnt>
<BasicStmnt CovItemId="S34" CovItemPrefix="DateTest.java" Intrnl_Id="177">
<LocList>
<Loc EndOffset="2606" SrcFileId="4" StartOffset="2573"/>
</LocList>
</BasicStmnt>
<BasicStmnt CovItemId="S35" CovItemPrefix="DateTest.java" Intrnl_Id="178">
<LocList>
<Loc EndOffset="2643" SrcFileId="4" StartOffset="2610"/>
</LocList>
</BasicStmnt>
<BasicStmnt CovItemId="S36" CovItemPrefix="DateTest.java" Intrnl_Id="179">
<LocList>
<Loc EndOffset="2677" SrcFileId="4" StartOffset="2647"/>
</LocList>
</BasicStmnt>
<BasicStmnt CovItemId="S37" CovItemPrefix="DateTest.java" Intrnl_Id="180">
<LocList>
<Loc EndOffset="2695" SrcFileId="4" StartOffset="2681"/>
</LocList>
</BasicStmnt>
<BasicStmnt CovItemId="S38" CovItemPrefix="DateTest.java" Intrnl_Id="181">
<LocList>
<Loc EndOffset="2721" SrcFileId="4" StartOffset="2699"/>
</LocList>
</BasicStmnt>
<BasicStmnt CovItemId="S39" CovItemPrefix="DateTest.java" Intrnl_Id="182">
<LocList>
<Loc EndOffset="2740" SrcFileId="4" StartOffset="2725"/>
</LocList>
</BasicStmnt>
</StmntSeq>
</HierarchyLvl>
<HierarchyLvl HierarchyLvlId="98" HierarchyLvlTypeId="7" Intrnl_Id="183" Name="testDateToString">
<Header>
<Loc EndOffset="2844" SrcFileId="4" StartOffset="2806"/>
</Header>
<LocList>
<Loc EndOffset="2951" SrcFileId="4" StartOffset="2806"/>
</LocList>
<StmntSeq Intrnl_Id="184">
<LocList>
<Loc EndOffset="2882" SrcFileId="4" StartOffset="2850"/>
<Loc EndOffset="2913" SrcFileId="4" StartOffset="2886"/>
<Loc EndOffset="2947" SrcFileId="4" StartOffset="2917"/>
</LocList>
<BasicStmnt CovItemId="S40" CovItemPrefix="DateTest.java" Intrnl_Id="185">
<LocList>
<Loc EndOffset="2882" SrcFileId="4" StartOffset="2850"/>
</LocList>
</BasicStmnt>
<BasicStmnt CovItemId="S41" CovItemPrefix="DateTest.java" Intrnl_Id="186">
<LocList>
<Loc EndOffset="2913" SrcFileId="4" StartOffset="2886"/>
</LocList>
</BasicStmnt>
<BasicStmnt CovItemId="S42" CovItemPrefix="DateTest.java" Intrnl_Id="187">
<LocList>
<Loc EndOffset="2947" SrcFileId="4" StartOffset="2917"/>
</LocList>
</BasicStmnt>
</StmntSeq>
</HierarchyLvl>
</HierarchyLvl>
<HierarchyLvl HierarchyLvlId="102" HierarchyLvlTypeId="6" Intrnl_Id="188" Name="CalendarUnitTest">
<Header>
<Loc EndOffset="114" SrcFileId="5" StartOffset="68"/>
</Header>
<LocList>
<Loc EndOffset="285" SrcFileId="5" StartOffset="68"/>
</LocList>
<HierarchyLvl HierarchyLvlId="100" HierarchyLvlTypeId="7" Intrnl_Id="189" Name="testSetCurrentPos">
<Header>
<Loc EndOffset="160" SrcFileId="5" StartOffset="121"/>
</Header>
<LocList>
<Loc EndOffset="198" SrcFileId="5" StartOffset="121"/>
</LocList>
<StmntSeq Intrnl_Id="190">
<LocList>
<Loc EndOffset="194" SrcFileId="5" StartOffset="166"/>
</LocList>
<BasicStmnt CovItemId="S1" CovItemPrefix="CalendarUnitTest.java" Intrnl_Id="191">
<LocList>
<Loc EndOffset="194" SrcFileId="5" StartOffset="166"/>
</LocList>
</BasicStmnt>
</StmntSeq>
</HierarchyLvl>
<HierarchyLvl HierarchyLvlId="101" HierarchyLvlTypeId="7" Intrnl_Id="192" Name="testGetCurrentPos">
<Header>
<Loc EndOffset="242" SrcFileId="5" StartOffset="203"/>
</Header>
<LocList>
<Loc EndOffset="280" SrcFileId="5" StartOffset="203"/>
</LocList>
<StmntSeq Intrnl_Id="193">
<LocList>
<Loc EndOffset="276" SrcFileId="5" StartOffset="248"/>
</LocList>
<BasicStmnt CovItemId="S2" CovItemPrefix="CalendarUnitTest.java" Intrnl_Id="194">
<LocList>
<Loc EndOffset="276" SrcFileId="5" StartOffset="248"/>
</LocList>
</BasicStmnt>
</StmntSeq>
</HierarchyLvl>
</HierarchyLvl>
</HierarchyLvl>
</MASTRoot>
</TestSessionContainer>
