<?xml version="1.0" encoding="UTF-8"?><TestSessionContainer xmlns="http://www.codecover.org/xml/testsession-container" Date="1368775662406" TestSessionContainerId="88865d80-1655-40c1-95a9-694d7cf22d99" version="1.0">
<SrcFileList>
<SrcFile Content="public class Year extends CalendarUnit {&#13;&#10;&#9;public Year(int pYear) {&#13;&#10;&#9;&#9;setYear(pYear);&#13;&#10;&#9;}&#13;&#10;&#13;&#10;&#9;public void setYear(int pYear) {&#13;&#10;&#9;&#9;setCurrentPos(pYear);&#13;&#10;&#9;&#9;if (!this.isValid()) {&#13;&#10;&#9;&#9;&#9;throw new IllegalArgumentException(&quot;Not a valid month&quot;);&#13;&#10;&#9;&#9;}&#13;&#10;&#9;}&#13;&#10;&#13;&#10;&#9;public int getYear() {&#13;&#10;&#9;&#9;return currentPos;&#13;&#10;&#9;}&#13;&#10;&#13;&#10;&#9;public boolean increment() {&#13;&#10;&#9;&#9;currentPos = currentPos + 1;&#13;&#10;&#9;&#9;if (currentPos == 0)&#13;&#10;&#9;&#9;&#9;currentPos = 1;&#13;&#10;&#9;&#9;return true;&#13;&#10;&#9;}&#13;&#10;&#13;&#10;&#9;public boolean isLeap() {&#13;&#10;&#9;&#9;if (currentPos &gt;= 0&#13;&#10;&#9;&#9;&#9;&#9;&amp;&amp; (((currentPos % 4 == 0) &amp;&amp; (currentPos % 100 != 0)) || (currentPos % 400 == 0)))&#13;&#10;&#9;&#9;&#9;return true;&#13;&#10;&#9;&#9;else if (currentPos &lt; 0&#13;&#10;&#9;&#9;&#9;&#9;&amp;&amp; ((((currentPos * -1) % 4 == 1) &amp;&amp; ((currentPos * -1) % 100 != 1)) || ((currentPos * -1) % 400 == 1)))&#13;&#10;&#9;&#9;&#9;return true;&#13;&#10;&#9;&#9;return false;&#13;&#10;&#9;}&#13;&#10;&#13;&#10;&#9;protected boolean isValid() {&#13;&#10;&#9;&#9;if (this.currentPos != 0)&#13;&#10;&#9;&#9;&#9;return true;&#13;&#10;&#9;&#9;return false;&#13;&#10;&#9;}&#13;&#10;&#13;&#10;&#9;public boolean equals(Object o) {&#13;&#10;&#9;&#9;if (o instanceof Year) {&#13;&#10;&#9;&#9;&#9;if (this.currentPos == ((Year) o).currentPos)&#13;&#10;&#9;&#9;&#9;&#9;return true;&#13;&#10;&#9;&#9;}&#13;&#10;&#9;&#9;return false;&#13;&#10;&#9;}&#13;&#10;}&#13;&#10;" Filename="Year.java" Intrnl_Id="1"/>
<SrcFile Content="public class Month extends CalendarUnit {&#13;&#10;&#9;private Year y;&#13;&#10;&#9;private int[] sizeIndex = { 31, 28, 31, 30, 31, 30, 31, 31, 30, 31, 30, 31 };&#13;&#10;&#13;&#10;&#9;public Month(int pMonth, Year y) {&#13;&#10;&#9;&#9;setMonth(pMonth, y);&#13;&#10;&#9;}&#13;&#10;&#13;&#10;&#9;public void setMonth(int pMonth, Year y) {&#13;&#10;&#9;&#9;setCurrentPos(pMonth);&#13;&#10;&#9;&#9;this.y = y;&#13;&#10;&#9;&#9;if (!this.isValid()) {&#13;&#10;&#9;&#9;&#9;throw new IllegalArgumentException(&quot;Not a valid month&quot;);&#13;&#10;&#9;&#9;}&#13;&#10;&#9;}&#13;&#10;&#13;&#10;&#9;public int getMonth() {&#13;&#10;&#9;&#9;return currentPos;&#13;&#10;&#9;}&#13;&#10;&#13;&#10;&#9;public int getMonthSize() {&#13;&#10;&#9;&#9;if (y.isLeap())&#13;&#10;&#9;&#9;&#9;sizeIndex[1] = 29;&#13;&#10;&#9;&#9;else&#13;&#10;&#9;&#9;&#9;sizeIndex[1] = 28;&#13;&#10;&#9;&#9;return sizeIndex[currentPos - 1];&#13;&#10;&#9;}&#13;&#10;&#13;&#10;&#9;public boolean increment() {&#13;&#10;&#9;&#9;currentPos += 1;&#13;&#10;&#9;&#9;if (currentPos &gt; 12)&#13;&#10;&#9;&#9;&#9;return false;&#13;&#10;&#9;&#9;else&#13;&#10;&#9;&#9;&#9;return true;&#13;&#10;&#9;}&#13;&#10;&#13;&#10;&#9;public boolean isValid() {&#13;&#10;&#9;&#9;if (y != null &amp;&amp; y.isValid())&#13;&#10;&#9;&#9;&#9;if (this.currentPos &gt;= 1 &amp;&amp; this.currentPos &lt;= 12)&#13;&#10;&#9;&#9;&#9;&#9;return true;&#13;&#10;&#9;&#9;return false;&#13;&#10;&#13;&#10;&#9;}&#13;&#10;&#13;&#10;&#9;public boolean equals(Object o) {&#13;&#10;&#9;&#9;if (o instanceof Month) {&#13;&#10;&#9;&#9;&#9;if (this.currentPos == ((Month) o).currentPos&#13;&#10;&#9;&#9;&#9;&#9;&#9;&amp;&amp; this.y.equals(((Month) o).y))&#13;&#10;&#9;&#9;&#9;&#9;return true;&#13;&#10;&#9;&#9;}&#13;&#10;&#9;&#9;return false;&#13;&#10;&#9;}&#13;&#10;}&#13;&#10;" Filename="Month.java" Intrnl_Id="2"/>
<SrcFile Content="public class Day extends CalendarUnit {&#13;&#10;&#9;private Month m;&#13;&#10;&#13;&#10;&#9;public Day(int pDay, Month m) {&#13;&#10;&#9;&#9;setDay(pDay, m);&#13;&#10;&#9;}&#13;&#10;&#13;&#10;&#9;public boolean increment() {&#13;&#10;&#9;&#9;currentPos += 1;&#13;&#10;&#9;&#9;if (currentPos &lt;= m.getMonthSize())&#13;&#10;&#9;&#9;&#9;return true;&#13;&#10;&#9;&#9;else&#13;&#10;&#9;&#9;&#9;return false;&#13;&#10;&#9;}&#13;&#10;&#13;&#10;&#9;public void setDay(int pDay, Month m) {&#13;&#10;&#9;&#9;setCurrentPos(pDay);&#13;&#10;&#9;&#9;this.m = m;&#13;&#10;&#9;&#9;if (!this.isValid()) {&#13;&#10;&#9;&#9;&#9;throw new IllegalArgumentException(&quot;Not a valid day&quot;);&#13;&#10;&#9;&#9;}&#13;&#10;&#9;}&#13;&#10;&#13;&#10;&#9;public int getDay() {&#13;&#10;&#9;&#9;return currentPos;&#13;&#10;&#9;}&#13;&#10;&#13;&#10;&#9;public boolean isValid() {&#13;&#10;&#9;&#9;if (m != null &amp;&amp; m.isValid())&#13;&#10;&#9;&#9;&#9;if (this.currentPos &gt;= 1 &amp;&amp; this.currentPos &lt;= m.getMonthSize())&#13;&#10;&#9;&#9;&#9;&#9;return true;&#13;&#10;&#9;&#9;return false;&#13;&#10;&#13;&#10;&#9;}&#13;&#10;&#13;&#10;&#9;public boolean equals(Object o) {&#13;&#10;&#9;&#9;if (o instanceof Day) {&#13;&#10;&#9;&#9;&#9;if (this.currentPos == ((Day) o).currentPos&#13;&#10;&#9;&#9;&#9;&#9;&#9;&amp;&amp; this.m.equals(((Day) o).m))&#13;&#10;&#9;&#9;&#9;&#9;return true;&#13;&#10;&#9;&#9;}&#13;&#10;&#9;&#9;return false;&#13;&#10;&#9;}&#13;&#10;}&#13;&#10;" Filename="Day.java" Intrnl_Id="3"/>
<SrcFile Content="public class Date {&#13;&#10;&#9;private Day d;&#13;&#10;&#9;private Month m;&#13;&#10;&#9;private Year y;&#13;&#10;&#13;&#10;&#9;public Date(int pMonth, int pDay, int pYear) {&#13;&#10;&#9;&#9;y = new Year(pYear);&#13;&#10;&#9;&#9;m = new Month(pMonth, y);&#13;&#10;&#9;&#9;d = new Day(pDay, m);&#13;&#10;&#9;}&#13;&#10;&#13;&#10;&#9;public void increment() {&#13;&#10;&#9;&#9;if (!d.increment()) {&#13;&#10;&#9;&#9;&#9;if (!m.increment()) {&#13;&#10;&#9;&#9;&#9;&#9;y.increment();&#13;&#10;&#9;&#9;&#9;&#9;m.setMonth(1, y);&#13;&#10;&#9;&#9;&#9;}&#13;&#10;&#9;&#9;&#9;d.setDay(1, m);&#13;&#10;&#9;&#9;}&#13;&#10;&#9;}&#13;&#10;&#13;&#10;&#9;public void printDate() {&#13;&#10;&#9;&#9;System.out.println(m.getMonth() + &quot;/&quot; + d.getDay() + &quot;/&quot; + y.getYear());&#13;&#10;&#9;}&#13;&#10;&#13;&#10;&#9;public Day getDay() {&#13;&#10;&#9;&#9;return d;&#13;&#10;&#9;}&#13;&#10;&#13;&#10;&#9;public Month getMonth() {&#13;&#10;&#9;&#9;return m;&#13;&#10;&#9;}&#13;&#10;&#13;&#10;&#9;public Year getYear() {&#13;&#10;&#9;&#9;return y;&#13;&#10;&#9;}&#13;&#10;&#13;&#10;&#9;public boolean equals(Object o) {&#13;&#10;&#9;&#9;if (o instanceof Date) {&#13;&#10;&#9;&#9;&#9;if (this.y.equals(((Date) o).y) &amp;&amp; this.m.equals(((Date) o).m)&#13;&#10;&#9;&#9;&#9;&#9;&#9;&amp;&amp; this.d.equals(((Date) o).d))&#13;&#10;&#9;&#9;&#9;&#9;return true;&#13;&#10;&#9;&#9;}&#13;&#10;&#9;&#9;return false;&#13;&#10;&#9;}&#13;&#10;&#13;&#10;&#9;public String toString() {&#13;&#10;&#9;&#9;return (m.getMonth() + &quot;/&quot; + d.getDay() + &quot;/&quot; + y.getYear());&#13;&#10;&#9;}&#13;&#10;}&#13;&#10;" Filename="Date.java" Intrnl_Id="4"/>
<SrcFile Content="public abstract class CalendarUnit {&#13;&#10;&#9;protected int currentPos;&#13;&#10;&#13;&#10;&#9;protected void setCurrentPos(int pCurrentPos) {&#13;&#10;&#9;&#9;currentPos = pCurrentPos;&#13;&#10;&#9;}&#13;&#10;&#13;&#10;&#9;protected int getCurrentPos() {&#13;&#10;&#9;&#9;return currentPos;&#13;&#10;&#9;}&#13;&#10;&#13;&#10;&#9;protected abstract boolean increment();&#13;&#10;&#9;protected abstract boolean isValid();&#13;&#10;}&#13;&#10;" Filename="CalendarUnit.java" Intrnl_Id="5"/>
</SrcFileList>
<CritList>
<CritListEntry Name="org.codecover.model.utils.criteria.LoopCoverage" PluginName="org.codecover"/>
<CritListEntry Name="org.codecover.model.utils.criteria.BranchCoverage" PluginName="org.codecover"/>
<CritListEntry Name="org.codecover.model.utils.criteria.ConditionCoverage" PluginName="org.codecover"/>
<CritListEntry Name="org.codecover.model.utils.criteria.SynchronizedStatementCoverage" PluginName="org.codecover"/>
<CritListEntry Name="org.codecover.model.utils.criteria.QMOCoverage" PluginName="org.codecover"/>
<CritListEntry Name="org.codecover.model.utils.criteria.StatementCoverage" PluginName="org.codecover"/>
</CritList>
<BoolOpList>
<BoolOp Arity="1" Intrnl_Id="6" Name="not (!)">
<BoolAssgnmntBoolMapList>
<MapEntry BoolAssgnmnt="0" Value="true"/>
<MapEntry BoolAssgnmnt="1" Value="false"/>
</BoolAssgnmntBoolMapList>
</BoolOp>
<BoolOp Arity="2" Intrnl_Id="7" Name="conditional and (&amp;&amp;)">
<BoolAssgnmntBoolMapList>
<MapEntry BoolAssgnmnt="10" Value="false"/>
<MapEntry BoolAssgnmnt="02" Value="false"/>
<MapEntry BoolAssgnmnt="11" Value="true"/>
</BoolAssgnmntBoolMapList>
</BoolOp>
<BoolOp Arity="2" Intrnl_Id="8" Name="conditional or (||)">
<BoolAssgnmntBoolMapList>
<MapEntry BoolAssgnmnt="01" Value="true"/>
<MapEntry BoolAssgnmnt="00" Value="false"/>
<MapEntry BoolAssgnmnt="12" Value="true"/>
</BoolAssgnmntBoolMapList>
</BoolOp>
</BoolOpList>
<HierarchyLvlTypeList>
<HierarchyLvlType EnglishName="class" IntrnlName="class" Intrnl_Id="9"/>
<HierarchyLvlType EnglishName="method" IntrnlName="method" Intrnl_Id="10"/>
<HierarchyLvlType EnglishName="default package" IntrnlName="default package" Intrnl_Id="11"/>
</HierarchyLvlTypeList>
<MASTRoot>
<HierarchyLvl HierarchyLvlId="76" HierarchyLvlTypeId="11" Intrnl_Id="12" Name="default package">
<Header/>
<LocList/>
<HierarchyLvl HierarchyLvlId="46" HierarchyLvlTypeId="9" Intrnl_Id="13" Name="Year">
<Header>
<Loc EndOffset="38" SrcFileId="1" StartOffset="0"/>
</Header>
<LocList>
<Loc EndOffset="1028" SrcFileId="1" StartOffset="0"/>
</LocList>
<HierarchyLvl HierarchyLvlId="39" HierarchyLvlTypeId="10" Intrnl_Id="14" Name="Year">
<Header>
<Loc EndOffset="65" SrcFileId="1" StartOffset="43"/>
</Header>
<LocList>
<Loc EndOffset="90" SrcFileId="1" StartOffset="43"/>
</LocList>
<StmntSeq Intrnl_Id="15">
<LocList>
<Loc EndOffset="86" SrcFileId="1" StartOffset="71"/>
</LocList>
<BasicStmnt CovItemId="S1" CovItemPrefix="Year.java" Intrnl_Id="16">
<LocList>
<Loc EndOffset="86" SrcFileId="1" StartOffset="71"/>
</LocList>
</BasicStmnt>
</StmntSeq>
</HierarchyLvl>
<HierarchyLvl HierarchyLvlId="40" HierarchyLvlTypeId="10" Intrnl_Id="17" Name="setYear">
<Header>
<Loc EndOffset="125" SrcFileId="1" StartOffset="95"/>
</Header>
<LocList>
<Loc EndOffset="248" SrcFileId="1" StartOffset="95"/>
</LocList>
<StmntSeq Intrnl_Id="18">
<LocList>
<Loc EndOffset="152" SrcFileId="1" StartOffset="131"/>
<Loc EndOffset="244" SrcFileId="1" StartOffset="156"/>
</LocList>
<BasicStmnt CovItemId="S2" CovItemPrefix="Year.java" Intrnl_Id="19">
<LocList>
<Loc EndOffset="152" SrcFileId="1" StartOffset="131"/>
</LocList>
</BasicStmnt>
<CondStmnt CovItemId="S3" CovItemPrefix="Year.java" Intrnl_Id="20">
<Branch CovItemId="B1" CovItemPrefix="Year.java" Implct="false" Intrnl_Id="21">
<Cond/>
<LocList>
<Loc EndOffset="244" SrcFileId="1" StartOffset="177"/>
</LocList>
<StmntSeq Intrnl_Id="22">
<LocList>
<Loc EndOffset="239" SrcFileId="1" StartOffset="183"/>
</LocList>
<BasicStmnt CovItemId="S4" CovItemPrefix="Year.java" Intrnl_Id="23">
<LocList>
<Loc EndOffset="239" SrcFileId="1" StartOffset="183"/>
</LocList>
</BasicStmnt>
</StmntSeq>
</Branch>
<Branch CovItemId="B2" CovItemPrefix="Year.java" Implct="true" Intrnl_Id="24">
<Cond/>
<LocList/>
<StmntSeq Intrnl_Id="25">
<LocList/>
</StmntSeq>
</Branch>
<Keyword EndOffset="158" SrcFileId="1" StartOffset="156"/>
<LocList>
<Loc EndOffset="244" SrcFileId="1" StartOffset="156"/>
</LocList>
<RootTerm CovItemId="C1" CovItemPrefix="Year.java" Intrnl_Id="26">
<OpTerm BooleanOpId="6" Intrnl_Id="27">
<BasicBoolTerm Intrnl_Id="28">
<LocList>
<Loc EndOffset="175" SrcFileId="1" StartOffset="161"/>
</LocList>
</BasicBoolTerm>
<LocList>
<Loc EndOffset="161" SrcFileId="1" StartOffset="160"/>
</LocList>
</OpTerm>
</RootTerm>
</CondStmnt>
</StmntSeq>
</HierarchyLvl>
<HierarchyLvl HierarchyLvlId="41" HierarchyLvlTypeId="10" Intrnl_Id="29" Name="getYear">
<Header>
<Loc EndOffset="273" SrcFileId="1" StartOffset="253"/>
</Header>
<LocList>
<Loc EndOffset="301" SrcFileId="1" StartOffset="253"/>
</LocList>
<StmntSeq Intrnl_Id="30">
<LocList>
<Loc EndOffset="297" SrcFileId="1" StartOffset="279"/>
</LocList>
<BasicStmnt CovItemId="S5" CovItemPrefix="Year.java" Intrnl_Id="31">
<LocList>
<Loc EndOffset="297" SrcFileId="1" StartOffset="279"/>
</LocList>
</BasicStmnt>
</StmntSeq>
</HierarchyLvl>
<HierarchyLvl HierarchyLvlId="42" HierarchyLvlTypeId="10" Intrnl_Id="32" Name="increment">
<Header>
<Loc EndOffset="332" SrcFileId="1" StartOffset="306"/>
</Header>
<LocList>
<Loc EndOffset="430" SrcFileId="1" StartOffset="306"/>
</LocList>
<StmntSeq Intrnl_Id="33">
<LocList>
<Loc EndOffset="366" SrcFileId="1" StartOffset="338"/>
<Loc EndOffset="410" SrcFileId="1" StartOffset="370"/>
<Loc EndOffset="426" SrcFileId="1" StartOffset="414"/>
</LocList>
<BasicStmnt CovItemId="S6" CovItemPrefix="Year.java" Intrnl_Id="34">
<LocList>
<Loc EndOffset="366" SrcFileId="1" StartOffset="338"/>
</LocList>
</BasicStmnt>
<CondStmnt CovItemId="S7" CovItemPrefix="Year.java" Intrnl_Id="35">
<Branch CovItemId="B3" CovItemPrefix="Year.java" Implct="false" Intrnl_Id="36">
<Cond/>
<LocList>
<Loc EndOffset="410" SrcFileId="1" StartOffset="395"/>
</LocList>
<StmntSeq Intrnl_Id="37">
<LocList>
<Loc EndOffset="410" SrcFileId="1" StartOffset="395"/>
</LocList>
<BasicStmnt CovItemId="S8" CovItemPrefix="Year.java" Intrnl_Id="38">
<LocList>
<Loc EndOffset="410" SrcFileId="1" StartOffset="395"/>
</LocList>
</BasicStmnt>
</StmntSeq>
</Branch>
<Branch CovItemId="B4" CovItemPrefix="Year.java" Implct="true" Intrnl_Id="39">
<Cond/>
<LocList/>
<StmntSeq Intrnl_Id="40">
<LocList/>
</StmntSeq>
</Branch>
<Keyword EndOffset="372" SrcFileId="1" StartOffset="370"/>
<LocList>
<Loc EndOffset="410" SrcFileId="1" StartOffset="370"/>
</LocList>
<RootTerm CovItemId="C2" CovItemPrefix="Year.java" Intrnl_Id="41">
<BasicBoolTerm Intrnl_Id="42">
<LocList>
<Loc EndOffset="389" SrcFileId="1" StartOffset="374"/>
</LocList>
</BasicBoolTerm>
</RootTerm>
</CondStmnt>
<BasicStmnt CovItemId="S9" CovItemPrefix="Year.java" Intrnl_Id="43">
<LocList>
<Loc EndOffset="426" SrcFileId="1" StartOffset="414"/>
</LocList>
</BasicStmnt>
</StmntSeq>
</HierarchyLvl>
<HierarchyLvl HierarchyLvlId="43" HierarchyLvlTypeId="10" Intrnl_Id="44" Name="isLeap">
<Header>
<Loc EndOffset="458" SrcFileId="1" StartOffset="435"/>
</Header>
<LocList>
<Loc EndOffset="764" SrcFileId="1" StartOffset="435"/>
</LocList>
<StmntSeq Intrnl_Id="45">
<LocList>
<Loc EndOffset="743" SrcFileId="1" StartOffset="464"/>
<Loc EndOffset="760" SrcFileId="1" StartOffset="747"/>
</LocList>
<CondStmnt CovItemId="S10" CovItemPrefix="Year.java" Intrnl_Id="46">
<Branch CovItemId="B5" CovItemPrefix="Year.java" Implct="false" Intrnl_Id="47">
<Cond/>
<LocList>
<Loc EndOffset="589" SrcFileId="1" StartOffset="577"/>
</LocList>
<StmntSeq Intrnl_Id="48">
<LocList>
<Loc EndOffset="589" SrcFileId="1" StartOffset="577"/>
</LocList>
<BasicStmnt CovItemId="S11" CovItemPrefix="Year.java" Intrnl_Id="49">
<LocList>
<Loc EndOffset="589" SrcFileId="1" StartOffset="577"/>
</LocList>
</BasicStmnt>
</StmntSeq>
</Branch>
<Branch CovItemId="B6" CovItemPrefix="Year.java" Implct="false" Intrnl_Id="50">
<Cond>
<Loc EndOffset="597" SrcFileId="1" StartOffset="593"/>
</Cond>
<LocList>
<Loc EndOffset="743" SrcFileId="1" StartOffset="598"/>
</LocList>
<StmntSeq Intrnl_Id="51">
<LocList>
<Loc EndOffset="743" SrcFileId="1" StartOffset="598"/>
</LocList>
<CondStmnt CovItemId="S12" CovItemPrefix="Year.java" Intrnl_Id="52">
<Branch CovItemId="B7" CovItemPrefix="Year.java" Implct="false" Intrnl_Id="53">
<Cond/>
<LocList>
<Loc EndOffset="743" SrcFileId="1" StartOffset="731"/>
</LocList>
<StmntSeq Intrnl_Id="54">
<LocList>
<Loc EndOffset="743" SrcFileId="1" StartOffset="731"/>
</LocList>
<BasicStmnt CovItemId="S13" CovItemPrefix="Year.java" Intrnl_Id="55">
<LocList>
<Loc EndOffset="743" SrcFileId="1" StartOffset="731"/>
</LocList>
</BasicStmnt>
</StmntSeq>
</Branch>
<Branch CovItemId="B8" CovItemPrefix="Year.java" Implct="true" Intrnl_Id="56">
<Cond/>
<LocList/>
<StmntSeq Intrnl_Id="57">
<LocList/>
</StmntSeq>
</Branch>
<Keyword EndOffset="600" SrcFileId="1" StartOffset="598"/>
<LocList>
<Loc EndOffset="743" SrcFileId="1" StartOffset="598"/>
</LocList>
<RootTerm CovItemId="C4" CovItemPrefix="Year.java" Intrnl_Id="58">
<OpTerm BooleanOpId="7" Intrnl_Id="59">
<BasicBoolTerm Intrnl_Id="60">
<LocList>
<Loc EndOffset="616" SrcFileId="1" StartOffset="602"/>
</LocList>
</BasicBoolTerm>
<OpTerm BooleanOpId="8" Intrnl_Id="61">
<OpTerm BooleanOpId="7" Intrnl_Id="62">
<BasicBoolTerm Intrnl_Id="63">
<LocList>
<Loc EndOffset="654" SrcFileId="1" StartOffset="628"/>
</LocList>
</BasicBoolTerm>
<BasicBoolTerm Intrnl_Id="64">
<LocList>
<Loc EndOffset="688" SrcFileId="1" StartOffset="660"/>
</LocList>
</BasicBoolTerm>
<LocList>
<Loc EndOffset="658" SrcFileId="1" StartOffset="656"/>
</LocList>
</OpTerm>
<BasicBoolTerm Intrnl_Id="65">
<LocList>
<Loc EndOffset="723" SrcFileId="1" StartOffset="695"/>
</LocList>
</BasicBoolTerm>
<LocList>
<Loc EndOffset="693" SrcFileId="1" StartOffset="691"/>
</LocList>
</OpTerm>
<LocList>
<Loc EndOffset="624" SrcFileId="1" StartOffset="622"/>
</LocList>
</OpTerm>
</RootTerm>
</CondStmnt>
</StmntSeq>
</Branch>
<Keyword EndOffset="466" SrcFileId="1" StartOffset="464"/>
<LocList>
<Loc EndOffset="743" SrcFileId="1" StartOffset="464"/>
</LocList>
<RootTerm CovItemId="C3" CovItemPrefix="Year.java" Intrnl_Id="66">
<OpTerm BooleanOpId="7" Intrnl_Id="67">
<BasicBoolTerm Intrnl_Id="68">
<LocList>
<Loc EndOffset="483" SrcFileId="1" StartOffset="468"/>
</LocList>
</BasicBoolTerm>
<OpTerm BooleanOpId="8" Intrnl_Id="69">
<OpTerm BooleanOpId="7" Intrnl_Id="70">
<BasicBoolTerm Intrnl_Id="71">
<LocList>
<Loc EndOffset="514" SrcFileId="1" StartOffset="495"/>
</LocList>
</BasicBoolTerm>
<BasicBoolTerm Intrnl_Id="72">
<LocList>
<Loc EndOffset="541" SrcFileId="1" StartOffset="520"/>
</LocList>
</BasicBoolTerm>
<LocList>
<Loc EndOffset="518" SrcFileId="1" StartOffset="516"/>
</LocList>
</OpTerm>
<BasicBoolTerm Intrnl_Id="73">
<LocList>
<Loc EndOffset="569" SrcFileId="1" StartOffset="548"/>
</LocList>
</BasicBoolTerm>
<LocList>
<Loc EndOffset="546" SrcFileId="1" StartOffset="544"/>
</LocList>
</OpTerm>
<LocList>
<Loc EndOffset="491" SrcFileId="1" StartOffset="489"/>
</LocList>
</OpTerm>
</RootTerm>
</CondStmnt>
<BasicStmnt CovItemId="S14" CovItemPrefix="Year.java" Intrnl_Id="74">
<LocList>
<Loc EndOffset="760" SrcFileId="1" StartOffset="747"/>
</LocList>
</BasicStmnt>
</StmntSeq>
</HierarchyLvl>
<HierarchyLvl HierarchyLvlId="44" HierarchyLvlTypeId="10" Intrnl_Id="75" Name="isValid">
<Header>
<Loc EndOffset="796" SrcFileId="1" StartOffset="769"/>
</Header>
<LocList>
<Loc EndOffset="865" SrcFileId="1" StartOffset="769"/>
</LocList>
<StmntSeq Intrnl_Id="76">
<LocList>
<Loc EndOffset="844" SrcFileId="1" StartOffset="802"/>
<Loc EndOffset="861" SrcFileId="1" StartOffset="848"/>
</LocList>
<CondStmnt CovItemId="S15" CovItemPrefix="Year.java" Intrnl_Id="77">
<Branch CovItemId="B9" CovItemPrefix="Year.java" Implct="false" Intrnl_Id="78">
<Cond/>
<LocList>
<Loc EndOffset="844" SrcFileId="1" StartOffset="832"/>
</LocList>
<StmntSeq Intrnl_Id="79">
<LocList>
<Loc EndOffset="844" SrcFileId="1" StartOffset="832"/>
</LocList>
<BasicStmnt CovItemId="S16" CovItemPrefix="Year.java" Intrnl_Id="80">
<LocList>
<Loc EndOffset="844" SrcFileId="1" StartOffset="832"/>
</LocList>
</BasicStmnt>
</StmntSeq>
</Branch>
<Branch CovItemId="B10" CovItemPrefix="Year.java" Implct="true" Intrnl_Id="81">
<Cond/>
<LocList/>
<StmntSeq Intrnl_Id="82">
<LocList/>
</StmntSeq>
</Branch>
<Keyword EndOffset="804" SrcFileId="1" StartOffset="802"/>
<LocList>
<Loc EndOffset="844" SrcFileId="1" StartOffset="802"/>
</LocList>
<RootTerm CovItemId="C5" CovItemPrefix="Year.java" Intrnl_Id="83">
<BasicBoolTerm Intrnl_Id="84">
<LocList>
<Loc EndOffset="826" SrcFileId="1" StartOffset="806"/>
</LocList>
</BasicBoolTerm>
</RootTerm>
</CondStmnt>
<BasicStmnt CovItemId="S17" CovItemPrefix="Year.java" Intrnl_Id="85">
<LocList>
<Loc EndOffset="861" SrcFileId="1" StartOffset="848"/>
</LocList>
</BasicStmnt>
</StmntSeq>
</HierarchyLvl>
<HierarchyLvl HierarchyLvlId="45" HierarchyLvlTypeId="10" Intrnl_Id="86" Name="equals">
<Header>
<Loc EndOffset="901" SrcFileId="1" StartOffset="870"/>
</Header>
<LocList>
<Loc EndOffset="1025" SrcFileId="1" StartOffset="870"/>
</LocList>
<StmntSeq Intrnl_Id="87">
<LocList>
<Loc EndOffset="1004" SrcFileId="1" StartOffset="907"/>
<Loc EndOffset="1021" SrcFileId="1" StartOffset="1008"/>
</LocList>
<CondStmnt CovItemId="S18" CovItemPrefix="Year.java" Intrnl_Id="88">
<Branch CovItemId="B11" CovItemPrefix="Year.java" Implct="false" Intrnl_Id="89">
<Cond/>
<LocList>
<Loc EndOffset="1004" SrcFileId="1" StartOffset="930"/>
</LocList>
<StmntSeq Intrnl_Id="90">
<LocList>
<Loc EndOffset="999" SrcFileId="1" StartOffset="936"/>
</LocList>
<CondStmnt CovItemId="S19" CovItemPrefix="Year.java" Intrnl_Id="91">
<Branch CovItemId="B13" CovItemPrefix="Year.java" Implct="false" Intrnl_Id="92">
<Cond/>
<LocList>
<Loc EndOffset="999" SrcFileId="1" StartOffset="987"/>
</LocList>
<StmntSeq Intrnl_Id="93">
<LocList>
<Loc EndOffset="999" SrcFileId="1" StartOffset="987"/>
</LocList>
<BasicStmnt CovItemId="S20" CovItemPrefix="Year.java" Intrnl_Id="94">
<LocList>
<Loc EndOffset="999" SrcFileId="1" StartOffset="987"/>
</LocList>
</BasicStmnt>
</StmntSeq>
</Branch>
<Branch CovItemId="B14" CovItemPrefix="Year.java" Implct="true" Intrnl_Id="95">
<Cond/>
<LocList/>
<StmntSeq Intrnl_Id="96">
<LocList/>
</StmntSeq>
</Branch>
<Keyword EndOffset="938" SrcFileId="1" StartOffset="936"/>
<LocList>
<Loc EndOffset="999" SrcFileId="1" StartOffset="936"/>
</LocList>
<RootTerm CovItemId="C7" CovItemPrefix="Year.java" Intrnl_Id="97">
<BasicBoolTerm Intrnl_Id="98">
<LocList>
<Loc EndOffset="980" SrcFileId="1" StartOffset="940"/>
</LocList>
</BasicBoolTerm>
</RootTerm>
</CondStmnt>
</StmntSeq>
</Branch>
<Branch CovItemId="B12" CovItemPrefix="Year.java" Implct="true" Intrnl_Id="99">
<Cond/>
<LocList/>
<StmntSeq Intrnl_Id="100">
<LocList/>
</StmntSeq>
</Branch>
<Keyword EndOffset="909" SrcFileId="1" StartOffset="907"/>
<LocList>
<Loc EndOffset="1004" SrcFileId="1" StartOffset="907"/>
</LocList>
<RootTerm CovItemId="C6" CovItemPrefix="Year.java" Intrnl_Id="101">
<BasicBoolTerm Intrnl_Id="102">
<LocList>
<Loc EndOffset="928" SrcFileId="1" StartOffset="911"/>
</LocList>
</BasicBoolTerm>
</RootTerm>
</CondStmnt>
<BasicStmnt CovItemId="S21" CovItemPrefix="Year.java" Intrnl_Id="103">
<LocList>
<Loc EndOffset="1021" SrcFileId="1" StartOffset="1008"/>
</LocList>
</BasicStmnt>
</StmntSeq>
</HierarchyLvl>
</HierarchyLvl>
<HierarchyLvl HierarchyLvlId="54" HierarchyLvlTypeId="9" Intrnl_Id="104" Name="Month">
<Header>
<Loc EndOffset="39" SrcFileId="2" StartOffset="0"/>
</Header>
<LocList>
<Loc EndOffset="1077" SrcFileId="2" StartOffset="0"/>
</LocList>
<StmntSeq Intrnl_Id="105">
<LocList>
<Loc EndOffset="139" SrcFileId="2" StartOffset="62"/>
</LocList>
<BasicStmnt CovItemId="S1" CovItemPrefix="Month.java" Intrnl_Id="106">
<LocList>
<Loc EndOffset="139" SrcFileId="2" StartOffset="62"/>
</LocList>
</BasicStmnt>
</StmntSeq>
<HierarchyLvl HierarchyLvlId="47" HierarchyLvlTypeId="10" Intrnl_Id="107" Name="Month">
<Header>
<Loc EndOffset="176" SrcFileId="2" StartOffset="144"/>
</Header>
<LocList>
<Loc EndOffset="206" SrcFileId="2" StartOffset="144"/>
</LocList>
<StmntSeq Intrnl_Id="108">
<LocList>
<Loc EndOffset="202" SrcFileId="2" StartOffset="182"/>
</LocList>
<BasicStmnt CovItemId="S2" CovItemPrefix="Month.java" Intrnl_Id="109">
<LocList>
<Loc EndOffset="202" SrcFileId="2" StartOffset="182"/>
</LocList>
</BasicStmnt>
</StmntSeq>
</HierarchyLvl>
<HierarchyLvl HierarchyLvlId="48" HierarchyLvlTypeId="10" Intrnl_Id="110" Name="setMonth">
<Header>
<Loc EndOffset="251" SrcFileId="2" StartOffset="211"/>
</Header>
<LocList>
<Loc EndOffset="390" SrcFileId="2" StartOffset="211"/>
</LocList>
<StmntSeq Intrnl_Id="111">
<LocList>
<Loc EndOffset="279" SrcFileId="2" StartOffset="257"/>
<Loc EndOffset="294" SrcFileId="2" StartOffset="283"/>
<Loc EndOffset="386" SrcFileId="2" StartOffset="298"/>
</LocList>
<BasicStmnt CovItemId="S3" CovItemPrefix="Month.java" Intrnl_Id="112">
<LocList>
<Loc EndOffset="279" SrcFileId="2" StartOffset="257"/>
</LocList>
</BasicStmnt>
<BasicStmnt CovItemId="S4" CovItemPrefix="Month.java" Intrnl_Id="113">
<LocList>
<Loc EndOffset="294" SrcFileId="2" StartOffset="283"/>
</LocList>
</BasicStmnt>
<CondStmnt CovItemId="S5" CovItemPrefix="Month.java" Intrnl_Id="114">
<Branch CovItemId="B1" CovItemPrefix="Month.java" Implct="false" Intrnl_Id="115">
<Cond/>
<LocList>
<Loc EndOffset="386" SrcFileId="2" StartOffset="319"/>
</LocList>
<StmntSeq Intrnl_Id="116">
<LocList>
<Loc EndOffset="381" SrcFileId="2" StartOffset="325"/>
</LocList>
<BasicStmnt CovItemId="S6" CovItemPrefix="Month.java" Intrnl_Id="117">
<LocList>
<Loc EndOffset="381" SrcFileId="2" StartOffset="325"/>
</LocList>
</BasicStmnt>
</StmntSeq>
</Branch>
<Branch CovItemId="B2" CovItemPrefix="Month.java" Implct="true" Intrnl_Id="118">
<Cond/>
<LocList/>
<StmntSeq Intrnl_Id="119">
<LocList/>
</StmntSeq>
</Branch>
<Keyword EndOffset="300" SrcFileId="2" StartOffset="298"/>
<LocList>
<Loc EndOffset="386" SrcFileId="2" StartOffset="298"/>
</LocList>
<RootTerm CovItemId="C1" CovItemPrefix="Month.java" Intrnl_Id="120">
<OpTerm BooleanOpId="6" Intrnl_Id="121">
<BasicBoolTerm Intrnl_Id="122">
<LocList>
<Loc EndOffset="317" SrcFileId="2" StartOffset="303"/>
</LocList>
</BasicBoolTerm>
<LocList>
<Loc EndOffset="303" SrcFileId="2" StartOffset="302"/>
</LocList>
</OpTerm>
</RootTerm>
</CondStmnt>
</StmntSeq>
</HierarchyLvl>
<HierarchyLvl HierarchyLvlId="49" HierarchyLvlTypeId="10" Intrnl_Id="123" Name="getMonth">
<Header>
<Loc EndOffset="416" SrcFileId="2" StartOffset="395"/>
</Header>
<LocList>
<Loc EndOffset="444" SrcFileId="2" StartOffset="395"/>
</LocList>
<StmntSeq Intrnl_Id="124">
<LocList>
<Loc EndOffset="440" SrcFileId="2" StartOffset="422"/>
</LocList>
<BasicStmnt CovItemId="S7" CovItemPrefix="Month.java" Intrnl_Id="125">
<LocList>
<Loc EndOffset="440" SrcFileId="2" StartOffset="422"/>
</LocList>
</BasicStmnt>
</StmntSeq>
</HierarchyLvl>
<HierarchyLvl HierarchyLvlId="50" HierarchyLvlTypeId="10" Intrnl_Id="126" Name="getMonthSize">
<Header>
<Loc EndOffset="474" SrcFileId="2" StartOffset="449"/>
</Header>
<LocList>
<Loc EndOffset="590" SrcFileId="2" StartOffset="449"/>
</LocList>
<StmntSeq Intrnl_Id="127">
<LocList>
<Loc EndOffset="549" SrcFileId="2" StartOffset="480"/>
<Loc EndOffset="586" SrcFileId="2" StartOffset="553"/>
</LocList>
<CondStmnt CovItemId="S8" CovItemPrefix="Month.java" Intrnl_Id="128">
<Branch CovItemId="B3" CovItemPrefix="Month.java" Implct="false" Intrnl_Id="129">
<Cond/>
<LocList>
<Loc EndOffset="518" SrcFileId="2" StartOffset="500"/>
</LocList>
<StmntSeq Intrnl_Id="130">
<LocList>
<Loc EndOffset="518" SrcFileId="2" StartOffset="500"/>
</LocList>
<BasicStmnt CovItemId="S9" CovItemPrefix="Month.java" Intrnl_Id="131">
<LocList>
<Loc EndOffset="518" SrcFileId="2" StartOffset="500"/>
</LocList>
</BasicStmnt>
</StmntSeq>
</Branch>
<Branch CovItemId="B4" CovItemPrefix="Month.java" Implct="false" Intrnl_Id="132">
<Cond>
<Loc EndOffset="526" SrcFileId="2" StartOffset="522"/>
</Cond>
<LocList>
<Loc EndOffset="549" SrcFileId="2" StartOffset="531"/>
</LocList>
<StmntSeq Intrnl_Id="133">
<LocList>
<Loc EndOffset="549" SrcFileId="2" StartOffset="531"/>
</LocList>
<BasicStmnt CovItemId="S10" CovItemPrefix="Month.java" Intrnl_Id="134">
<LocList>
<Loc EndOffset="549" SrcFileId="2" StartOffset="531"/>
</LocList>
</BasicStmnt>
</StmntSeq>
</Branch>
<Keyword EndOffset="482" SrcFileId="2" StartOffset="480"/>
<LocList>
<Loc EndOffset="549" SrcFileId="2" StartOffset="480"/>
</LocList>
<RootTerm CovItemId="C2" CovItemPrefix="Month.java" Intrnl_Id="135">
<BasicBoolTerm Intrnl_Id="136">
<LocList>
<Loc EndOffset="494" SrcFileId="2" StartOffset="484"/>
</LocList>
</BasicBoolTerm>
</RootTerm>
</CondStmnt>
<BasicStmnt CovItemId="S11" CovItemPrefix="Month.java" Intrnl_Id="137">
<LocList>
<Loc EndOffset="586" SrcFileId="2" StartOffset="553"/>
</LocList>
</BasicStmnt>
</StmntSeq>
</HierarchyLvl>
<HierarchyLvl HierarchyLvlId="51" HierarchyLvlTypeId="10" Intrnl_Id="138" Name="increment">
<Header>
<Loc EndOffset="621" SrcFileId="2" StartOffset="595"/>
</Header>
<LocList>
<Loc EndOffset="714" SrcFileId="2" StartOffset="595"/>
</LocList>
<StmntSeq Intrnl_Id="139">
<LocList>
<Loc EndOffset="643" SrcFileId="2" StartOffset="627"/>
<Loc EndOffset="710" SrcFileId="2" StartOffset="647"/>
</LocList>
<BasicStmnt CovItemId="S12" CovItemPrefix="Month.java" Intrnl_Id="140">
<LocList>
<Loc EndOffset="643" SrcFileId="2" StartOffset="627"/>
</LocList>
</BasicStmnt>
<CondStmnt CovItemId="S13" CovItemPrefix="Month.java" Intrnl_Id="141">
<Branch CovItemId="B5" CovItemPrefix="Month.java" Implct="false" Intrnl_Id="142">
<Cond/>
<LocList>
<Loc EndOffset="685" SrcFileId="2" StartOffset="672"/>
</LocList>
<StmntSeq Intrnl_Id="143">
<LocList>
<Loc EndOffset="685" SrcFileId="2" StartOffset="672"/>
</LocList>
<BasicStmnt CovItemId="S14" CovItemPrefix="Month.java" Intrnl_Id="144">
<LocList>
<Loc EndOffset="685" SrcFileId="2" StartOffset="672"/>
</LocList>
</BasicStmnt>
</StmntSeq>
</Branch>
<Branch CovItemId="B6" CovItemPrefix="Month.java" Implct="false" Intrnl_Id="145">
<Cond>
<Loc EndOffset="693" SrcFileId="2" StartOffset="689"/>
</Cond>
<LocList>
<Loc EndOffset="710" SrcFileId="2" StartOffset="698"/>
</LocList>
<StmntSeq Intrnl_Id="146">
<LocList>
<Loc EndOffset="710" SrcFileId="2" StartOffset="698"/>
</LocList>
<BasicStmnt CovItemId="S15" CovItemPrefix="Month.java" Intrnl_Id="147">
<LocList>
<Loc EndOffset="710" SrcFileId="2" StartOffset="698"/>
</LocList>
</BasicStmnt>
</StmntSeq>
</Branch>
<Keyword EndOffset="649" SrcFileId="2" StartOffset="647"/>
<LocList>
<Loc EndOffset="710" SrcFileId="2" StartOffset="647"/>
</LocList>
<RootTerm CovItemId="C3" CovItemPrefix="Month.java" Intrnl_Id="148">
<BasicBoolTerm Intrnl_Id="149">
<LocList>
<Loc EndOffset="666" SrcFileId="2" StartOffset="651"/>
</LocList>
</BasicBoolTerm>
</RootTerm>
</CondStmnt>
</StmntSeq>
</HierarchyLvl>
<HierarchyLvl HierarchyLvlId="52" HierarchyLvlTypeId="10" Intrnl_Id="150" Name="isValid">
<Header>
<Loc EndOffset="743" SrcFileId="2" StartOffset="719"/>
</Header>
<LocList>
<Loc EndOffset="874" SrcFileId="2" StartOffset="719"/>
</LocList>
<StmntSeq Intrnl_Id="151">
<LocList>
<Loc EndOffset="851" SrcFileId="2" StartOffset="749"/>
<Loc EndOffset="868" SrcFileId="2" StartOffset="855"/>
</LocList>
<CondStmnt CovItemId="S16" CovItemPrefix="Month.java" Intrnl_Id="152">
<Branch CovItemId="B7" CovItemPrefix="Month.java" Implct="false" Intrnl_Id="153">
<Cond/>
<LocList>
<Loc EndOffset="851" SrcFileId="2" StartOffset="783"/>
</LocList>
<StmntSeq Intrnl_Id="154">
<LocList>
<Loc EndOffset="851" SrcFileId="2" StartOffset="783"/>
</LocList>
<CondStmnt CovItemId="S17" CovItemPrefix="Month.java" Intrnl_Id="155">
<Branch CovItemId="B9" CovItemPrefix="Month.java" Implct="false" Intrnl_Id="156">
<Cond/>
<LocList>
<Loc EndOffset="851" SrcFileId="2" StartOffset="839"/>
</LocList>
<StmntSeq Intrnl_Id="157">
<LocList>
<Loc EndOffset="851" SrcFileId="2" StartOffset="839"/>
</LocList>
<BasicStmnt CovItemId="S18" CovItemPrefix="Month.java" Intrnl_Id="158">
<LocList>
<Loc EndOffset="851" SrcFileId="2" StartOffset="839"/>
</LocList>
</BasicStmnt>
</StmntSeq>
</Branch>
<Branch CovItemId="B10" CovItemPrefix="Month.java" Implct="true" Intrnl_Id="159">
<Cond/>
<LocList/>
<StmntSeq Intrnl_Id="160">
<LocList/>
</StmntSeq>
</Branch>
<Keyword EndOffset="785" SrcFileId="2" StartOffset="783"/>
<LocList>
<Loc EndOffset="851" SrcFileId="2" StartOffset="783"/>
</LocList>
<RootTerm CovItemId="C5" CovItemPrefix="Month.java" Intrnl_Id="161">
<OpTerm BooleanOpId="7" Intrnl_Id="162">
<BasicBoolTerm Intrnl_Id="163">
<LocList>
<Loc EndOffset="807" SrcFileId="2" StartOffset="787"/>
</LocList>
</BasicBoolTerm>
<BasicBoolTerm Intrnl_Id="164">
<LocList>
<Loc EndOffset="832" SrcFileId="2" StartOffset="811"/>
</LocList>
</BasicBoolTerm>
<LocList>
<Loc EndOffset="810" SrcFileId="2" StartOffset="808"/>
</LocList>
</OpTerm>
</RootTerm>
</CondStmnt>
</StmntSeq>
</Branch>
<Branch CovItemId="B8" CovItemPrefix="Month.java" Implct="true" Intrnl_Id="165">
<Cond/>
<LocList/>
<StmntSeq Intrnl_Id="166">
<LocList/>
</StmntSeq>
</Branch>
<Keyword EndOffset="751" SrcFileId="2" StartOffset="749"/>
<LocList>
<Loc EndOffset="851" SrcFileId="2" StartOffset="749"/>
</LocList>
<RootTerm CovItemId="C4" CovItemPrefix="Month.java" Intrnl_Id="167">
<OpTerm BooleanOpId="7" Intrnl_Id="168">
<BasicBoolTerm Intrnl_Id="169">
<LocList>
<Loc EndOffset="762" SrcFileId="2" StartOffset="753"/>
</LocList>
</BasicBoolTerm>
<BasicBoolTerm Intrnl_Id="170">
<LocList>
<Loc EndOffset="777" SrcFileId="2" StartOffset="766"/>
</LocList>
</BasicBoolTerm>
<LocList>
<Loc EndOffset="765" SrcFileId="2" StartOffset="763"/>
</LocList>
</OpTerm>
</RootTerm>
</CondStmnt>
<BasicStmnt CovItemId="S19" CovItemPrefix="Month.java" Intrnl_Id="171">
<LocList>
<Loc EndOffset="868" SrcFileId="2" StartOffset="855"/>
</LocList>
</BasicStmnt>
</StmntSeq>
</HierarchyLvl>
<HierarchyLvl HierarchyLvlId="53" HierarchyLvlTypeId="10" Intrnl_Id="172" Name="equals">
<Header>
<Loc EndOffset="910" SrcFileId="2" StartOffset="879"/>
</Header>
<LocList>
<Loc EndOffset="1074" SrcFileId="2" StartOffset="879"/>
</LocList>
<StmntSeq Intrnl_Id="173">
<LocList>
<Loc EndOffset="1053" SrcFileId="2" StartOffset="916"/>
<Loc EndOffset="1070" SrcFileId="2" StartOffset="1057"/>
</LocList>
<CondStmnt CovItemId="S20" CovItemPrefix="Month.java" Intrnl_Id="174">
<Branch CovItemId="B11" CovItemPrefix="Month.java" Implct="false" Intrnl_Id="175">
<Cond/>
<LocList>
<Loc EndOffset="1053" SrcFileId="2" StartOffset="940"/>
</LocList>
<StmntSeq Intrnl_Id="176">
<LocList>
<Loc EndOffset="1048" SrcFileId="2" StartOffset="946"/>
</LocList>
<CondStmnt CovItemId="S21" CovItemPrefix="Month.java" Intrnl_Id="177">
<Branch CovItemId="B13" CovItemPrefix="Month.java" Implct="false" Intrnl_Id="178">
<Cond/>
<LocList>
<Loc EndOffset="1048" SrcFileId="2" StartOffset="1036"/>
</LocList>
<StmntSeq Intrnl_Id="179">
<LocList>
<Loc EndOffset="1048" SrcFileId="2" StartOffset="1036"/>
</LocList>
<BasicStmnt CovItemId="S22" CovItemPrefix="Month.java" Intrnl_Id="180">
<LocList>
<Loc EndOffset="1048" SrcFileId="2" StartOffset="1036"/>
</LocList>
</BasicStmnt>
</StmntSeq>
</Branch>
<Branch CovItemId="B14" CovItemPrefix="Month.java" Implct="true" Intrnl_Id="181">
<Cond/>
<LocList/>
<StmntSeq Intrnl_Id="182">
<LocList/>
</StmntSeq>
</Branch>
<Keyword EndOffset="948" SrcFileId="2" StartOffset="946"/>
<LocList>
<Loc EndOffset="1048" SrcFileId="2" StartOffset="946"/>
</LocList>
<RootTerm CovItemId="C7" CovItemPrefix="Month.java" Intrnl_Id="183">
<OpTerm BooleanOpId="7" Intrnl_Id="184">
<BasicBoolTerm Intrnl_Id="185">
<LocList>
<Loc EndOffset="991" SrcFileId="2" StartOffset="950"/>
</LocList>
</BasicBoolTerm>
<BasicBoolTerm Intrnl_Id="186">
<LocList>
<Loc EndOffset="1029" SrcFileId="2" StartOffset="1001"/>
</LocList>
</BasicBoolTerm>
<LocList>
<Loc EndOffset="1000" SrcFileId="2" StartOffset="998"/>
</LocList>
</OpTerm>
</RootTerm>
</CondStmnt>
</StmntSeq>
</Branch>
<Branch CovItemId="B12" CovItemPrefix="Month.java" Implct="true" Intrnl_Id="187">
<Cond/>
<LocList/>
<StmntSeq Intrnl_Id="188">
<LocList/>
</StmntSeq>
</Branch>
<Keyword EndOffset="918" SrcFileId="2" StartOffset="916"/>
<LocList>
<Loc EndOffset="1053" SrcFileId="2" StartOffset="916"/>
</LocList>
<RootTerm CovItemId="C6" CovItemPrefix="Month.java" Intrnl_Id="189">
<BasicBoolTerm Intrnl_Id="190">
<LocList>
<Loc EndOffset="938" SrcFileId="2" StartOffset="920"/>
</LocList>
</BasicBoolTerm>
</RootTerm>
</CondStmnt>
<BasicStmnt CovItemId="S23" CovItemPrefix="Month.java" Intrnl_Id="191">
<LocList>
<Loc EndOffset="1070" SrcFileId="2" StartOffset="1057"/>
</LocList>
</BasicStmnt>
</StmntSeq>
</HierarchyLvl>
</HierarchyLvl>
<HierarchyLvl HierarchyLvlId="61" HierarchyLvlTypeId="9" Intrnl_Id="192" Name="Day">
<Header>
<Loc EndOffset="37" SrcFileId="3" StartOffset="0"/>
</Header>
<LocList>
<Loc EndOffset="857" SrcFileId="3" StartOffset="0"/>
</LocList>
<HierarchyLvl HierarchyLvlId="55" HierarchyLvlTypeId="10" Intrnl_Id="193" Name="Day">
<Header>
<Loc EndOffset="92" SrcFileId="3" StartOffset="63"/>
</Header>
<LocList>
<Loc EndOffset="118" SrcFileId="3" StartOffset="63"/>
</LocList>
<StmntSeq Intrnl_Id="194">
<LocList>
<Loc EndOffset="114" SrcFileId="3" StartOffset="98"/>
</LocList>
<BasicStmnt CovItemId="S1" CovItemPrefix="Day.java" Intrnl_Id="195">
<LocList>
<Loc EndOffset="114" SrcFileId="3" StartOffset="98"/>
</LocList>
</BasicStmnt>
</StmntSeq>
</HierarchyLvl>
<HierarchyLvl HierarchyLvlId="56" HierarchyLvlTypeId="10" Intrnl_Id="196" Name="increment">
<Header>
<Loc EndOffset="149" SrcFileId="3" StartOffset="123"/>
</Header>
<LocList>
<Loc EndOffset="257" SrcFileId="3" StartOffset="123"/>
</LocList>
<StmntSeq Intrnl_Id="197">
<LocList>
<Loc EndOffset="171" SrcFileId="3" StartOffset="155"/>
<Loc EndOffset="253" SrcFileId="3" StartOffset="175"/>
</LocList>
<BasicStmnt CovItemId="S2" CovItemPrefix="Day.java" Intrnl_Id="198">
<LocList>
<Loc EndOffset="171" SrcFileId="3" StartOffset="155"/>
</LocList>
</BasicStmnt>
<CondStmnt CovItemId="S3" CovItemPrefix="Day.java" Intrnl_Id="199">
<Branch CovItemId="B1" CovItemPrefix="Day.java" Implct="false" Intrnl_Id="200">
<Cond/>
<LocList>
<Loc EndOffset="227" SrcFileId="3" StartOffset="215"/>
</LocList>
<StmntSeq Intrnl_Id="201">
<LocList>
<Loc EndOffset="227" SrcFileId="3" StartOffset="215"/>
</LocList>
<BasicStmnt CovItemId="S4" CovItemPrefix="Day.java" Intrnl_Id="202">
<LocList>
<Loc EndOffset="227" SrcFileId="3" StartOffset="215"/>
</LocList>
</BasicStmnt>
</StmntSeq>
</Branch>
<Branch CovItemId="B2" CovItemPrefix="Day.java" Implct="false" Intrnl_Id="203">
<Cond>
<Loc EndOffset="235" SrcFileId="3" StartOffset="231"/>
</Cond>
<LocList>
<Loc EndOffset="253" SrcFileId="3" StartOffset="240"/>
</LocList>
<StmntSeq Intrnl_Id="204">
<LocList>
<Loc EndOffset="253" SrcFileId="3" StartOffset="240"/>
</LocList>
<BasicStmnt CovItemId="S5" CovItemPrefix="Day.java" Intrnl_Id="205">
<LocList>
<Loc EndOffset="253" SrcFileId="3" StartOffset="240"/>
</LocList>
</BasicStmnt>
</StmntSeq>
</Branch>
<Keyword EndOffset="177" SrcFileId="3" StartOffset="175"/>
<LocList>
<Loc EndOffset="253" SrcFileId="3" StartOffset="175"/>
</LocList>
<RootTerm CovItemId="C1" CovItemPrefix="Day.java" Intrnl_Id="206">
<BasicBoolTerm Intrnl_Id="207">
<LocList>
<Loc EndOffset="209" SrcFileId="3" StartOffset="179"/>
</LocList>
</BasicBoolTerm>
</RootTerm>
</CondStmnt>
</StmntSeq>
</HierarchyLvl>
<HierarchyLvl HierarchyLvlId="57" HierarchyLvlTypeId="10" Intrnl_Id="208" Name="setDay">
<Header>
<Loc EndOffset="299" SrcFileId="3" StartOffset="262"/>
</Header>
<LocList>
<Loc EndOffset="434" SrcFileId="3" StartOffset="262"/>
</LocList>
<StmntSeq Intrnl_Id="209">
<LocList>
<Loc EndOffset="325" SrcFileId="3" StartOffset="305"/>
<Loc EndOffset="340" SrcFileId="3" StartOffset="329"/>
<Loc EndOffset="430" SrcFileId="3" StartOffset="344"/>
</LocList>
<BasicStmnt CovItemId="S6" CovItemPrefix="Day.java" Intrnl_Id="210">
<LocList>
<Loc EndOffset="325" SrcFileId="3" StartOffset="305"/>
</LocList>
</BasicStmnt>
<BasicStmnt CovItemId="S7" CovItemPrefix="Day.java" Intrnl_Id="211">
<LocList>
<Loc EndOffset="340" SrcFileId="3" StartOffset="329"/>
</LocList>
</BasicStmnt>
<CondStmnt CovItemId="S8" CovItemPrefix="Day.java" Intrnl_Id="212">
<Branch CovItemId="B3" CovItemPrefix="Day.java" Implct="false" Intrnl_Id="213">
<Cond/>
<LocList>
<Loc EndOffset="430" SrcFileId="3" StartOffset="365"/>
</LocList>
<StmntSeq Intrnl_Id="214">
<LocList>
<Loc EndOffset="425" SrcFileId="3" StartOffset="371"/>
</LocList>
<BasicStmnt CovItemId="S9" CovItemPrefix="Day.java" Intrnl_Id="215">
<LocList>
<Loc EndOffset="425" SrcFileId="3" StartOffset="371"/>
</LocList>
</BasicStmnt>
</StmntSeq>
</Branch>
<Branch CovItemId="B4" CovItemPrefix="Day.java" Implct="true" Intrnl_Id="216">
<Cond/>
<LocList/>
<StmntSeq Intrnl_Id="217">
<LocList/>
</StmntSeq>
</Branch>
<Keyword EndOffset="346" SrcFileId="3" StartOffset="344"/>
<LocList>
<Loc EndOffset="430" SrcFileId="3" StartOffset="344"/>
</LocList>
<RootTerm CovItemId="C2" CovItemPrefix="Day.java" Intrnl_Id="218">
<OpTerm BooleanOpId="6" Intrnl_Id="219">
<BasicBoolTerm Intrnl_Id="220">
<LocList>
<Loc EndOffset="363" SrcFileId="3" StartOffset="349"/>
</LocList>
</BasicBoolTerm>
<LocList>
<Loc EndOffset="349" SrcFileId="3" StartOffset="348"/>
</LocList>
</OpTerm>
</RootTerm>
</CondStmnt>
</StmntSeq>
</HierarchyLvl>
<HierarchyLvl HierarchyLvlId="58" HierarchyLvlTypeId="10" Intrnl_Id="221" Name="getDay">
<Header>
<Loc EndOffset="458" SrcFileId="3" StartOffset="439"/>
</Header>
<LocList>
<Loc EndOffset="486" SrcFileId="3" StartOffset="439"/>
</LocList>
<StmntSeq Intrnl_Id="222">
<LocList>
<Loc EndOffset="482" SrcFileId="3" StartOffset="464"/>
</LocList>
<BasicStmnt CovItemId="S10" CovItemPrefix="Day.java" Intrnl_Id="223">
<LocList>
<Loc EndOffset="482" SrcFileId="3" StartOffset="464"/>
</LocList>
</BasicStmnt>
</StmntSeq>
</HierarchyLvl>
<HierarchyLvl HierarchyLvlId="59" HierarchyLvlTypeId="10" Intrnl_Id="224" Name="isValid">
<Header>
<Loc EndOffset="515" SrcFileId="3" StartOffset="491"/>
</Header>
<LocList>
<Loc EndOffset="660" SrcFileId="3" StartOffset="491"/>
</LocList>
<StmntSeq Intrnl_Id="225">
<LocList>
<Loc EndOffset="637" SrcFileId="3" StartOffset="521"/>
<Loc EndOffset="654" SrcFileId="3" StartOffset="641"/>
</LocList>
<CondStmnt CovItemId="S11" CovItemPrefix="Day.java" Intrnl_Id="226">
<Branch CovItemId="B5" CovItemPrefix="Day.java" Implct="false" Intrnl_Id="227">
<Cond/>
<LocList>
<Loc EndOffset="637" SrcFileId="3" StartOffset="555"/>
</LocList>
<StmntSeq Intrnl_Id="228">
<LocList>
<Loc EndOffset="637" SrcFileId="3" StartOffset="555"/>
</LocList>
<CondStmnt CovItemId="S12" CovItemPrefix="Day.java" Intrnl_Id="229">
<Branch CovItemId="B7" CovItemPrefix="Day.java" Implct="false" Intrnl_Id="230">
<Cond/>
<LocList>
<Loc EndOffset="637" SrcFileId="3" StartOffset="625"/>
</LocList>
<StmntSeq Intrnl_Id="231">
<LocList>
<Loc EndOffset="637" SrcFileId="3" StartOffset="625"/>
</LocList>
<BasicStmnt CovItemId="S13" CovItemPrefix="Day.java" Intrnl_Id="232">
<LocList>
<Loc EndOffset="637" SrcFileId="3" StartOffset="625"/>
</LocList>
</BasicStmnt>
</StmntSeq>
</Branch>
<Branch CovItemId="B8" CovItemPrefix="Day.java" Implct="true" Intrnl_Id="233">
<Cond/>
<LocList/>
<StmntSeq Intrnl_Id="234">
<LocList/>
</StmntSeq>
</Branch>
<Keyword EndOffset="557" SrcFileId="3" StartOffset="555"/>
<LocList>
<Loc EndOffset="637" SrcFileId="3" StartOffset="555"/>
</LocList>
<RootTerm CovItemId="C4" CovItemPrefix="Day.java" Intrnl_Id="235">
<OpTerm BooleanOpId="7" Intrnl_Id="236">
<BasicBoolTerm Intrnl_Id="237">
<LocList>
<Loc EndOffset="579" SrcFileId="3" StartOffset="559"/>
</LocList>
</BasicBoolTerm>
<BasicBoolTerm Intrnl_Id="238">
<LocList>
<Loc EndOffset="618" SrcFileId="3" StartOffset="583"/>
</LocList>
</BasicBoolTerm>
<LocList>
<Loc EndOffset="582" SrcFileId="3" StartOffset="580"/>
</LocList>
</OpTerm>
</RootTerm>
</CondStmnt>
</StmntSeq>
</Branch>
<Branch CovItemId="B6" CovItemPrefix="Day.java" Implct="true" Intrnl_Id="239">
<Cond/>
<LocList/>
<StmntSeq Intrnl_Id="240">
<LocList/>
</StmntSeq>
</Branch>
<Keyword EndOffset="523" SrcFileId="3" StartOffset="521"/>
<LocList>
<Loc EndOffset="637" SrcFileId="3" StartOffset="521"/>
</LocList>
<RootTerm CovItemId="C3" CovItemPrefix="Day.java" Intrnl_Id="241">
<OpTerm BooleanOpId="7" Intrnl_Id="242">
<BasicBoolTerm Intrnl_Id="243">
<LocList>
<Loc EndOffset="534" SrcFileId="3" StartOffset="525"/>
</LocList>
</BasicBoolTerm>
<BasicBoolTerm Intrnl_Id="244">
<LocList>
<Loc EndOffset="549" SrcFileId="3" StartOffset="538"/>
</LocList>
</BasicBoolTerm>
<LocList>
<Loc EndOffset="537" SrcFileId="3" StartOffset="535"/>
</LocList>
</OpTerm>
</RootTerm>
</CondStmnt>
<BasicStmnt CovItemId="S14" CovItemPrefix="Day.java" Intrnl_Id="245">
<LocList>
<Loc EndOffset="654" SrcFileId="3" StartOffset="641"/>
</LocList>
</BasicStmnt>
</StmntSeq>
</HierarchyLvl>
<HierarchyLvl HierarchyLvlId="60" HierarchyLvlTypeId="10" Intrnl_Id="246" Name="equals">
<Header>
<Loc EndOffset="696" SrcFileId="3" StartOffset="665"/>
</Header>
<LocList>
<Loc EndOffset="854" SrcFileId="3" StartOffset="665"/>
</LocList>
<StmntSeq Intrnl_Id="247">
<LocList>
<Loc EndOffset="833" SrcFileId="3" StartOffset="702"/>
<Loc EndOffset="850" SrcFileId="3" StartOffset="837"/>
</LocList>
<CondStmnt CovItemId="S15" CovItemPrefix="Day.java" Intrnl_Id="248">
<Branch CovItemId="B9" CovItemPrefix="Day.java" Implct="false" Intrnl_Id="249">
<Cond/>
<LocList>
<Loc EndOffset="833" SrcFileId="3" StartOffset="724"/>
</LocList>
<StmntSeq Intrnl_Id="250">
<LocList>
<Loc EndOffset="828" SrcFileId="3" StartOffset="730"/>
</LocList>
<CondStmnt CovItemId="S16" CovItemPrefix="Day.java" Intrnl_Id="251">
<Branch CovItemId="B11" CovItemPrefix="Day.java" Implct="false" Intrnl_Id="252">
<Cond/>
<LocList>
<Loc EndOffset="828" SrcFileId="3" StartOffset="816"/>
</LocList>
<StmntSeq Intrnl_Id="253">
<LocList>
<Loc EndOffset="828" SrcFileId="3" StartOffset="816"/>
</LocList>
<BasicStmnt CovItemId="S17" CovItemPrefix="Day.java" Intrnl_Id="254">
<LocList>
<Loc EndOffset="828" SrcFileId="3" StartOffset="816"/>
</LocList>
</BasicStmnt>
</StmntSeq>
</Branch>
<Branch CovItemId="B12" CovItemPrefix="Day.java" Implct="true" Intrnl_Id="255">
<Cond/>
<LocList/>
<StmntSeq Intrnl_Id="256">
<LocList/>
</StmntSeq>
</Branch>
<Keyword EndOffset="732" SrcFileId="3" StartOffset="730"/>
<LocList>
<Loc EndOffset="828" SrcFileId="3" StartOffset="730"/>
</LocList>
<RootTerm CovItemId="C6" CovItemPrefix="Day.java" Intrnl_Id="257">
<OpTerm BooleanOpId="7" Intrnl_Id="258">
<BasicBoolTerm Intrnl_Id="259">
<LocList>
<Loc EndOffset="773" SrcFileId="3" StartOffset="734"/>
</LocList>
</BasicBoolTerm>
<BasicBoolTerm Intrnl_Id="260">
<LocList>
<Loc EndOffset="809" SrcFileId="3" StartOffset="783"/>
</LocList>
</BasicBoolTerm>
<LocList>
<Loc EndOffset="782" SrcFileId="3" StartOffset="780"/>
</LocList>
</OpTerm>
</RootTerm>
</CondStmnt>
</StmntSeq>
</Branch>
<Branch CovItemId="B10" CovItemPrefix="Day.java" Implct="true" Intrnl_Id="261">
<Cond/>
<LocList/>
<StmntSeq Intrnl_Id="262">
<LocList/>
</StmntSeq>
</Branch>
<Keyword EndOffset="704" SrcFileId="3" StartOffset="702"/>
<LocList>
<Loc EndOffset="833" SrcFileId="3" StartOffset="702"/>
</LocList>
<RootTerm CovItemId="C5" CovItemPrefix="Day.java" Intrnl_Id="263">
<BasicBoolTerm Intrnl_Id="264">
<LocList>
<Loc EndOffset="722" SrcFileId="3" StartOffset="706"/>
</LocList>
</BasicBoolTerm>
</RootTerm>
</CondStmnt>
<BasicStmnt CovItemId="S18" CovItemPrefix="Day.java" Intrnl_Id="265">
<LocList>
<Loc EndOffset="850" SrcFileId="3" StartOffset="837"/>
</LocList>
</BasicStmnt>
</StmntSeq>
</HierarchyLvl>
</HierarchyLvl>
<HierarchyLvl HierarchyLvlId="70" HierarchyLvlTypeId="9" Intrnl_Id="266" Name="Date">
<Header>
<Loc EndOffset="17" SrcFileId="4" StartOffset="0"/>
</Header>
<LocList>
<Loc EndOffset="928" SrcFileId="4" StartOffset="0"/>
</LocList>
<HierarchyLvl HierarchyLvlId="62" HierarchyLvlTypeId="10" Intrnl_Id="267" Name="Date">
<Header>
<Loc EndOffset="122" SrcFileId="4" StartOffset="78"/>
</Header>
<LocList>
<Loc EndOffset="206" SrcFileId="4" StartOffset="78"/>
</LocList>
<StmntSeq Intrnl_Id="268">
<LocList>
<Loc EndOffset="148" SrcFileId="4" StartOffset="128"/>
<Loc EndOffset="177" SrcFileId="4" StartOffset="152"/>
<Loc EndOffset="202" SrcFileId="4" StartOffset="181"/>
</LocList>
<BasicStmnt CovItemId="S1" CovItemPrefix="Date.java" Intrnl_Id="269">
<LocList>
<Loc EndOffset="148" SrcFileId="4" StartOffset="128"/>
</LocList>
</BasicStmnt>
<BasicStmnt CovItemId="S2" CovItemPrefix="Date.java" Intrnl_Id="270">
<LocList>
<Loc EndOffset="177" SrcFileId="4" StartOffset="152"/>
</LocList>
</BasicStmnt>
<BasicStmnt CovItemId="S3" CovItemPrefix="Date.java" Intrnl_Id="271">
<LocList>
<Loc EndOffset="202" SrcFileId="4" StartOffset="181"/>
</LocList>
</BasicStmnt>
</StmntSeq>
</HierarchyLvl>
<HierarchyLvl HierarchyLvlId="63" HierarchyLvlTypeId="10" Intrnl_Id="272" Name="increment">
<Header>
<Loc EndOffset="234" SrcFileId="4" StartOffset="211"/>
</Header>
<LocList>
<Loc EndOffset="365" SrcFileId="4" StartOffset="211"/>
</LocList>
<StmntSeq Intrnl_Id="273">
<LocList>
<Loc EndOffset="361" SrcFileId="4" StartOffset="240"/>
</LocList>
<CondStmnt CovItemId="S4" CovItemPrefix="Date.java" Intrnl_Id="274">
<Branch CovItemId="B1" CovItemPrefix="Date.java" Implct="false" Intrnl_Id="275">
<Cond/>
<LocList>
<Loc EndOffset="361" SrcFileId="4" StartOffset="260"/>
</LocList>
<StmntSeq Intrnl_Id="276">
<LocList>
<Loc EndOffset="336" SrcFileId="4" StartOffset="266"/>
<Loc EndOffset="356" SrcFileId="4" StartOffset="341"/>
</LocList>
<CondStmnt CovItemId="S5" CovItemPrefix="Date.java" Intrnl_Id="277">
<Branch CovItemId="B3" CovItemPrefix="Date.java" Implct="false" Intrnl_Id="278">
<Cond/>
<LocList>
<Loc EndOffset="336" SrcFileId="4" StartOffset="286"/>
</LocList>
<StmntSeq Intrnl_Id="279">
<LocList>
<Loc EndOffset="307" SrcFileId="4" StartOffset="293"/>
<Loc EndOffset="330" SrcFileId="4" StartOffset="313"/>
</LocList>
<BasicStmnt CovItemId="S6" CovItemPrefix="Date.java" Intrnl_Id="280">
<LocList>
<Loc EndOffset="307" SrcFileId="4" StartOffset="293"/>
</LocList>
</BasicStmnt>
<BasicStmnt CovItemId="S7" CovItemPrefix="Date.java" Intrnl_Id="281">
<LocList>
<Loc EndOffset="330" SrcFileId="4" StartOffset="313"/>
</LocList>
</BasicStmnt>
</StmntSeq>
</Branch>
<Branch CovItemId="B4" CovItemPrefix="Date.java" Implct="true" Intrnl_Id="282">
<Cond/>
<LocList/>
<StmntSeq Intrnl_Id="283">
<LocList/>
</StmntSeq>
</Branch>
<Keyword EndOffset="268" SrcFileId="4" StartOffset="266"/>
<LocList>
<Loc EndOffset="336" SrcFileId="4" StartOffset="266"/>
</LocList>
<RootTerm CovItemId="C2" CovItemPrefix="Date.java" Intrnl_Id="284">
<OpTerm BooleanOpId="6" Intrnl_Id="285">
<BasicBoolTerm Intrnl_Id="286">
<LocList>
<Loc EndOffset="284" SrcFileId="4" StartOffset="271"/>
</LocList>
</BasicBoolTerm>
<LocList>
<Loc EndOffset="271" SrcFileId="4" StartOffset="270"/>
</LocList>
</OpTerm>
</RootTerm>
</CondStmnt>
<BasicStmnt CovItemId="S8" CovItemPrefix="Date.java" Intrnl_Id="287">
<LocList>
<Loc EndOffset="356" SrcFileId="4" StartOffset="341"/>
</LocList>
</BasicStmnt>
</StmntSeq>
</Branch>
<Branch CovItemId="B2" CovItemPrefix="Date.java" Implct="true" Intrnl_Id="288">
<Cond/>
<LocList/>
<StmntSeq Intrnl_Id="289">
<LocList/>
</StmntSeq>
</Branch>
<Keyword EndOffset="242" SrcFileId="4" StartOffset="240"/>
<LocList>
<Loc EndOffset="361" SrcFileId="4" StartOffset="240"/>
</LocList>
<RootTerm CovItemId="C1" CovItemPrefix="Date.java" Intrnl_Id="290">
<OpTerm BooleanOpId="6" Intrnl_Id="291">
<BasicBoolTerm Intrnl_Id="292">
<LocList>
<Loc EndOffset="258" SrcFileId="4" StartOffset="245"/>
</LocList>
</BasicBoolTerm>
<LocList>
<Loc EndOffset="245" SrcFileId="4" StartOffset="244"/>
</LocList>
</OpTerm>
</RootTerm>
</CondStmnt>
</StmntSeq>
</HierarchyLvl>
<HierarchyLvl HierarchyLvlId="64" HierarchyLvlTypeId="10" Intrnl_Id="293" Name="printDate">
<Header>
<Loc EndOffset="393" SrcFileId="4" StartOffset="370"/>
</Header>
<LocList>
<Loc EndOffset="475" SrcFileId="4" StartOffset="370"/>
</LocList>
<StmntSeq Intrnl_Id="294">
<LocList>
<Loc EndOffset="471" SrcFileId="4" StartOffset="399"/>
</LocList>
<BasicStmnt CovItemId="S9" CovItemPrefix="Date.java" Intrnl_Id="295">
<LocList>
<Loc EndOffset="471" SrcFileId="4" StartOffset="399"/>
</LocList>
</BasicStmnt>
</StmntSeq>
</HierarchyLvl>
<HierarchyLvl HierarchyLvlId="65" HierarchyLvlTypeId="10" Intrnl_Id="296" Name="getDay">
<Header>
<Loc EndOffset="499" SrcFileId="4" StartOffset="480"/>
</Header>
<LocList>
<Loc EndOffset="518" SrcFileId="4" StartOffset="480"/>
</LocList>
<StmntSeq Intrnl_Id="297">
<LocList>
<Loc EndOffset="514" SrcFileId="4" StartOffset="505"/>
</LocList>
<BasicStmnt CovItemId="S10" CovItemPrefix="Date.java" Intrnl_Id="298">
<LocList>
<Loc EndOffset="514" SrcFileId="4" StartOffset="505"/>
</LocList>
</BasicStmnt>
</StmntSeq>
</HierarchyLvl>
<HierarchyLvl HierarchyLvlId="66" HierarchyLvlTypeId="10" Intrnl_Id="299" Name="getMonth">
<Header>
<Loc EndOffset="546" SrcFileId="4" StartOffset="523"/>
</Header>
<LocList>
<Loc EndOffset="565" SrcFileId="4" StartOffset="523"/>
</LocList>
<StmntSeq Intrnl_Id="300">
<LocList>
<Loc EndOffset="561" SrcFileId="4" StartOffset="552"/>
</LocList>
<BasicStmnt CovItemId="S11" CovItemPrefix="Date.java" Intrnl_Id="301">
<LocList>
<Loc EndOffset="561" SrcFileId="4" StartOffset="552"/>
</LocList>
</BasicStmnt>
</StmntSeq>
</HierarchyLvl>
<HierarchyLvl HierarchyLvlId="67" HierarchyLvlTypeId="10" Intrnl_Id="302" Name="getYear">
<Header>
<Loc EndOffset="591" SrcFileId="4" StartOffset="570"/>
</Header>
<LocList>
<Loc EndOffset="610" SrcFileId="4" StartOffset="570"/>
</LocList>
<StmntSeq Intrnl_Id="303">
<LocList>
<Loc EndOffset="606" SrcFileId="4" StartOffset="597"/>
</LocList>
<BasicStmnt CovItemId="S12" CovItemPrefix="Date.java" Intrnl_Id="304">
<LocList>
<Loc EndOffset="606" SrcFileId="4" StartOffset="597"/>
</LocList>
</BasicStmnt>
</StmntSeq>
</HierarchyLvl>
<HierarchyLvl HierarchyLvlId="68" HierarchyLvlTypeId="10" Intrnl_Id="305" Name="equals">
<Header>
<Loc EndOffset="646" SrcFileId="4" StartOffset="615"/>
</Header>
<LocList>
<Loc EndOffset="825" SrcFileId="4" StartOffset="615"/>
</LocList>
<StmntSeq Intrnl_Id="306">
<LocList>
<Loc EndOffset="804" SrcFileId="4" StartOffset="652"/>
<Loc EndOffset="821" SrcFileId="4" StartOffset="808"/>
</LocList>
<CondStmnt CovItemId="S13" CovItemPrefix="Date.java" Intrnl_Id="307">
<Branch CovItemId="B5" CovItemPrefix="Date.java" Implct="false" Intrnl_Id="308">
<Cond/>
<LocList>
<Loc EndOffset="804" SrcFileId="4" StartOffset="675"/>
</LocList>
<StmntSeq Intrnl_Id="309">
<LocList>
<Loc EndOffset="799" SrcFileId="4" StartOffset="681"/>
</LocList>
<CondStmnt CovItemId="S14" CovItemPrefix="Date.java" Intrnl_Id="310">
<Branch CovItemId="B7" CovItemPrefix="Date.java" Implct="false" Intrnl_Id="311">
<Cond/>
<LocList>
<Loc EndOffset="799" SrcFileId="4" StartOffset="787"/>
</LocList>
<StmntSeq Intrnl_Id="312">
<LocList>
<Loc EndOffset="799" SrcFileId="4" StartOffset="787"/>
</LocList>
<BasicStmnt CovItemId="S15" CovItemPrefix="Date.java" Intrnl_Id="313">
<LocList>
<Loc EndOffset="799" SrcFileId="4" StartOffset="787"/>
</LocList>
</BasicStmnt>
</StmntSeq>
</Branch>
<Branch CovItemId="B8" CovItemPrefix="Date.java" Implct="true" Intrnl_Id="314">
<Cond/>
<LocList/>
<StmntSeq Intrnl_Id="315">
<LocList/>
</StmntSeq>
</Branch>
<Keyword EndOffset="683" SrcFileId="4" StartOffset="681"/>
<LocList>
<Loc EndOffset="799" SrcFileId="4" StartOffset="681"/>
</LocList>
<RootTerm CovItemId="C4" CovItemPrefix="Date.java" Intrnl_Id="316">
<OpTerm BooleanOpId="7" Intrnl_Id="317">
<OpTerm BooleanOpId="7" Intrnl_Id="318">
<BasicBoolTerm Intrnl_Id="319">
<LocList>
<Loc EndOffset="712" SrcFileId="4" StartOffset="685"/>
</LocList>
</BasicBoolTerm>
<BasicBoolTerm Intrnl_Id="320">
<LocList>
<Loc EndOffset="743" SrcFileId="4" StartOffset="716"/>
</LocList>
</BasicBoolTerm>
<LocList>
<Loc EndOffset="715" SrcFileId="4" StartOffset="713"/>
</LocList>
</OpTerm>
<BasicBoolTerm Intrnl_Id="321">
<LocList>
<Loc EndOffset="780" SrcFileId="4" StartOffset="753"/>
</LocList>
</BasicBoolTerm>
<LocList>
<Loc EndOffset="752" SrcFileId="4" StartOffset="750"/>
</LocList>
</OpTerm>
</RootTerm>
</CondStmnt>
</StmntSeq>
</Branch>
<Branch CovItemId="B6" CovItemPrefix="Date.java" Implct="true" Intrnl_Id="322">
<Cond/>
<LocList/>
<StmntSeq Intrnl_Id="323">
<LocList/>
</StmntSeq>
</Branch>
<Keyword EndOffset="654" SrcFileId="4" StartOffset="652"/>
<LocList>
<Loc EndOffset="804" SrcFileId="4" StartOffset="652"/>
</LocList>
<RootTerm CovItemId="C3" CovItemPrefix="Date.java" Intrnl_Id="324">
<BasicBoolTerm Intrnl_Id="325">
<LocList>
<Loc EndOffset="673" SrcFileId="4" StartOffset="656"/>
</LocList>
</BasicBoolTerm>
</RootTerm>
</CondStmnt>
<BasicStmnt CovItemId="S16" CovItemPrefix="Date.java" Intrnl_Id="326">
<LocList>
<Loc EndOffset="821" SrcFileId="4" StartOffset="808"/>
</LocList>
</BasicStmnt>
</StmntSeq>
</HierarchyLvl>
<HierarchyLvl HierarchyLvlId="69" HierarchyLvlTypeId="10" Intrnl_Id="327" Name="toString">
<Header>
<Loc EndOffset="854" SrcFileId="4" StartOffset="830"/>
</Header>
<LocList>
<Loc EndOffset="925" SrcFileId="4" StartOffset="830"/>
</LocList>
<StmntSeq Intrnl_Id="328">
<LocList>
<Loc EndOffset="921" SrcFileId="4" StartOffset="860"/>
</LocList>
<BasicStmnt CovItemId="S17" CovItemPrefix="Date.java" Intrnl_Id="329">
<LocList>
<Loc EndOffset="921" SrcFileId="4" StartOffset="860"/>
</LocList>
</BasicStmnt>
</StmntSeq>
</HierarchyLvl>
</HierarchyLvl>
<HierarchyLvl HierarchyLvlId="75" HierarchyLvlTypeId="9" Intrnl_Id="330" Name="CalendarUnit">
<Header>
<Loc EndOffset="34" SrcFileId="5" StartOffset="0"/>
</Header>
<LocList>
<Loc EndOffset="298" SrcFileId="5" StartOffset="0"/>
</LocList>
<HierarchyLvl HierarchyLvlId="71" HierarchyLvlTypeId="10" Intrnl_Id="331" Name="setCurrentPos">
<Header>
<Loc EndOffset="114" SrcFileId="5" StartOffset="69"/>
</Header>
<LocList>
<Loc EndOffset="149" SrcFileId="5" StartOffset="69"/>
</LocList>
<StmntSeq Intrnl_Id="332">
<LocList>
<Loc EndOffset="145" SrcFileId="5" StartOffset="120"/>
</LocList>
<BasicStmnt CovItemId="S1" CovItemPrefix="CalendarUnit.java" Intrnl_Id="333">
<LocList>
<Loc EndOffset="145" SrcFileId="5" StartOffset="120"/>
</LocList>
</BasicStmnt>
</StmntSeq>
</HierarchyLvl>
<HierarchyLvl HierarchyLvlId="72" HierarchyLvlTypeId="10" Intrnl_Id="334" Name="getCurrentPos">
<Header>
<Loc EndOffset="183" SrcFileId="5" StartOffset="154"/>
</Header>
<LocList>
<Loc EndOffset="211" SrcFileId="5" StartOffset="154"/>
</LocList>
<StmntSeq Intrnl_Id="335">
<LocList>
<Loc EndOffset="207" SrcFileId="5" StartOffset="189"/>
</LocList>
<BasicStmnt CovItemId="S2" CovItemPrefix="CalendarUnit.java" Intrnl_Id="336">
<LocList>
<Loc EndOffset="207" SrcFileId="5" StartOffset="189"/>
</LocList>
</BasicStmnt>
</StmntSeq>
</HierarchyLvl>
<HierarchyLvl HierarchyLvlId="73" HierarchyLvlTypeId="10" Intrnl_Id="337" Name="increment">
<Header>
<Loc EndOffset="254" SrcFileId="5" StartOffset="216"/>
</Header>
<LocList>
<Loc EndOffset="255" SrcFileId="5" StartOffset="216"/>
</LocList>
</HierarchyLvl>
<HierarchyLvl HierarchyLvlId="74" HierarchyLvlTypeId="10" Intrnl_Id="338" Name="isValid">
<Header>
<Loc EndOffset="294" SrcFileId="5" StartOffset="258"/>
</Header>
<LocList>
<Loc EndOffset="295" SrcFileId="5" StartOffset="258"/>
</LocList>
</HierarchyLvl>
</HierarchyLvl>
</HierarchyLvl>
</MASTRoot>
</TestSessionContainer>
